Module location: jar:file:/D:/Users/yongchengchen/.m2/repository/com/google/gwt/gwt-user/2.5.0/gwt-user-2.5.0.jar!/com/google/gwt/user/User.gwt.xml
Loading inherited module 'com.google.gwt.animation.Animation'
   Module location: jar:file:/D:/Users/yongchengchen/.m2/repository/com/google/gwt/gwt-user/2.5.0/gwt-user-2.5.0.jar!/com/google/gwt/animation/Animation.gwt.xml
   Loading inherited module 'com.google.gwt.core.Core'
      Module location: jar:file:/D:/Users/yongchengchen/.m2/repository/com/google/gwt/gwt-user/2.5.0/gwt-user-2.5.0.jar!/com/google/gwt/core/Core.gwt.xml
      Loading inherited module 'com.google.gwt.dev.jjs.intrinsic.Intrinsic'
         Module location: jar:file:/C:/Program%20Files/gwt-2.0.0/gwt-dev.jar!/com/google/gwt/dev/jjs/intrinsic/Intrinsic.gwt.xml
         Loading inherited module 'com.google.gwt.lang.LongLib'
            Module location: jar:file:/C:/Program%20Files/gwt-2.0.0/gwt-dev.jar!/com/google/gwt/lang/LongLib.gwt.xml
      Loading inherited module 'com.google.gwt.emul.Emulation'
         Module location: jar:file:/D:/Users/yongchengchen/.m2/repository/com/google/gwt/gwt-user/2.5.0/gwt-user-2.5.0.jar!/com/google/gwt/emul/Emulation.gwt.xml
         Loading inherited module 'com.google.gwt.logging.LogImpl'
            Module location: jar:file:/D:/Users/yongchengchen/.m2/repository/com/google/gwt/gwt-user/2.5.0/gwt-user-2.5.0.jar!/com/google/gwt/logging/LogImpl.gwt.xml
      Loading inherited module 'com.google.gwt.typedarrays.TypedArrays'
         Module location: jar:file:/D:/Users/yongchengchen/.m2/repository/com/google/gwt/gwt-user/2.5.0/gwt-user-2.5.0.jar!/com/google/gwt/typedarrays/TypedArrays.gwt.xml
         Loading inherited module 'com.google.gwt.core.Core'
            Module 'com.google.gwt.core.Core' has already been loaded and will be skipped
         Loading inherited module 'com.google.gwt.useragent.UserAgent'
            Module location: jar:file:/D:/Users/yongchengchen/.m2/repository/com/google/gwt/gwt-user/2.5.0/gwt-user-2.5.0.jar!/com/google/gwt/useragent/UserAgent.gwt.xml
            [ERROR] Element 'extend-property' beginning on line 27 contains unexpected attribute 'fallback-value'
            [ERROR] Failure while parsing XML
com.google.gwt.core.ext.UnableToCompleteException: (see previous log entries)
	at com.google.gwt.dev.util.xml.DefaultSchema.onUnexpectedAttribute(DefaultSchema.java:68)
	at com.google.gwt.dev.util.xml.Schema.onUnexpectedAttribute(Schema.java:80)
	at com.google.gwt.dev.util.xml.Schema.onUnexpectedAttribute(Schema.java:80)
	at com.google.gwt.dev.util.xml.ReflectiveParser$Impl.startElement(ReflectiveParser.java:224)
	at org.apache.xerces.parsers.AbstractSAXParser.startElement(Unknown Source)
	at org.apache.xerces.parsers.AbstractXMLDocumentParser.emptyElement(Unknown Source)
	at org.apache.xerces.impl.XMLDocumentFragmentScannerImpl.scanStartElement(Unknown Source)
	at org.apache.xerces.impl.XMLDocumentFragmentScannerImpl$FragmentContentDispatcher.dispatch(Unknown Source)
	at org.apache.xerces.impl.XMLDocumentFragmentScannerImpl.scanDocument(Unknown Source)
	at org.apache.xerces.parsers.XML11Configuration.parse(Unknown Source)
	at org.apache.xerces.parsers.XML11Configuration.parse(Unknown Source)
	at org.apache.xerces.parsers.XMLParser.parse(Unknown Source)
	at org.apache.xerces.parsers.AbstractSAXParser.parse(Unknown Source)
	at org.apache.xerces.jaxp.SAXParserImpl$JAXPSAXParser.parse(Unknown Source)
	at com.google.gwt.dev.util.xml.ReflectiveParser$Impl.parse(ReflectiveParser.java:327)
	at com.google.gwt.dev.util.xml.ReflectiveParser$Impl.access$100(ReflectiveParser.java:48)
	at com.google.gwt.dev.util.xml.ReflectiveParser.parse(ReflectiveParser.java:398)
	at com.google.gwt.dev.cfg.ModuleDefLoader.nestedLoad(ModuleDefLoader.java:257)
	at com.google.gwt.dev.cfg.ModuleDefSchema$BodySchema.__inherits_begin(ModuleDefSchema.java:354)
	at sun.reflect.NativeMethodAccessorImpl.invoke0(Native Method)
	at sun.reflect.NativeMethodAccessorImpl.invoke(NativeMethodAccessorImpl.java:57)
	at sun.reflect.DelegatingMethodAccessorImpl.invoke(DelegatingMethodAccessorImpl.java:43)
	at java.lang.reflect.Method.invoke(Method.java:601)
	at com.google.gwt.dev.util.xml.HandlerMethod.invokeBegin(HandlerMethod.java:223)
	at com.google.gwt.dev.util.xml.ReflectiveParser$Impl.startElement(ReflectiveParser.java:270)
	at org.apache.xerces.parsers.AbstractSAXParser.startElement(Unknown Source)
	at org.apache.xerces.parsers.AbstractXMLDocumentParser.emptyElement(Unknown Source)
	at org.apache.xerces.impl.XMLDocumentFragmentScannerImpl.scanStartElement(Unknown Source)
	at org.apache.xerces.impl.XMLDocumentFragmentScannerImpl$FragmentContentDispatcher.dispatch(Unknown Source)
	at org.apache.xerces.impl.XMLDocumentFragmentScannerImpl.scanDocument(Unknown Source)
	at org.apache.xerces.parsers.XML11Configuration.parse(Unknown Source)
	at org.apache.xerces.parsers.XML11Configuration.parse(Unknown Source)
	at org.apache.xerces.parsers.XMLParser.parse(Unknown Source)
	at org.apache.xerces.parsers.AbstractSAXParser.parse(Unknown Source)
	at org.apache.xerces.jaxp.SAXParserImpl$JAXPSAXParser.parse(Unknown Source)
	at com.google.gwt.dev.util.xml.ReflectiveParser$Impl.parse(ReflectiveParser.java:327)
	at com.google.gwt.dev.util.xml.ReflectiveParser$Impl.access$100(ReflectiveParser.java:48)
	at com.google.gwt.dev.util.xml.ReflectiveParser.parse(ReflectiveParser.java:398)
	at com.google.gwt.dev.cfg.ModuleDefLoader.nestedLoad(ModuleDefLoader.java:257)
	at com.google.gwt.dev.cfg.ModuleDefSchema$BodySchema.__inherits_begin(ModuleDefSchema.java:354)
	at sun.reflect.NativeMethodAccessorImpl.invoke0(Native Method)
	at sun.reflect.NativeMethodAccessorImpl.invoke(NativeMethodAccessorImpl.java:57)
	at sun.reflect.DelegatingMethodAccessorImpl.invoke(DelegatingMethodAccessorImpl.java:43)
	at java.lang.reflect.Method.invoke(Method.java:601)
	at com.google.gwt.dev.util.xml.HandlerMethod.invokeBegin(HandlerMethod.java:223)
	at com.google.gwt.dev.util.xml.ReflectiveParser$Impl.startElement(ReflectiveParser.java:270)
	at org.apache.xerces.parsers.AbstractSAXParser.startElement(Unknown Source)
	at org.apache.xerces.parsers.AbstractXMLDocumentParser.emptyElement(Unknown Source)
	at org.apache.xerces.impl.XMLDocumentFragmentScannerImpl.scanStartElement(Unknown Source)
	at org.apache.xerces.impl.XMLDocumentFragmentScannerImpl$FragmentContentDispatcher.dispatch(Unknown Source)
	at org.apache.xerces.impl.XMLDocumentFragmentScannerImpl.scanDocument(Unknown Source)
	at org.apache.xerces.parsers.XML11Configuration.parse(Unknown Source)
	at org.apache.xerces.parsers.XML11Configuration.parse(Unknown Source)
	at org.apache.xerces.parsers.XMLParser.parse(Unknown Source)
	at org.apache.xerces.parsers.AbstractSAXParser.parse(Unknown Source)
	at org.apache.xerces.jaxp.SAXParserImpl$JAXPSAXParser.parse(Unknown Source)
	at com.google.gwt.dev.util.xml.ReflectiveParser$Impl.parse(ReflectiveParser.java:327)
	at com.google.gwt.dev.util.xml.ReflectiveParser$Impl.access$100(ReflectiveParser.java:48)
	at com.google.gwt.dev.util.xml.ReflectiveParser.parse(ReflectiveParser.java:398)
	at com.google.gwt.dev.cfg.ModuleDefLoader.nestedLoad(ModuleDefLoader.java:257)
	at com.google.gwt.dev.cfg.ModuleDefSchema$BodySchema.__inherits_begin(ModuleDefSchema.java:354)
	at sun.reflect.NativeMethodAccessorImpl.invoke0(Native Method)
	at sun.reflect.NativeMethodAccessorImpl.invoke(NativeMethodAccessorImpl.java:57)
	at sun.reflect.DelegatingMethodAccessorImpl.invoke(DelegatingMethodAccessorImpl.java:43)
	at java.lang.reflect.Method.invoke(Method.java:601)
	at com.google.gwt.dev.util.xml.HandlerMethod.invokeBegin(HandlerMethod.java:223)
	at com.google.gwt.dev.util.xml.ReflectiveParser$Impl.startElement(ReflectiveParser.java:270)
	at org.apache.xerces.parsers.AbstractSAXParser.startElement(Unknown Source)
	at org.apache.xerces.parsers.AbstractXMLDocumentParser.emptyElement(Unknown Source)
	at org.apache.xerces.impl.XMLDocumentFragmentScannerImpl.scanStartElement(Unknown Source)
	at org.apache.xerces.impl.XMLDocumentFragmentScannerImpl$FragmentContentDispatcher.dispatch(Unknown Source)
	at org.apache.xerces.impl.XMLDocumentFragmentScannerImpl.scanDocument(Unknown Source)
	at org.apache.xerces.parsers.XML11Configuration.parse(Unknown Source)
	at org.apache.xerces.parsers.XML11Configuration.parse(Unknown Source)
	at org.apache.xerces.parsers.XMLParser.parse(Unknown Source)
	at org.apache.xerces.parsers.AbstractSAXParser.parse(Unknown Source)
	at org.apache.xerces.jaxp.SAXParserImpl$JAXPSAXParser.parse(Unknown Source)
	at com.google.gwt.dev.util.xml.ReflectiveParser$Impl.parse(ReflectiveParser.java:327)
	at com.google.gwt.dev.util.xml.ReflectiveParser$Impl.access$100(ReflectiveParser.java:48)
	at com.google.gwt.dev.util.xml.ReflectiveParser.parse(ReflectiveParser.java:398)
	at com.google.gwt.dev.cfg.ModuleDefLoader.nestedLoad(ModuleDefLoader.java:257)
	at com.google.gwt.dev.cfg.ModuleDefSchema$BodySchema.__inherits_begin(ModuleDefSchema.java:354)
	at sun.reflect.NativeMethodAccessorImpl.invoke0(Native Method)
	at sun.reflect.NativeMethodAccessorImpl.invoke(NativeMethodAccessorImpl.java:57)
	at sun.reflect.DelegatingMethodAccessorImpl.invoke(DelegatingMethodAccessorImpl.java:43)
	at java.lang.reflect.Method.invoke(Method.java:601)
	at com.google.gwt.dev.util.xml.HandlerMethod.invokeBegin(HandlerMethod.java:223)
	at com.google.gwt.dev.util.xml.ReflectiveParser$Impl.startElement(ReflectiveParser.java:270)
	at org.apache.xerces.parsers.AbstractSAXParser.startElement(Unknown Source)
	at org.apache.xerces.parsers.AbstractXMLDocumentParser.emptyElement(Unknown Source)
	at org.apache.xerces.impl.XMLDocumentFragmentScannerImpl.scanStartElement(Unknown Source)
	at org.apache.xerces.impl.XMLDocumentFragmentScannerImpl$FragmentContentDispatcher.dispatch(Unknown Source)
	at org.apache.xerces.impl.XMLDocumentFragmentScannerImpl.scanDocument(Unknown Source)
	at org.apache.xerces.parsers.XML11Configuration.parse(Unknown Source)
	at org.apache.xerces.parsers.XML11Configuration.parse(Unknown Source)
	at org.apache.xerces.parsers.XMLParser.parse(Unknown Source)
	at org.apache.xerces.parsers.AbstractSAXParser.parse(Unknown Source)
	at org.apache.xerces.jaxp.SAXParserImpl$JAXPSAXParser.parse(Unknown Source)
	at com.google.gwt.dev.util.xml.ReflectiveParser$Impl.parse(ReflectiveParser.java:327)
	at com.google.gwt.dev.util.xml.ReflectiveParser$Impl.access$100(ReflectiveParser.java:48)
	at com.google.gwt.dev.util.xml.ReflectiveParser.parse(ReflectiveParser.java:398)
	at com.google.gwt.dev.cfg.ModuleDefLoader.nestedLoad(ModuleDefLoader.java:257)
	at com.google.gwt.dev.cfg.ModuleDefLoader$1.load(ModuleDefLoader.java:169)
	at com.google.gwt.dev.cfg.ModuleDefLoader.doLoadModule(ModuleDefLoader.java:283)
	at com.google.gwt.dev.cfg.ModuleDefLoader.loadFromClassPath(ModuleDefLoader.java:141)
	at com.google.gwt.dev.shell.designtime.HostedModeSupportImpl.loadModule(HostedModeSupportImpl.java:85)
	at com.google.gwt.dev.shell.designtime.HostedModeSupportImpl.createModuleSpaceHost(HostedModeSupportImpl.java:64)
	at sun.reflect.NativeMethodAccessorImpl.invoke0(Native Method)
	at sun.reflect.NativeMethodAccessorImpl.invoke(NativeMethodAccessorImpl.java:57)
	at sun.reflect.DelegatingMethodAccessorImpl.invoke(DelegatingMethodAccessorImpl.java:43)
	at java.lang.reflect.Method.invoke(Method.java:601)
	at org.eclipse.wb.internal.core.utils.reflect.ReflectionUtils.invokeMethod(ReflectionUtils.java:869)
	at com.google.gdt.eclipse.designer.hosted.tdt.HostedModeSupport.createModuleSpaceHost(HostedModeSupport.java:451)
	at sun.reflect.NativeMethodAccessorImpl.invoke0(Native Method)
	at sun.reflect.NativeMethodAccessorImpl.invoke(NativeMethodAccessorImpl.java:57)
	at sun.reflect.DelegatingMethodAccessorImpl.invoke(DelegatingMethodAccessorImpl.java:43)
	at java.lang.reflect.Method.invoke(Method.java:601)
	at org.eclipse.wb.internal.core.utils.reflect.ReflectionUtils.invokeMethod(ReflectionUtils.java:869)
	at com.google.gdt.eclipse.designer.WarmUpSupport.warmUpHostedMode(WarmUpSupport.java:125)
	at com.google.gdt.eclipse.designer.WarmUpSupport.warmUpHostedMode(WarmUpSupport.java:103)
	at com.google.gdt.eclipse.designer.WarmUpSupport.doWarmUp(WarmUpSupport.java:84)
	at com.google.gdt.eclipse.designer.Activator.earlyStartup(Activator.java:190)
	at org.eclipse.ui.internal.EarlyStartupRunnable.runEarlyStartup(EarlyStartupRunnable.java:87)
	at org.eclipse.ui.internal.EarlyStartupRunnable.run(EarlyStartupRunnable.java:73)
	at org.eclipse.core.runtime.SafeRunner.run(SafeRunner.java:42)
	at org.eclipse.ui.internal.Workbench$54.run(Workbench.java:2412)
	at org.eclipse.core.internal.jobs.Worker.run(Worker.java:53)
            [ERROR] Unexpected error while processing XML
com.google.gwt.core.ext.UnableToCompleteException: (see previous log entries)
	at com.google.gwt.dev.util.xml.ReflectiveParser$Impl.parse(ReflectiveParser.java:351)
	at com.google.gwt.dev.util.xml.ReflectiveParser$Impl.access$100(ReflectiveParser.java:48)
	at com.google.gwt.dev.util.xml.ReflectiveParser.parse(ReflectiveParser.java:398)
	at com.google.gwt.dev.cfg.ModuleDefLoader.nestedLoad(ModuleDefLoader.java:257)
	at com.google.gwt.dev.cfg.ModuleDefSchema$BodySchema.__inherits_begin(ModuleDefSchema.java:354)
	at sun.reflect.NativeMethodAccessorImpl.invoke0(Native Method)
	at sun.reflect.NativeMethodAccessorImpl.invoke(NativeMethodAccessorImpl.java:57)
	at sun.reflect.DelegatingMethodAccessorImpl.invoke(DelegatingMethodAccessorImpl.java:43)
	at java.lang.reflect.Method.invoke(Method.java:601)
	at com.google.gwt.dev.util.xml.HandlerMethod.invokeBegin(HandlerMethod.java:223)
	at com.google.gwt.dev.util.xml.ReflectiveParser$Impl.startElement(ReflectiveParser.java:270)
	at org.apache.xerces.parsers.AbstractSAXParser.startElement(Unknown Source)
	at org.apache.xerces.parsers.AbstractXMLDocumentParser.emptyElement(Unknown Source)
	at org.apache.xerces.impl.XMLDocumentFragmentScannerImpl.scanStartElement(Unknown Source)
	at org.apache.xerces.impl.XMLDocumentFragmentScannerImpl$FragmentContentDispatcher.dispatch(Unknown Source)
	at org.apache.xerces.impl.XMLDocumentFragmentScannerImpl.scanDocument(Unknown Source)
	at org.apache.xerces.parsers.XML11Configuration.parse(Unknown Source)
	at org.apache.xerces.parsers.XML11Configuration.parse(Unknown Source)
	at org.apache.xerces.parsers.XMLParser.parse(Unknown Source)
	at org.apache.xerces.parsers.AbstractSAXParser.parse(Unknown Source)
	at org.apache.xerces.jaxp.SAXParserImpl$JAXPSAXParser.parse(Unknown Source)
	at com.google.gwt.dev.util.xml.ReflectiveParser$Impl.parse(ReflectiveParser.java:327)
	at com.google.gwt.dev.util.xml.ReflectiveParser$Impl.access$100(ReflectiveParser.java:48)
	at com.google.gwt.dev.util.xml.ReflectiveParser.parse(ReflectiveParser.java:398)
	at com.google.gwt.dev.cfg.ModuleDefLoader.nestedLoad(ModuleDefLoader.java:257)
	at com.google.gwt.dev.cfg.ModuleDefSchema$BodySchema.__inherits_begin(ModuleDefSchema.java:354)
	at sun.reflect.NativeMethodAccessorImpl.invoke0(Native Method)
	at sun.reflect.NativeMethodAccessorImpl.invoke(NativeMethodAccessorImpl.java:57)
	at sun.reflect.DelegatingMethodAccessorImpl.invoke(DelegatingMethodAccessorImpl.java:43)
	at java.lang.reflect.Method.invoke(Method.java:601)
	at com.google.gwt.dev.util.xml.HandlerMethod.invokeBegin(HandlerMethod.java:223)
	at com.google.gwt.dev.util.xml.ReflectiveParser$Impl.startElement(ReflectiveParser.java:270)
	at org.apache.xerces.parsers.AbstractSAXParser.startElement(Unknown Source)
	at org.apache.xerces.parsers.AbstractXMLDocumentParser.emptyElement(Unknown Source)
	at org.apache.xerces.impl.XMLDocumentFragmentScannerImpl.scanStartElement(Unknown Source)
	at org.apache.xerces.impl.XMLDocumentFragmentScannerImpl$FragmentContentDispatcher.dispatch(Unknown Source)
	at org.apache.xerces.impl.XMLDocumentFragmentScannerImpl.scanDocument(Unknown Source)
	at org.apache.xerces.parsers.XML11Configuration.parse(Unknown Source)
	at org.apache.xerces.parsers.XML11Configuration.parse(Unknown Source)
	at org.apache.xerces.parsers.XMLParser.parse(Unknown Source)
	at org.apache.xerces.parsers.AbstractSAXParser.parse(Unknown Source)
	at org.apache.xerces.jaxp.SAXParserImpl$JAXPSAXParser.parse(Unknown Source)
	at com.google.gwt.dev.util.xml.ReflectiveParser$Impl.parse(ReflectiveParser.java:327)
	at com.google.gwt.dev.util.xml.ReflectiveParser$Impl.access$100(ReflectiveParser.java:48)
	at com.google.gwt.dev.util.xml.ReflectiveParser.parse(ReflectiveParser.java:398)
	at com.google.gwt.dev.cfg.ModuleDefLoader.nestedLoad(ModuleDefLoader.java:257)
	at com.google.gwt.dev.cfg.ModuleDefSchema$BodySchema.__inherits_begin(ModuleDefSchema.java:354)
	at sun.reflect.NativeMethodAccessorImpl.invoke0(Native Method)
	at sun.reflect.NativeMethodAccessorImpl.invoke(NativeMethodAccessorImpl.java:57)
	at sun.reflect.DelegatingMethodAccessorImpl.invoke(DelegatingMethodAccessorImpl.java:43)
	at java.lang.reflect.Method.invoke(Method.java:601)
	at com.google.gwt.dev.util.xml.HandlerMethod.invokeBegin(HandlerMethod.java:223)
	at com.google.gwt.dev.util.xml.ReflectiveParser$Impl.startElement(ReflectiveParser.java:270)
	at org.apache.xerces.parsers.AbstractSAXParser.startElement(Unknown Source)
	at org.apache.xerces.parsers.AbstractXMLDocumentParser.emptyElement(Unknown Source)
	at org.apache.xerces.impl.XMLDocumentFragmentScannerImpl.scanStartElement(Unknown Source)
	at org.apache.xerces.impl.XMLDocumentFragmentScannerImpl$FragmentContentDispatcher.dispatch(Unknown Source)
	at org.apache.xerces.impl.XMLDocumentFragmentScannerImpl.scanDocument(Unknown Source)
	at org.apache.xerces.parsers.XML11Configuration.parse(Unknown Source)
	at org.apache.xerces.parsers.XML11Configuration.parse(Unknown Source)
	at org.apache.xerces.parsers.XMLParser.parse(Unknown Source)
	at org.apache.xerces.parsers.AbstractSAXParser.parse(Unknown Source)
	at org.apache.xerces.jaxp.SAXParserImpl$JAXPSAXParser.parse(Unknown Source)
	at com.google.gwt.dev.util.xml.ReflectiveParser$Impl.parse(ReflectiveParser.java:327)
	at com.google.gwt.dev.util.xml.ReflectiveParser$Impl.access$100(ReflectiveParser.java:48)
	at com.google.gwt.dev.util.xml.ReflectiveParser.parse(ReflectiveParser.java:398)
	at com.google.gwt.dev.cfg.ModuleDefLoader.nestedLoad(ModuleDefLoader.java:257)
	at com.google.gwt.dev.cfg.ModuleDefSchema$BodySchema.__inherits_begin(ModuleDefSchema.java:354)
	at sun.reflect.NativeMethodAccessorImpl.invoke0(Native Method)
	at sun.reflect.NativeMethodAccessorImpl.invoke(NativeMethodAccessorImpl.java:57)
	at sun.reflect.DelegatingMethodAccessorImpl.invoke(DelegatingMethodAccessorImpl.java:43)
	at java.lang.reflect.Method.invoke(Method.java:601)
	at com.google.gwt.dev.util.xml.HandlerMethod.invokeBegin(HandlerMethod.java:223)
	at com.google.gwt.dev.util.xml.ReflectiveParser$Impl.startElement(ReflectiveParser.java:270)
	at org.apache.xerces.parsers.AbstractSAXParser.startElement(Unknown Source)
	at org.apache.xerces.parsers.AbstractXMLDocumentParser.emptyElement(Unknown Source)
	at org.apache.xerces.impl.XMLDocumentFragmentScannerImpl.scanStartElement(Unknown Source)
	at org.apache.xerces.impl.XMLDocumentFragmentScannerImpl$FragmentContentDispatcher.dispatch(Unknown Source)
	at org.apache.xerces.impl.XMLDocumentFragmentScannerImpl.scanDocument(Unknown Source)
	at org.apache.xerces.parsers.XML11Configuration.parse(Unknown Source)
	at org.apache.xerces.parsers.XML11Configuration.parse(Unknown Source)
	at org.apache.xerces.parsers.XMLParser.parse(Unknown Source)
	at org.apache.xerces.parsers.AbstractSAXParser.parse(Unknown Source)
	at org.apache.xerces.jaxp.SAXParserImpl$JAXPSAXParser.parse(Unknown Source)
	at com.google.gwt.dev.util.xml.ReflectiveParser$Impl.parse(ReflectiveParser.java:327)
	at com.google.gwt.dev.util.xml.ReflectiveParser$Impl.access$100(ReflectiveParser.java:48)
	at com.google.gwt.dev.util.xml.ReflectiveParser.parse(ReflectiveParser.java:398)
	at com.google.gwt.dev.cfg.ModuleDefLoader.nestedLoad(ModuleDefLoader.java:257)
	at com.google.gwt.dev.cfg.ModuleDefLoader$1.load(ModuleDefLoader.java:169)
	at com.google.gwt.dev.cfg.ModuleDefLoader.doLoadModule(ModuleDefLoader.java:283)
	at com.google.gwt.dev.cfg.ModuleDefLoader.loadFromClassPath(ModuleDefLoader.java:141)
	at com.google.gwt.dev.shell.designtime.HostedModeSupportImpl.loadModule(HostedModeSupportImpl.java:85)
	at com.google.gwt.dev.shell.designtime.HostedModeSupportImpl.createModuleSpaceHost(HostedModeSupportImpl.java:64)
	at sun.reflect.NativeMethodAccessorImpl.invoke0(Native Method)
	at sun.reflect.NativeMethodAccessorImpl.invoke(NativeMethodAccessorImpl.java:57)
	at sun.reflect.DelegatingMethodAccessorImpl.invoke(DelegatingMethodAccessorImpl.java:43)
	at java.lang.reflect.Method.invoke(Method.java:601)
	at org.eclipse.wb.internal.core.utils.reflect.ReflectionUtils.invokeMethod(ReflectionUtils.java:869)
	at com.google.gdt.eclipse.designer.hosted.tdt.HostedModeSupport.createModuleSpaceHost(HostedModeSupport.java:451)
	at sun.reflect.NativeMethodAccessorImpl.invoke0(Native Method)
	at sun.reflect.NativeMethodAccessorImpl.invoke(NativeMethodAccessorImpl.java:57)
	at sun.reflect.DelegatingMethodAccessorImpl.invoke(DelegatingMethodAccessorImpl.java:43)
	at java.lang.reflect.Method.invoke(Method.java:601)
	at org.eclipse.wb.internal.core.utils.reflect.ReflectionUtils.invokeMethod(ReflectionUtils.java:869)
	at com.google.gdt.eclipse.designer.WarmUpSupport.warmUpHostedMode(WarmUpSupport.java:125)
	at com.google.gdt.eclipse.designer.WarmUpSupport.warmUpHostedMode(WarmUpSupport.java:103)
	at com.google.gdt.eclipse.designer.WarmUpSupport.doWarmUp(WarmUpSupport.java:84)
	at com.google.gdt.eclipse.designer.Activator.earlyStartup(Activator.java:190)
	at org.eclipse.ui.internal.EarlyStartupRunnable.runEarlyStartup(EarlyStartupRunnable.java:87)
	at org.eclipse.ui.internal.EarlyStartupRunnable.run(EarlyStartupRunnable.java:73)
	at org.eclipse.core.runtime.SafeRunner.run(SafeRunner.java:42)
	at org.eclipse.ui.internal.Workbench$54.run(Workbench.java:2412)
	at org.eclipse.core.internal.jobs.Worker.run(Worker.java:53)
         [ERROR] Line 18: Unexpected exception while processing element 'inherits'
com.google.gwt.core.ext.UnableToCompleteException: (see previous log entries)
	at com.google.gwt.dev.cfg.ModuleDefLoader.nestedLoad(ModuleDefLoader.java:260)
	at com.google.gwt.dev.cfg.ModuleDefSchema$BodySchema.__inherits_begin(ModuleDefSchema.java:354)
	at sun.reflect.NativeMethodAccessorImpl.invoke0(Native Method)
	at sun.reflect.NativeMethodAccessorImpl.invoke(NativeMethodAccessorImpl.java:57)
	at sun.reflect.DelegatingMethodAccessorImpl.invoke(DelegatingMethodAccessorImpl.java:43)
	at java.lang.reflect.Method.invoke(Method.java:601)
	at com.google.gwt.dev.util.xml.HandlerMethod.invokeBegin(HandlerMethod.java:223)
	at com.google.gwt.dev.util.xml.ReflectiveParser$Impl.startElement(ReflectiveParser.java:270)
	at org.apache.xerces.parsers.AbstractSAXParser.startElement(Unknown Source)
	at org.apache.xerces.parsers.AbstractXMLDocumentParser.emptyElement(Unknown Source)
	at org.apache.xerces.impl.XMLDocumentFragmentScannerImpl.scanStartElement(Unknown Source)
	at org.apache.xerces.impl.XMLDocumentFragmentScannerImpl$FragmentContentDispatcher.dispatch(Unknown Source)
	at org.apache.xerces.impl.XMLDocumentFragmentScannerImpl.scanDocument(Unknown Source)
	at org.apache.xerces.parsers.XML11Configuration.parse(Unknown Source)
	at org.apache.xerces.parsers.XML11Configuration.parse(Unknown Source)
	at org.apache.xerces.parsers.XMLParser.parse(Unknown Source)
	at org.apache.xerces.parsers.AbstractSAXParser.parse(Unknown Source)
	at org.apache.xerces.jaxp.SAXParserImpl$JAXPSAXParser.parse(Unknown Source)
	at com.google.gwt.dev.util.xml.ReflectiveParser$Impl.parse(ReflectiveParser.java:327)
	at com.google.gwt.dev.util.xml.ReflectiveParser$Impl.access$100(ReflectiveParser.java:48)
	at com.google.gwt.dev.util.xml.ReflectiveParser.parse(ReflectiveParser.java:398)
	at com.google.gwt.dev.cfg.ModuleDefLoader.nestedLoad(ModuleDefLoader.java:257)
	at com.google.gwt.dev.cfg.ModuleDefSchema$BodySchema.__inherits_begin(ModuleDefSchema.java:354)
	at sun.reflect.NativeMethodAccessorImpl.invoke0(Native Method)
	at sun.reflect.NativeMethodAccessorImpl.invoke(NativeMethodAccessorImpl.java:57)
	at sun.reflect.DelegatingMethodAccessorImpl.invoke(DelegatingMethodAccessorImpl.java:43)
	at java.lang.reflect.Method.invoke(Method.java:601)
	at com.google.gwt.dev.util.xml.HandlerMethod.invokeBegin(HandlerMethod.java:223)
	at com.google.gwt.dev.util.xml.ReflectiveParser$Impl.startElement(ReflectiveParser.java:270)
	at org.apache.xerces.parsers.AbstractSAXParser.startElement(Unknown Source)
	at org.apache.xerces.parsers.AbstractXMLDocumentParser.emptyElement(Unknown Source)
	at org.apache.xerces.impl.XMLDocumentFragmentScannerImpl.scanStartElement(Unknown Source)
	at org.apache.xerces.impl.XMLDocumentFragmentScannerImpl$FragmentContentDispatcher.dispatch(Unknown Source)
	at org.apache.xerces.impl.XMLDocumentFragmentScannerImpl.scanDocument(Unknown Source)
	at org.apache.xerces.parsers.XML11Configuration.parse(Unknown Source)
	at org.apache.xerces.parsers.XML11Configuration.parse(Unknown Source)
	at org.apache.xerces.parsers.XMLParser.parse(Unknown Source)
	at org.apache.xerces.parsers.AbstractSAXParser.parse(Unknown Source)
	at org.apache.xerces.jaxp.SAXParserImpl$JAXPSAXParser.parse(Unknown Source)
	at com.google.gwt.dev.util.xml.ReflectiveParser$Impl.parse(ReflectiveParser.java:327)
	at com.google.gwt.dev.util.xml.ReflectiveParser$Impl.access$100(ReflectiveParser.java:48)
	at com.google.gwt.dev.util.xml.ReflectiveParser.parse(ReflectiveParser.java:398)
	at com.google.gwt.dev.cfg.ModuleDefLoader.nestedLoad(ModuleDefLoader.java:257)
	at com.google.gwt.dev.cfg.ModuleDefSchema$BodySchema.__inherits_begin(ModuleDefSchema.java:354)
	at sun.reflect.NativeMethodAccessorImpl.invoke0(Native Method)
	at sun.reflect.NativeMethodAccessorImpl.invoke(NativeMethodAccessorImpl.java:57)
	at sun.reflect.DelegatingMethodAccessorImpl.invoke(DelegatingMethodAccessorImpl.java:43)
	at java.lang.reflect.Method.invoke(Method.java:601)
	at com.google.gwt.dev.util.xml.HandlerMethod.invokeBegin(HandlerMethod.java:223)
	at com.google.gwt.dev.util.xml.ReflectiveParser$Impl.startElement(ReflectiveParser.java:270)
	at org.apache.xerces.parsers.AbstractSAXParser.startElement(Unknown Source)
	at org.apache.xerces.parsers.AbstractXMLDocumentParser.emptyElement(Unknown Source)
	at org.apache.xerces.impl.XMLDocumentFragmentScannerImpl.scanStartElement(Unknown Source)
	at org.apache.xerces.impl.XMLDocumentFragmentScannerImpl$FragmentContentDispatcher.dispatch(Unknown Source)
	at org.apache.xerces.impl.XMLDocumentFragmentScannerImpl.scanDocument(Unknown Source)
	at org.apache.xerces.parsers.XML11Configuration.parse(Unknown Source)
	at org.apache.xerces.parsers.XML11Configuration.parse(Unknown Source)
	at org.apache.xerces.parsers.XMLParser.parse(Unknown Source)
	at org.apache.xerces.parsers.AbstractSAXParser.parse(Unknown Source)
	at org.apache.xerces.jaxp.SAXParserImpl$JAXPSAXParser.parse(Unknown Source)
	at com.google.gwt.dev.util.xml.ReflectiveParser$Impl.parse(ReflectiveParser.java:327)
	at com.google.gwt.dev.util.xml.ReflectiveParser$Impl.access$100(ReflectiveParser.java:48)
	at com.google.gwt.dev.util.xml.ReflectiveParser.parse(ReflectiveParser.java:398)
	at com.google.gwt.dev.cfg.ModuleDefLoader.nestedLoad(ModuleDefLoader.java:257)
	at com.google.gwt.dev.cfg.ModuleDefSchema$BodySchema.__inherits_begin(ModuleDefSchema.java:354)
	at sun.reflect.NativeMethodAccessorImpl.invoke0(Native Method)
	at sun.reflect.NativeMethodAccessorImpl.invoke(NativeMethodAccessorImpl.java:57)
	at sun.reflect.DelegatingMethodAccessorImpl.invoke(DelegatingMethodAccessorImpl.java:43)
	at java.lang.reflect.Method.invoke(Method.java:601)
	at com.google.gwt.dev.util.xml.HandlerMethod.invokeBegin(HandlerMethod.java:223)
	at com.google.gwt.dev.util.xml.ReflectiveParser$Impl.startElement(ReflectiveParser.java:270)
	at org.apache.xerces.parsers.AbstractSAXParser.startElement(Unknown Source)
	at org.apache.xerces.parsers.AbstractXMLDocumentParser.emptyElement(Unknown Source)
	at org.apache.xerces.impl.XMLDocumentFragmentScannerImpl.scanStartElement(Unknown Source)
	at org.apache.xerces.impl.XMLDocumentFragmentScannerImpl$FragmentContentDispatcher.dispatch(Unknown Source)
	at org.apache.xerces.impl.XMLDocumentFragmentScannerImpl.scanDocument(Unknown Source)
	at org.apache.xerces.parsers.XML11Configuration.parse(Unknown Source)
	at org.apache.xerces.parsers.XML11Configuration.parse(Unknown Source)
	at org.apache.xerces.parsers.XMLParser.parse(Unknown Source)
	at org.apache.xerces.parsers.AbstractSAXParser.parse(Unknown Source)
	at org.apache.xerces.jaxp.SAXParserImpl$JAXPSAXParser.parse(Unknown Source)
	at com.google.gwt.dev.util.xml.ReflectiveParser$Impl.parse(ReflectiveParser.java:327)
	at com.google.gwt.dev.util.xml.ReflectiveParser$Impl.access$100(ReflectiveParser.java:48)
	at com.google.gwt.dev.util.xml.ReflectiveParser.parse(ReflectiveParser.java:398)
	at com.google.gwt.dev.cfg.ModuleDefLoader.nestedLoad(ModuleDefLoader.java:257)
	at com.google.gwt.dev.cfg.ModuleDefLoader$1.load(ModuleDefLoader.java:169)
	at com.google.gwt.dev.cfg.ModuleDefLoader.doLoadModule(ModuleDefLoader.java:283)
	at com.google.gwt.dev.cfg.ModuleDefLoader.loadFromClassPath(ModuleDefLoader.java:141)
	at com.google.gwt.dev.shell.designtime.HostedModeSupportImpl.loadModule(HostedModeSupportImpl.java:85)
	at com.google.gwt.dev.shell.designtime.HostedModeSupportImpl.createModuleSpaceHost(HostedModeSupportImpl.java:64)
	at sun.reflect.NativeMethodAccessorImpl.invoke0(Native Method)
	at sun.reflect.NativeMethodAccessorImpl.invoke(NativeMethodAccessorImpl.java:57)
	at sun.reflect.DelegatingMethodAccessorImpl.invoke(DelegatingMethodAccessorImpl.java:43)
	at java.lang.reflect.Method.invoke(Method.java:601)
	at org.eclipse.wb.internal.core.utils.reflect.ReflectionUtils.invokeMethod(ReflectionUtils.java:869)
	at com.google.gdt.eclipse.designer.hosted.tdt.HostedModeSupport.createModuleSpaceHost(HostedModeSupport.java:451)
	at sun.reflect.NativeMethodAccessorImpl.invoke0(Native Method)
	at sun.reflect.NativeMethodAccessorImpl.invoke(NativeMethodAccessorImpl.java:57)
	at sun.reflect.DelegatingMethodAccessorImpl.invoke(DelegatingMethodAccessorImpl.java:43)
	at java.lang.reflect.Method.invoke(Method.java:601)
	at org.eclipse.wb.internal.core.utils.reflect.ReflectionUtils.invokeMethod(ReflectionUtils.java:869)
	at com.google.gdt.eclipse.designer.WarmUpSupport.warmUpHostedMode(WarmUpSupport.java:125)
	at com.google.gdt.eclipse.designer.WarmUpSupport.warmUpHostedMode(WarmUpSupport.java:103)
	at com.google.gdt.eclipse.designer.WarmUpSupport.doWarmUp(WarmUpSupport.java:84)
	at com.google.gdt.eclipse.designer.Activator.earlyStartup(Activator.java:190)
	at org.eclipse.ui.internal.EarlyStartupRunnable.runEarlyStartup(EarlyStartupRunnable.java:87)
	at org.eclipse.ui.internal.EarlyStartupRunnable.run(EarlyStartupRunnable.java:73)
	at org.eclipse.core.runtime.SafeRunner.run(SafeRunner.java:42)
	at org.eclipse.ui.internal.Workbench$54.run(Workbench.java:2412)
	at org.eclipse.core.internal.jobs.Worker.run(Worker.java:53)
         [ERROR] Failure while parsing XML
com.google.gwt.core.ext.UnableToCompleteException: (see previous log entries)
	at com.google.gwt.dev.util.xml.DefaultSchema.onHandlerException(DefaultSchema.java:56)
	at com.google.gwt.dev.util.xml.Schema.onHandlerException(Schema.java:66)
	at com.google.gwt.dev.util.xml.Schema.onHandlerException(Schema.java:66)
	at com.google.gwt.dev.util.xml.HandlerMethod.invokeBegin(HandlerMethod.java:233)
	at com.google.gwt.dev.util.xml.ReflectiveParser$Impl.startElement(ReflectiveParser.java:270)
	at org.apache.xerces.parsers.AbstractSAXParser.startElement(Unknown Source)
	at org.apache.xerces.parsers.AbstractXMLDocumentParser.emptyElement(Unknown Source)
	at org.apache.xerces.impl.XMLDocumentFragmentScannerImpl.scanStartElement(Unknown Source)
	at org.apache.xerces.impl.XMLDocumentFragmentScannerImpl$FragmentContentDispatcher.dispatch(Unknown Source)
	at org.apache.xerces.impl.XMLDocumentFragmentScannerImpl.scanDocument(Unknown Source)
	at org.apache.xerces.parsers.XML11Configuration.parse(Unknown Source)
	at org.apache.xerces.parsers.XML11Configuration.parse(Unknown Source)
	at org.apache.xerces.parsers.XMLParser.parse(Unknown Source)
	at org.apache.xerces.parsers.AbstractSAXParser.parse(Unknown Source)
	at org.apache.xerces.jaxp.SAXParserImpl$JAXPSAXParser.parse(Unknown Source)
	at com.google.gwt.dev.util.xml.ReflectiveParser$Impl.parse(ReflectiveParser.java:327)
	at com.google.gwt.dev.util.xml.ReflectiveParser$Impl.access$100(ReflectiveParser.java:48)
	at com.google.gwt.dev.util.xml.ReflectiveParser.parse(ReflectiveParser.java:398)
	at com.google.gwt.dev.cfg.ModuleDefLoader.nestedLoad(ModuleDefLoader.java:257)
	at com.google.gwt.dev.cfg.ModuleDefSchema$BodySchema.__inherits_begin(ModuleDefSchema.java:354)
	at sun.reflect.NativeMethodAccessorImpl.invoke0(Native Method)
	at sun.reflect.NativeMethodAccessorImpl.invoke(NativeMethodAccessorImpl.java:57)
	at sun.reflect.DelegatingMethodAccessorImpl.invoke(DelegatingMethodAccessorImpl.java:43)
	at java.lang.reflect.Method.invoke(Method.java:601)
	at com.google.gwt.dev.util.xml.HandlerMethod.invokeBegin(HandlerMethod.java:223)
	at com.google.gwt.dev.util.xml.ReflectiveParser$Impl.startElement(ReflectiveParser.java:270)
	at org.apache.xerces.parsers.AbstractSAXParser.startElement(Unknown Source)
	at org.apache.xerces.parsers.AbstractXMLDocumentParser.emptyElement(Unknown Source)
	at org.apache.xerces.impl.XMLDocumentFragmentScannerImpl.scanStartElement(Unknown Source)
	at org.apache.xerces.impl.XMLDocumentFragmentScannerImpl$FragmentContentDispatcher.dispatch(Unknown Source)
	at org.apache.xerces.impl.XMLDocumentFragmentScannerImpl.scanDocument(Unknown Source)
	at org.apache.xerces.parsers.XML11Configuration.parse(Unknown Source)
	at org.apache.xerces.parsers.XML11Configuration.parse(Unknown Source)
	at org.apache.xerces.parsers.XMLParser.parse(Unknown Source)
	at org.apache.xerces.parsers.AbstractSAXParser.parse(Unknown Source)
	at org.apache.xerces.jaxp.SAXParserImpl$JAXPSAXParser.parse(Unknown Source)
	at com.google.gwt.dev.util.xml.ReflectiveParser$Impl.parse(ReflectiveParser.java:327)
	at com.google.gwt.dev.util.xml.ReflectiveParser$Impl.access$100(ReflectiveParser.java:48)
	at com.google.gwt.dev.util.xml.ReflectiveParser.parse(ReflectiveParser.java:398)
	at com.google.gwt.dev.cfg.ModuleDefLoader.nestedLoad(ModuleDefLoader.java:257)
	at com.google.gwt.dev.cfg.ModuleDefSchema$BodySchema.__inherits_begin(ModuleDefSchema.java:354)
	at sun.reflect.NativeMethodAccessorImpl.invoke0(Native Method)
	at sun.reflect.NativeMethodAccessorImpl.invoke(NativeMethodAccessorImpl.java:57)
	at sun.reflect.DelegatingMethodAccessorImpl.invoke(DelegatingMethodAccessorImpl.java:43)
	at java.lang.reflect.Method.invoke(Method.java:601)
	at com.google.gwt.dev.util.xml.HandlerMethod.invokeBegin(HandlerMethod.java:223)
	at com.google.gwt.dev.util.xml.ReflectiveParser$Impl.startElement(ReflectiveParser.java:270)
	at org.apache.xerces.parsers.AbstractSAXParser.startElement(Unknown Source)
	at org.apache.xerces.parsers.AbstractXMLDocumentParser.emptyElement(Unknown Source)
	at org.apache.xerces.impl.XMLDocumentFragmentScannerImpl.scanStartElement(Unknown Source)
	at org.apache.xerces.impl.XMLDocumentFragmentScannerImpl$FragmentContentDispatcher.dispatch(Unknown Source)
	at org.apache.xerces.impl.XMLDocumentFragmentScannerImpl.scanDocument(Unknown Source)
	at org.apache.xerces.parsers.XML11Configuration.parse(Unknown Source)
	at org.apache.xerces.parsers.XML11Configuration.parse(Unknown Source)
	at org.apache.xerces.parsers.XMLParser.parse(Unknown Source)
	at org.apache.xerces.parsers.AbstractSAXParser.parse(Unknown Source)
	at org.apache.xerces.jaxp.SAXParserImpl$JAXPSAXParser.parse(Unknown Source)
	at com.google.gwt.dev.util.xml.ReflectiveParser$Impl.parse(ReflectiveParser.java:327)
	at com.google.gwt.dev.util.xml.ReflectiveParser$Impl.access$100(ReflectiveParser.java:48)
	at com.google.gwt.dev.util.xml.ReflectiveParser.parse(ReflectiveParser.java:398)
	at com.google.gwt.dev.cfg.ModuleDefLoader.nestedLoad(ModuleDefLoader.java:257)
	at com.google.gwt.dev.cfg.ModuleDefSchema$BodySchema.__inherits_begin(ModuleDefSchema.java:354)
	at sun.reflect.NativeMethodAccessorImpl.invoke0(Native Method)
	at sun.reflect.NativeMethodAccessorImpl.invoke(NativeMethodAccessorImpl.java:57)
	at sun.reflect.DelegatingMethodAccessorImpl.invoke(DelegatingMethodAccessorImpl.java:43)
	at java.lang.reflect.Method.invoke(Method.java:601)
	at com.google.gwt.dev.util.xml.HandlerMethod.invokeBegin(HandlerMethod.java:223)
	at com.google.gwt.dev.util.xml.ReflectiveParser$Impl.startElement(ReflectiveParser.java:270)
	at org.apache.xerces.parsers.AbstractSAXParser.startElement(Unknown Source)
	at org.apache.xerces.parsers.AbstractXMLDocumentParser.emptyElement(Unknown Source)
	at org.apache.xerces.impl.XMLDocumentFragmentScannerImpl.scanStartElement(Unknown Source)
	at org.apache.xerces.impl.XMLDocumentFragmentScannerImpl$FragmentContentDispatcher.dispatch(Unknown Source)
	at org.apache.xerces.impl.XMLDocumentFragmentScannerImpl.scanDocument(Unknown Source)
	at org.apache.xerces.parsers.XML11Configuration.parse(Unknown Source)
	at org.apache.xerces.parsers.XML11Configuration.parse(Unknown Source)
	at org.apache.xerces.parsers.XMLParser.parse(Unknown Source)
	at org.apache.xerces.parsers.AbstractSAXParser.parse(Unknown Source)
	at org.apache.xerces.jaxp.SAXParserImpl$JAXPSAXParser.parse(Unknown Source)
	at com.google.gwt.dev.util.xml.ReflectiveParser$Impl.parse(ReflectiveParser.java:327)
	at com.google.gwt.dev.util.xml.ReflectiveParser$Impl.access$100(ReflectiveParser.java:48)
	at com.google.gwt.dev.util.xml.ReflectiveParser.parse(ReflectiveParser.java:398)
	at com.google.gwt.dev.cfg.ModuleDefLoader.nestedLoad(ModuleDefLoader.java:257)
	at com.google.gwt.dev.cfg.ModuleDefLoader$1.load(ModuleDefLoader.java:169)
	at com.google.gwt.dev.cfg.ModuleDefLoader.doLoadModule(ModuleDefLoader.java:283)
	at com.google.gwt.dev.cfg.ModuleDefLoader.loadFromClassPath(ModuleDefLoader.java:141)
	at com.google.gwt.dev.shell.designtime.HostedModeSupportImpl.loadModule(HostedModeSupportImpl.java:85)
	at com.google.gwt.dev.shell.designtime.HostedModeSupportImpl.createModuleSpaceHost(HostedModeSupportImpl.java:64)
	at sun.reflect.NativeMethodAccessorImpl.invoke0(Native Method)
	at sun.reflect.NativeMethodAccessorImpl.invoke(NativeMethodAccessorImpl.java:57)
	at sun.reflect.DelegatingMethodAccessorImpl.invoke(DelegatingMethodAccessorImpl.java:43)
	at java.lang.reflect.Method.invoke(Method.java:601)
	at org.eclipse.wb.internal.core.utils.reflect.ReflectionUtils.invokeMethod(ReflectionUtils.java:869)
	at com.google.gdt.eclipse.designer.hosted.tdt.HostedModeSupport.createModuleSpaceHost(HostedModeSupport.java:451)
	at sun.reflect.NativeMethodAccessorImpl.invoke0(Native Method)
	at sun.reflect.NativeMethodAccessorImpl.invoke(NativeMethodAccessorImpl.java:57)
	at sun.reflect.DelegatingMethodAccessorImpl.invoke(DelegatingMethodAccessorImpl.java:43)
	at java.lang.reflect.Method.invoke(Method.java:601)
	at org.eclipse.wb.internal.core.utils.reflect.ReflectionUtils.invokeMethod(ReflectionUtils.java:869)
	at com.google.gdt.eclipse.designer.WarmUpSupport.warmUpHostedMode(WarmUpSupport.java:125)
	at com.google.gdt.eclipse.designer.WarmUpSupport.warmUpHostedMode(WarmUpSupport.java:103)
	at com.google.gdt.eclipse.designer.WarmUpSupport.doWarmUp(WarmUpSupport.java:84)
	at com.google.gdt.eclipse.designer.Activator.earlyStartup(Activator.java:190)
	at org.eclipse.ui.internal.EarlyStartupRunnable.runEarlyStartup(EarlyStartupRunnable.java:87)
	at org.eclipse.ui.internal.EarlyStartupRunnable.run(EarlyStartupRunnable.java:73)
	at org.eclipse.core.runtime.SafeRunner.run(SafeRunner.java:42)
	at org.eclipse.ui.internal.Workbench$54.run(Workbench.java:2412)
	at org.eclipse.core.internal.jobs.Worker.run(Worker.java:53)
         [ERROR] Unexpected error while processing XML
com.google.gwt.core.ext.UnableToCompleteException: (see previous log entries)
	at com.google.gwt.dev.util.xml.ReflectiveParser$Impl.parse(ReflectiveParser.java:351)
	at com.google.gwt.dev.util.xml.ReflectiveParser$Impl.access$100(ReflectiveParser.java:48)
	at com.google.gwt.dev.util.xml.ReflectiveParser.parse(ReflectiveParser.java:398)
	at com.google.gwt.dev.cfg.ModuleDefLoader.nestedLoad(ModuleDefLoader.java:257)
	at com.google.gwt.dev.cfg.ModuleDefSchema$BodySchema.__inherits_begin(ModuleDefSchema.java:354)
	at sun.reflect.NativeMethodAccessorImpl.invoke0(Native Method)
	at sun.reflect.NativeMethodAccessorImpl.invoke(NativeMethodAccessorImpl.java:57)
	at sun.reflect.DelegatingMethodAccessorImpl.invoke(DelegatingMethodAccessorImpl.java:43)
	at java.lang.reflect.Method.invoke(Method.java:601)
	at com.google.gwt.dev.util.xml.HandlerMethod.invokeBegin(HandlerMethod.java:223)
	at com.google.gwt.dev.util.xml.ReflectiveParser$Impl.startElement(ReflectiveParser.java:270)
	at org.apache.xerces.parsers.AbstractSAXParser.startElement(Unknown Source)
	at org.apache.xerces.parsers.AbstractXMLDocumentParser.emptyElement(Unknown Source)
	at org.apache.xerces.impl.XMLDocumentFragmentScannerImpl.scanStartElement(Unknown Source)
	at org.apache.xerces.impl.XMLDocumentFragmentScannerImpl$FragmentContentDispatcher.dispatch(Unknown Source)
	at org.apache.xerces.impl.XMLDocumentFragmentScannerImpl.scanDocument(Unknown Source)
	at org.apache.xerces.parsers.XML11Configuration.parse(Unknown Source)
	at org.apache.xerces.parsers.XML11Configuration.parse(Unknown Source)
	at org.apache.xerces.parsers.XMLParser.parse(Unknown Source)
	at org.apache.xerces.parsers.AbstractSAXParser.parse(Unknown Source)
	at org.apache.xerces.jaxp.SAXParserImpl$JAXPSAXParser.parse(Unknown Source)
	at com.google.gwt.dev.util.xml.ReflectiveParser$Impl.parse(ReflectiveParser.java:327)
	at com.google.gwt.dev.util.xml.ReflectiveParser$Impl.access$100(ReflectiveParser.java:48)
	at com.google.gwt.dev.util.xml.ReflectiveParser.parse(ReflectiveParser.java:398)
	at com.google.gwt.dev.cfg.ModuleDefLoader.nestedLoad(ModuleDefLoader.java:257)
	at com.google.gwt.dev.cfg.ModuleDefSchema$BodySchema.__inherits_begin(ModuleDefSchema.java:354)
	at sun.reflect.NativeMethodAccessorImpl.invoke0(Native Method)
	at sun.reflect.NativeMethodAccessorImpl.invoke(NativeMethodAccessorImpl.java:57)
	at sun.reflect.DelegatingMethodAccessorImpl.invoke(DelegatingMethodAccessorImpl.java:43)
	at java.lang.reflect.Method.invoke(Method.java:601)
	at com.google.gwt.dev.util.xml.HandlerMethod.invokeBegin(HandlerMethod.java:223)
	at com.google.gwt.dev.util.xml.ReflectiveParser$Impl.startElement(ReflectiveParser.java:270)
	at org.apache.xerces.parsers.AbstractSAXParser.startElement(Unknown Source)
	at org.apache.xerces.parsers.AbstractXMLDocumentParser.emptyElement(Unknown Source)
	at org.apache.xerces.impl.XMLDocumentFragmentScannerImpl.scanStartElement(Unknown Source)
	at org.apache.xerces.impl.XMLDocumentFragmentScannerImpl$FragmentContentDispatcher.dispatch(Unknown Source)
	at org.apache.xerces.impl.XMLDocumentFragmentScannerImpl.scanDocument(Unknown Source)
	at org.apache.xerces.parsers.XML11Configuration.parse(Unknown Source)
	at org.apache.xerces.parsers.XML11Configuration.parse(Unknown Source)
	at org.apache.xerces.parsers.XMLParser.parse(Unknown Source)
	at org.apache.xerces.parsers.AbstractSAXParser.parse(Unknown Source)
	at org.apache.xerces.jaxp.SAXParserImpl$JAXPSAXParser.parse(Unknown Source)
	at com.google.gwt.dev.util.xml.ReflectiveParser$Impl.parse(ReflectiveParser.java:327)
	at com.google.gwt.dev.util.xml.ReflectiveParser$Impl.access$100(ReflectiveParser.java:48)
	at com.google.gwt.dev.util.xml.ReflectiveParser.parse(ReflectiveParser.java:398)
	at com.google.gwt.dev.cfg.ModuleDefLoader.nestedLoad(ModuleDefLoader.java:257)
	at com.google.gwt.dev.cfg.ModuleDefSchema$BodySchema.__inherits_begin(ModuleDefSchema.java:354)
	at sun.reflect.NativeMethodAccessorImpl.invoke0(Native Method)
	at sun.reflect.NativeMethodAccessorImpl.invoke(NativeMethodAccessorImpl.java:57)
	at sun.reflect.DelegatingMethodAccessorImpl.invoke(DelegatingMethodAccessorImpl.java:43)
	at java.lang.reflect.Method.invoke(Method.java:601)
	at com.google.gwt.dev.util.xml.HandlerMethod.invokeBegin(HandlerMethod.java:223)
	at com.google.gwt.dev.util.xml.ReflectiveParser$Impl.startElement(ReflectiveParser.java:270)
	at org.apache.xerces.parsers.AbstractSAXParser.startElement(Unknown Source)
	at org.apache.xerces.parsers.AbstractXMLDocumentParser.emptyElement(Unknown Source)
	at org.apache.xerces.impl.XMLDocumentFragmentScannerImpl.scanStartElement(Unknown Source)
	at org.apache.xerces.impl.XMLDocumentFragmentScannerImpl$FragmentContentDispatcher.dispatch(Unknown Source)
	at org.apache.xerces.impl.XMLDocumentFragmentScannerImpl.scanDocument(Unknown Source)
	at org.apache.xerces.parsers.XML11Configuration.parse(Unknown Source)
	at org.apache.xerces.parsers.XML11Configuration.parse(Unknown Source)
	at org.apache.xerces.parsers.XMLParser.parse(Unknown Source)
	at org.apache.xerces.parsers.AbstractSAXParser.parse(Unknown Source)
	at org.apache.xerces.jaxp.SAXParserImpl$JAXPSAXParser.parse(Unknown Source)
	at com.google.gwt.dev.util.xml.ReflectiveParser$Impl.parse(ReflectiveParser.java:327)
	at com.google.gwt.dev.util.xml.ReflectiveParser$Impl.access$100(ReflectiveParser.java:48)
	at com.google.gwt.dev.util.xml.ReflectiveParser.parse(ReflectiveParser.java:398)
	at com.google.gwt.dev.cfg.ModuleDefLoader.nestedLoad(ModuleDefLoader.java:257)
	at com.google.gwt.dev.cfg.ModuleDefLoader$1.load(ModuleDefLoader.java:169)
	at com.google.gwt.dev.cfg.ModuleDefLoader.doLoadModule(ModuleDefLoader.java:283)
	at com.google.gwt.dev.cfg.ModuleDefLoader.loadFromClassPath(ModuleDefLoader.java:141)
	at com.google.gwt.dev.shell.designtime.HostedModeSupportImpl.loadModule(HostedModeSupportImpl.java:85)
	at com.google.gwt.dev.shell.designtime.HostedModeSupportImpl.createModuleSpaceHost(HostedModeSupportImpl.java:64)
	at sun.reflect.NativeMethodAccessorImpl.invoke0(Native Method)
	at sun.reflect.NativeMethodAccessorImpl.invoke(NativeMethodAccessorImpl.java:57)
	at sun.reflect.DelegatingMethodAccessorImpl.invoke(DelegatingMethodAccessorImpl.java:43)
	at java.lang.reflect.Method.invoke(Method.java:601)
	at org.eclipse.wb.internal.core.utils.reflect.ReflectionUtils.invokeMethod(ReflectionUtils.java:869)
	at com.google.gdt.eclipse.designer.hosted.tdt.HostedModeSupport.createModuleSpaceHost(HostedModeSupport.java:451)
	at sun.reflect.NativeMethodAccessorImpl.invoke0(Native Method)
	at sun.reflect.NativeMethodAccessorImpl.invoke(NativeMethodAccessorImpl.java:57)
	at sun.reflect.DelegatingMethodAccessorImpl.invoke(DelegatingMethodAccessorImpl.java:43)
	at java.lang.reflect.Method.invoke(Method.java:601)
	at org.eclipse.wb.internal.core.utils.reflect.ReflectionUtils.invokeMethod(ReflectionUtils.java:869)
	at com.google.gdt.eclipse.designer.WarmUpSupport.warmUpHostedMode(WarmUpSupport.java:125)
	at com.google.gdt.eclipse.designer.WarmUpSupport.warmUpHostedMode(WarmUpSupport.java:103)
	at com.google.gdt.eclipse.designer.WarmUpSupport.doWarmUp(WarmUpSupport.java:84)
	at com.google.gdt.eclipse.designer.Activator.earlyStartup(Activator.java:190)
	at org.eclipse.ui.internal.EarlyStartupRunnable.runEarlyStartup(EarlyStartupRunnable.java:87)
	at org.eclipse.ui.internal.EarlyStartupRunnable.run(EarlyStartupRunnable.java:73)
	at org.eclipse.core.runtime.SafeRunner.run(SafeRunner.java:42)
	at org.eclipse.ui.internal.Workbench$54.run(Workbench.java:2412)
	at org.eclipse.core.internal.jobs.Worker.run(Worker.java:53)
      [ERROR] Line 23: Unexpected exception while processing element 'inherits'
com.google.gwt.core.ext.UnableToCompleteException: (see previous log entries)
	at com.google.gwt.dev.cfg.ModuleDefLoader.nestedLoad(ModuleDefLoader.java:260)
	at com.google.gwt.dev.cfg.ModuleDefSchema$BodySchema.__inherits_begin(ModuleDefSchema.java:354)
	at sun.reflect.NativeMethodAccessorImpl.invoke0(Native Method)
	at sun.reflect.NativeMethodAccessorImpl.invoke(NativeMethodAccessorImpl.java:57)
	at sun.reflect.DelegatingMethodAccessorImpl.invoke(DelegatingMethodAccessorImpl.java:43)
	at java.lang.reflect.Method.invoke(Method.java:601)
	at com.google.gwt.dev.util.xml.HandlerMethod.invokeBegin(HandlerMethod.java:223)
	at com.google.gwt.dev.util.xml.ReflectiveParser$Impl.startElement(ReflectiveParser.java:270)
	at org.apache.xerces.parsers.AbstractSAXParser.startElement(Unknown Source)
	at org.apache.xerces.parsers.AbstractXMLDocumentParser.emptyElement(Unknown Source)
	at org.apache.xerces.impl.XMLDocumentFragmentScannerImpl.scanStartElement(Unknown Source)
	at org.apache.xerces.impl.XMLDocumentFragmentScannerImpl$FragmentContentDispatcher.dispatch(Unknown Source)
	at org.apache.xerces.impl.XMLDocumentFragmentScannerImpl.scanDocument(Unknown Source)
	at org.apache.xerces.parsers.XML11Configuration.parse(Unknown Source)
	at org.apache.xerces.parsers.XML11Configuration.parse(Unknown Source)
	at org.apache.xerces.parsers.XMLParser.parse(Unknown Source)
	at org.apache.xerces.parsers.AbstractSAXParser.parse(Unknown Source)
	at org.apache.xerces.jaxp.SAXParserImpl$JAXPSAXParser.parse(Unknown Source)
	at com.google.gwt.dev.util.xml.ReflectiveParser$Impl.parse(ReflectiveParser.java:327)
	at com.google.gwt.dev.util.xml.ReflectiveParser$Impl.access$100(ReflectiveParser.java:48)
	at com.google.gwt.dev.util.xml.ReflectiveParser.parse(ReflectiveParser.java:398)
	at com.google.gwt.dev.cfg.ModuleDefLoader.nestedLoad(ModuleDefLoader.java:257)
	at com.google.gwt.dev.cfg.ModuleDefSchema$BodySchema.__inherits_begin(ModuleDefSchema.java:354)
	at sun.reflect.NativeMethodAccessorImpl.invoke0(Native Method)
	at sun.reflect.NativeMethodAccessorImpl.invoke(NativeMethodAccessorImpl.java:57)
	at sun.reflect.DelegatingMethodAccessorImpl.invoke(DelegatingMethodAccessorImpl.java:43)
	at java.lang.reflect.Method.invoke(Method.java:601)
	at com.google.gwt.dev.util.xml.HandlerMethod.invokeBegin(HandlerMethod.java:223)
	at com.google.gwt.dev.util.xml.ReflectiveParser$Impl.startElement(ReflectiveParser.java:270)
	at org.apache.xerces.parsers.AbstractSAXParser.startElement(Unknown Source)
	at org.apache.xerces.parsers.AbstractXMLDocumentParser.emptyElement(Unknown Source)
	at org.apache.xerces.impl.XMLDocumentFragmentScannerImpl.scanStartElement(Unknown Source)
	at org.apache.xerces.impl.XMLDocumentFragmentScannerImpl$FragmentContentDispatcher.dispatch(Unknown Source)
	at org.apache.xerces.impl.XMLDocumentFragmentScannerImpl.scanDocument(Unknown Source)
	at org.apache.xerces.parsers.XML11Configuration.parse(Unknown Source)
	at org.apache.xerces.parsers.XML11Configuration.parse(Unknown Source)
	at org.apache.xerces.parsers.XMLParser.parse(Unknown Source)
	at org.apache.xerces.parsers.AbstractSAXParser.parse(Unknown Source)
	at org.apache.xerces.jaxp.SAXParserImpl$JAXPSAXParser.parse(Unknown Source)
	at com.google.gwt.dev.util.xml.ReflectiveParser$Impl.parse(ReflectiveParser.java:327)
	at com.google.gwt.dev.util.xml.ReflectiveParser$Impl.access$100(ReflectiveParser.java:48)
	at com.google.gwt.dev.util.xml.ReflectiveParser.parse(ReflectiveParser.java:398)
	at com.google.gwt.dev.cfg.ModuleDefLoader.nestedLoad(ModuleDefLoader.java:257)
	at com.google.gwt.dev.cfg.ModuleDefSchema$BodySchema.__inherits_begin(ModuleDefSchema.java:354)
	at sun.reflect.NativeMethodAccessorImpl.invoke0(Native Method)
	at sun.reflect.NativeMethodAccessorImpl.invoke(NativeMethodAccessorImpl.java:57)
	at sun.reflect.DelegatingMethodAccessorImpl.invoke(DelegatingMethodAccessorImpl.java:43)
	at java.lang.reflect.Method.invoke(Method.java:601)
	at com.google.gwt.dev.util.xml.HandlerMethod.invokeBegin(HandlerMethod.java:223)
	at com.google.gwt.dev.util.xml.ReflectiveParser$Impl.startElement(ReflectiveParser.java:270)
	at org.apache.xerces.parsers.AbstractSAXParser.startElement(Unknown Source)
	at org.apache.xerces.parsers.AbstractXMLDocumentParser.emptyElement(Unknown Source)
	at org.apache.xerces.impl.XMLDocumentFragmentScannerImpl.scanStartElement(Unknown Source)
	at org.apache.xerces.impl.XMLDocumentFragmentScannerImpl$FragmentContentDispatcher.dispatch(Unknown Source)
	at org.apache.xerces.impl.XMLDocumentFragmentScannerImpl.scanDocument(Unknown Source)
	at org.apache.xerces.parsers.XML11Configuration.parse(Unknown Source)
	at org.apache.xerces.parsers.XML11Configuration.parse(Unknown Source)
	at org.apache.xerces.parsers.XMLParser.parse(Unknown Source)
	at org.apache.xerces.parsers.AbstractSAXParser.parse(Unknown Source)
	at org.apache.xerces.jaxp.SAXParserImpl$JAXPSAXParser.parse(Unknown Source)
	at com.google.gwt.dev.util.xml.ReflectiveParser$Impl.parse(ReflectiveParser.java:327)
	at com.google.gwt.dev.util.xml.ReflectiveParser$Impl.access$100(ReflectiveParser.java:48)
	at com.google.gwt.dev.util.xml.ReflectiveParser.parse(ReflectiveParser.java:398)
	at com.google.gwt.dev.cfg.ModuleDefLoader.nestedLoad(ModuleDefLoader.java:257)
	at com.google.gwt.dev.cfg.ModuleDefLoader$1.load(ModuleDefLoader.java:169)
	at com.google.gwt.dev.cfg.ModuleDefLoader.doLoadModule(ModuleDefLoader.java:283)
	at com.google.gwt.dev.cfg.ModuleDefLoader.loadFromClassPath(ModuleDefLoader.java:141)
	at com.google.gwt.dev.shell.designtime.HostedModeSupportImpl.loadModule(HostedModeSupportImpl.java:85)
	at com.google.gwt.dev.shell.designtime.HostedModeSupportImpl.createModuleSpaceHost(HostedModeSupportImpl.java:64)
	at sun.reflect.NativeMethodAccessorImpl.invoke0(Native Method)
	at sun.reflect.NativeMethodAccessorImpl.invoke(NativeMethodAccessorImpl.java:57)
	at sun.reflect.DelegatingMethodAccessorImpl.invoke(DelegatingMethodAccessorImpl.java:43)
	at java.lang.reflect.Method.invoke(Method.java:601)
	at org.eclipse.wb.internal.core.utils.reflect.ReflectionUtils.invokeMethod(ReflectionUtils.java:869)
	at com.google.gdt.eclipse.designer.hosted.tdt.HostedModeSupport.createModuleSpaceHost(HostedModeSupport.java:451)
	at sun.reflect.NativeMethodAccessorImpl.invoke0(Native Method)
	at sun.reflect.NativeMethodAccessorImpl.invoke(NativeMethodAccessorImpl.java:57)
	at sun.reflect.DelegatingMethodAccessorImpl.invoke(DelegatingMethodAccessorImpl.java:43)
	at java.lang.reflect.Method.invoke(Method.java:601)
	at org.eclipse.wb.internal.core.utils.reflect.ReflectionUtils.invokeMethod(ReflectionUtils.java:869)
	at com.google.gdt.eclipse.designer.WarmUpSupport.warmUpHostedMode(WarmUpSupport.java:125)
	at com.google.gdt.eclipse.designer.WarmUpSupport.warmUpHostedMode(WarmUpSupport.java:103)
	at com.google.gdt.eclipse.designer.WarmUpSupport.doWarmUp(WarmUpSupport.java:84)
	at com.google.gdt.eclipse.designer.Activator.earlyStartup(Activator.java:190)
	at org.eclipse.ui.internal.EarlyStartupRunnable.runEarlyStartup(EarlyStartupRunnable.java:87)
	at org.eclipse.ui.internal.EarlyStartupRunnable.run(EarlyStartupRunnable.java:73)
	at org.eclipse.core.runtime.SafeRunner.run(SafeRunner.java:42)
	at org.eclipse.ui.internal.Workbench$54.run(Workbench.java:2412)
	at org.eclipse.core.internal.jobs.Worker.run(Worker.java:53)
      [ERROR] Failure while parsing XML
com.google.gwt.core.ext.UnableToCompleteException: (see previous log entries)
	at com.google.gwt.dev.util.xml.DefaultSchema.onHandlerException(DefaultSchema.java:56)
	at com.google.gwt.dev.util.xml.Schema.onHandlerException(Schema.java:66)
	at com.google.gwt.dev.util.xml.Schema.onHandlerException(Schema.java:66)
	at com.google.gwt.dev.util.xml.HandlerMethod.invokeBegin(HandlerMethod.java:233)
	at com.google.gwt.dev.util.xml.ReflectiveParser$Impl.startElement(ReflectiveParser.java:270)
	at org.apache.xerces.parsers.AbstractSAXParser.startElement(Unknown Source)
	at org.apache.xerces.parsers.AbstractXMLDocumentParser.emptyElement(Unknown Source)
	at org.apache.xerces.impl.XMLDocumentFragmentScannerImpl.scanStartElement(Unknown Source)
	at org.apache.xerces.impl.XMLDocumentFragmentScannerImpl$FragmentContentDispatcher.dispatch(Unknown Source)
	at org.apache.xerces.impl.XMLDocumentFragmentScannerImpl.scanDocument(Unknown Source)
	at org.apache.xerces.parsers.XML11Configuration.parse(Unknown Source)
	at org.apache.xerces.parsers.XML11Configuration.parse(Unknown Source)
	at org.apache.xerces.parsers.XMLParser.parse(Unknown Source)
	at org.apache.xerces.parsers.AbstractSAXParser.parse(Unknown Source)
	at org.apache.xerces.jaxp.SAXParserImpl$JAXPSAXParser.parse(Unknown Source)
	at com.google.gwt.dev.util.xml.ReflectiveParser$Impl.parse(ReflectiveParser.java:327)
	at com.google.gwt.dev.util.xml.ReflectiveParser$Impl.access$100(ReflectiveParser.java:48)
	at com.google.gwt.dev.util.xml.ReflectiveParser.parse(ReflectiveParser.java:398)
	at com.google.gwt.dev.cfg.ModuleDefLoader.nestedLoad(ModuleDefLoader.java:257)
	at com.google.gwt.dev.cfg.ModuleDefSchema$BodySchema.__inherits_begin(ModuleDefSchema.java:354)
	at sun.reflect.NativeMethodAccessorImpl.invoke0(Native Method)
	at sun.reflect.NativeMethodAccessorImpl.invoke(NativeMethodAccessorImpl.java:57)
	at sun.reflect.DelegatingMethodAccessorImpl.invoke(DelegatingMethodAccessorImpl.java:43)
	at java.lang.reflect.Method.invoke(Method.java:601)
	at com.google.gwt.dev.util.xml.HandlerMethod.invokeBegin(HandlerMethod.java:223)
	at com.google.gwt.dev.util.xml.ReflectiveParser$Impl.startElement(ReflectiveParser.java:270)
	at org.apache.xerces.parsers.AbstractSAXParser.startElement(Unknown Source)
	at org.apache.xerces.parsers.AbstractXMLDocumentParser.emptyElement(Unknown Source)
	at org.apache.xerces.impl.XMLDocumentFragmentScannerImpl.scanStartElement(Unknown Source)
	at org.apache.xerces.impl.XMLDocumentFragmentScannerImpl$FragmentContentDispatcher.dispatch(Unknown Source)
	at org.apache.xerces.impl.XMLDocumentFragmentScannerImpl.scanDocument(Unknown Source)
	at org.apache.xerces.parsers.XML11Configuration.parse(Unknown Source)
	at org.apache.xerces.parsers.XML11Configuration.parse(Unknown Source)
	at org.apache.xerces.parsers.XMLParser.parse(Unknown Source)
	at org.apache.xerces.parsers.AbstractSAXParser.parse(Unknown Source)
	at org.apache.xerces.jaxp.SAXParserImpl$JAXPSAXParser.parse(Unknown Source)
	at com.google.gwt.dev.util.xml.ReflectiveParser$Impl.parse(ReflectiveParser.java:327)
	at com.google.gwt.dev.util.xml.ReflectiveParser$Impl.access$100(ReflectiveParser.java:48)
	at com.google.gwt.dev.util.xml.ReflectiveParser.parse(ReflectiveParser.java:398)
	at com.google.gwt.dev.cfg.ModuleDefLoader.nestedLoad(ModuleDefLoader.java:257)
	at com.google.gwt.dev.cfg.ModuleDefSchema$BodySchema.__inherits_begin(ModuleDefSchema.java:354)
	at sun.reflect.NativeMethodAccessorImpl.invoke0(Native Method)
	at sun.reflect.NativeMethodAccessorImpl.invoke(NativeMethodAccessorImpl.java:57)
	at sun.reflect.DelegatingMethodAccessorImpl.invoke(DelegatingMethodAccessorImpl.java:43)
	at java.lang.reflect.Method.invoke(Method.java:601)
	at com.google.gwt.dev.util.xml.HandlerMethod.invokeBegin(HandlerMethod.java:223)
	at com.google.gwt.dev.util.xml.ReflectiveParser$Impl.startElement(ReflectiveParser.java:270)
	at org.apache.xerces.parsers.AbstractSAXParser.startElement(Unknown Source)
	at org.apache.xerces.parsers.AbstractXMLDocumentParser.emptyElement(Unknown Source)
	at org.apache.xerces.impl.XMLDocumentFragmentScannerImpl.scanStartElement(Unknown Source)
	at org.apache.xerces.impl.XMLDocumentFragmentScannerImpl$FragmentContentDispatcher.dispatch(Unknown Source)
	at org.apache.xerces.impl.XMLDocumentFragmentScannerImpl.scanDocument(Unknown Source)
	at org.apache.xerces.parsers.XML11Configuration.parse(Unknown Source)
	at org.apache.xerces.parsers.XML11Configuration.parse(Unknown Source)
	at org.apache.xerces.parsers.XMLParser.parse(Unknown Source)
	at org.apache.xerces.parsers.AbstractSAXParser.parse(Unknown Source)
	at org.apache.xerces.jaxp.SAXParserImpl$JAXPSAXParser.parse(Unknown Source)
	at com.google.gwt.dev.util.xml.ReflectiveParser$Impl.parse(ReflectiveParser.java:327)
	at com.google.gwt.dev.util.xml.ReflectiveParser$Impl.access$100(ReflectiveParser.java:48)
	at com.google.gwt.dev.util.xml.ReflectiveParser.parse(ReflectiveParser.java:398)
	at com.google.gwt.dev.cfg.ModuleDefLoader.nestedLoad(ModuleDefLoader.java:257)
	at com.google.gwt.dev.cfg.ModuleDefLoader$1.load(ModuleDefLoader.java:169)
	at com.google.gwt.dev.cfg.ModuleDefLoader.doLoadModule(ModuleDefLoader.java:283)
	at com.google.gwt.dev.cfg.ModuleDefLoader.loadFromClassPath(ModuleDefLoader.java:141)
	at com.google.gwt.dev.shell.designtime.HostedModeSupportImpl.loadModule(HostedModeSupportImpl.java:85)
	at com.google.gwt.dev.shell.designtime.HostedModeSupportImpl.createModuleSpaceHost(HostedModeSupportImpl.java:64)
	at sun.reflect.NativeMethodAccessorImpl.invoke0(Native Method)
	at sun.reflect.NativeMethodAccessorImpl.invoke(NativeMethodAccessorImpl.java:57)
	at sun.reflect.DelegatingMethodAccessorImpl.invoke(DelegatingMethodAccessorImpl.java:43)
	at java.lang.reflect.Method.invoke(Method.java:601)
	at org.eclipse.wb.internal.core.utils.reflect.ReflectionUtils.invokeMethod(ReflectionUtils.java:869)
	at com.google.gdt.eclipse.designer.hosted.tdt.HostedModeSupport.createModuleSpaceHost(HostedModeSupport.java:451)
	at sun.reflect.NativeMethodAccessorImpl.invoke0(Native Method)
	at sun.reflect.NativeMethodAccessorImpl.invoke(NativeMethodAccessorImpl.java:57)
	at sun.reflect.DelegatingMethodAccessorImpl.invoke(DelegatingMethodAccessorImpl.java:43)
	at java.lang.reflect.Method.invoke(Method.java:601)
	at org.eclipse.wb.internal.core.utils.reflect.ReflectionUtils.invokeMethod(ReflectionUtils.java:869)
	at com.google.gdt.eclipse.designer.WarmUpSupport.warmUpHostedMode(WarmUpSupport.java:125)
	at com.google.gdt.eclipse.designer.WarmUpSupport.warmUpHostedMode(WarmUpSupport.java:103)
	at com.google.gdt.eclipse.designer.WarmUpSupport.doWarmUp(WarmUpSupport.java:84)
	at com.google.gdt.eclipse.designer.Activator.earlyStartup(Activator.java:190)
	at org.eclipse.ui.internal.EarlyStartupRunnable.runEarlyStartup(EarlyStartupRunnable.java:87)
	at org.eclipse.ui.internal.EarlyStartupRunnable.run(EarlyStartupRunnable.java:73)
	at org.eclipse.core.runtime.SafeRunner.run(SafeRunner.java:42)
	at org.eclipse.ui.internal.Workbench$54.run(Workbench.java:2412)
	at org.eclipse.core.internal.jobs.Worker.run(Worker.java:53)
      [ERROR] Unexpected error while processing XML
com.google.gwt.core.ext.UnableToCompleteException: (see previous log entries)
	at com.google.gwt.dev.util.xml.ReflectiveParser$Impl.parse(ReflectiveParser.java:351)
	at com.google.gwt.dev.util.xml.ReflectiveParser$Impl.access$100(ReflectiveParser.java:48)
	at com.google.gwt.dev.util.xml.ReflectiveParser.parse(ReflectiveParser.java:398)
	at com.google.gwt.dev.cfg.ModuleDefLoader.nestedLoad(ModuleDefLoader.java:257)
	at com.google.gwt.dev.cfg.ModuleDefSchema$BodySchema.__inherits_begin(ModuleDefSchema.java:354)
	at sun.reflect.NativeMethodAccessorImpl.invoke0(Native Method)
	at sun.reflect.NativeMethodAccessorImpl.invoke(NativeMethodAccessorImpl.java:57)
	at sun.reflect.DelegatingMethodAccessorImpl.invoke(DelegatingMethodAccessorImpl.java:43)
	at java.lang.reflect.Method.invoke(Method.java:601)
	at com.google.gwt.dev.util.xml.HandlerMethod.invokeBegin(HandlerMethod.java:223)
	at com.google.gwt.dev.util.xml.ReflectiveParser$Impl.startElement(ReflectiveParser.java:270)
	at org.apache.xerces.parsers.AbstractSAXParser.startElement(Unknown Source)
	at org.apache.xerces.parsers.AbstractXMLDocumentParser.emptyElement(Unknown Source)
	at org.apache.xerces.impl.XMLDocumentFragmentScannerImpl.scanStartElement(Unknown Source)
	at org.apache.xerces.impl.XMLDocumentFragmentScannerImpl$FragmentContentDispatcher.dispatch(Unknown Source)
	at org.apache.xerces.impl.XMLDocumentFragmentScannerImpl.scanDocument(Unknown Source)
	at org.apache.xerces.parsers.XML11Configuration.parse(Unknown Source)
	at org.apache.xerces.parsers.XML11Configuration.parse(Unknown Source)
	at org.apache.xerces.parsers.XMLParser.parse(Unknown Source)
	at org.apache.xerces.parsers.AbstractSAXParser.parse(Unknown Source)
	at org.apache.xerces.jaxp.SAXParserImpl$JAXPSAXParser.parse(Unknown Source)
	at com.google.gwt.dev.util.xml.ReflectiveParser$Impl.parse(ReflectiveParser.java:327)
	at com.google.gwt.dev.util.xml.ReflectiveParser$Impl.access$100(ReflectiveParser.java:48)
	at com.google.gwt.dev.util.xml.ReflectiveParser.parse(ReflectiveParser.java:398)
	at com.google.gwt.dev.cfg.ModuleDefLoader.nestedLoad(ModuleDefLoader.java:257)
	at com.google.gwt.dev.cfg.ModuleDefSchema$BodySchema.__inherits_begin(ModuleDefSchema.java:354)
	at sun.reflect.NativeMethodAccessorImpl.invoke0(Native Method)
	at sun.reflect.NativeMethodAccessorImpl.invoke(NativeMethodAccessorImpl.java:57)
	at sun.reflect.DelegatingMethodAccessorImpl.invoke(DelegatingMethodAccessorImpl.java:43)
	at java.lang.reflect.Method.invoke(Method.java:601)
	at com.google.gwt.dev.util.xml.HandlerMethod.invokeBegin(HandlerMethod.java:223)
	at com.google.gwt.dev.util.xml.ReflectiveParser$Impl.startElement(ReflectiveParser.java:270)
	at org.apache.xerces.parsers.AbstractSAXParser.startElement(Unknown Source)
	at org.apache.xerces.parsers.AbstractXMLDocumentParser.emptyElement(Unknown Source)
	at org.apache.xerces.impl.XMLDocumentFragmentScannerImpl.scanStartElement(Unknown Source)
	at org.apache.xerces.impl.XMLDocumentFragmentScannerImpl$FragmentContentDispatcher.dispatch(Unknown Source)
	at org.apache.xerces.impl.XMLDocumentFragmentScannerImpl.scanDocument(Unknown Source)
	at org.apache.xerces.parsers.XML11Configuration.parse(Unknown Source)
	at org.apache.xerces.parsers.XML11Configuration.parse(Unknown Source)
	at org.apache.xerces.parsers.XMLParser.parse(Unknown Source)
	at org.apache.xerces.parsers.AbstractSAXParser.parse(Unknown Source)
	at org.apache.xerces.jaxp.SAXParserImpl$JAXPSAXParser.parse(Unknown Source)
	at com.google.gwt.dev.util.xml.ReflectiveParser$Impl.parse(ReflectiveParser.java:327)
	at com.google.gwt.dev.util.xml.ReflectiveParser$Impl.access$100(ReflectiveParser.java:48)
	at com.google.gwt.dev.util.xml.ReflectiveParser.parse(ReflectiveParser.java:398)
	at com.google.gwt.dev.cfg.ModuleDefLoader.nestedLoad(ModuleDefLoader.java:257)
	at com.google.gwt.dev.cfg.ModuleDefLoader$1.load(ModuleDefLoader.java:169)
	at com.google.gwt.dev.cfg.ModuleDefLoader.doLoadModule(ModuleDefLoader.java:283)
	at com.google.gwt.dev.cfg.ModuleDefLoader.loadFromClassPath(ModuleDefLoader.java:141)
	at com.google.gwt.dev.shell.designtime.HostedModeSupportImpl.loadModule(HostedModeSupportImpl.java:85)
	at com.google.gwt.dev.shell.designtime.HostedModeSupportImpl.createModuleSpaceHost(HostedModeSupportImpl.java:64)
	at sun.reflect.NativeMethodAccessorImpl.invoke0(Native Method)
	at sun.reflect.NativeMethodAccessorImpl.invoke(NativeMethodAccessorImpl.java:57)
	at sun.reflect.DelegatingMethodAccessorImpl.invoke(DelegatingMethodAccessorImpl.java:43)
	at java.lang.reflect.Method.invoke(Method.java:601)
	at org.eclipse.wb.internal.core.utils.reflect.ReflectionUtils.invokeMethod(ReflectionUtils.java:869)
	at com.google.gdt.eclipse.designer.hosted.tdt.HostedModeSupport.createModuleSpaceHost(HostedModeSupport.java:451)
	at sun.reflect.NativeMethodAccessorImpl.invoke0(Native Method)
	at sun.reflect.NativeMethodAccessorImpl.invoke(NativeMethodAccessorImpl.java:57)
	at sun.reflect.DelegatingMethodAccessorImpl.invoke(DelegatingMethodAccessorImpl.java:43)
	at java.lang.reflect.Method.invoke(Method.java:601)
	at org.eclipse.wb.internal.core.utils.reflect.ReflectionUtils.invokeMethod(ReflectionUtils.java:869)
	at com.google.gdt.eclipse.designer.WarmUpSupport.warmUpHostedMode(WarmUpSupport.java:125)
	at com.google.gdt.eclipse.designer.WarmUpSupport.warmUpHostedMode(WarmUpSupport.java:103)
	at com.google.gdt.eclipse.designer.WarmUpSupport.doWarmUp(WarmUpSupport.java:84)
	at com.google.gdt.eclipse.designer.Activator.earlyStartup(Activator.java:190)
	at org.eclipse.ui.internal.EarlyStartupRunnable.runEarlyStartup(EarlyStartupRunnable.java:87)
	at org.eclipse.ui.internal.EarlyStartupRunnable.run(EarlyStartupRunnable.java:73)
	at org.eclipse.core.runtime.SafeRunner.run(SafeRunner.java:42)
	at org.eclipse.ui.internal.Workbench$54.run(Workbench.java:2412)
	at org.eclipse.core.internal.jobs.Worker.run(Worker.java:53)
   [ERROR] Line 20: Unexpected exception while processing element 'inherits'
com.google.gwt.core.ext.UnableToCompleteException: (see previous log entries)
	at com.google.gwt.dev.cfg.ModuleDefLoader.nestedLoad(ModuleDefLoader.java:260)
	at com.google.gwt.dev.cfg.ModuleDefSchema$BodySchema.__inherits_begin(ModuleDefSchema.java:354)
	at sun.reflect.NativeMethodAccessorImpl.invoke0(Native Method)
	at sun.reflect.NativeMethodAccessorImpl.invoke(NativeMethodAccessorImpl.java:57)
	at sun.reflect.DelegatingMethodAccessorImpl.invoke(DelegatingMethodAccessorImpl.java:43)
	at java.lang.reflect.Method.invoke(Method.java:601)
	at com.google.gwt.dev.util.xml.HandlerMethod.invokeBegin(HandlerMethod.java:223)
	at com.google.gwt.dev.util.xml.ReflectiveParser$Impl.startElement(ReflectiveParser.java:270)
	at org.apache.xerces.parsers.AbstractSAXParser.startElement(Unknown Source)
	at org.apache.xerces.parsers.AbstractXMLDocumentParser.emptyElement(Unknown Source)
	at org.apache.xerces.impl.XMLDocumentFragmentScannerImpl.scanStartElement(Unknown Source)
	at org.apache.xerces.impl.XMLDocumentFragmentScannerImpl$FragmentContentDispatcher.dispatch(Unknown Source)
	at org.apache.xerces.impl.XMLDocumentFragmentScannerImpl.scanDocument(Unknown Source)
	at org.apache.xerces.parsers.XML11Configuration.parse(Unknown Source)
	at org.apache.xerces.parsers.XML11Configuration.parse(Unknown Source)
	at org.apache.xerces.parsers.XMLParser.parse(Unknown Source)
	at org.apache.xerces.parsers.AbstractSAXParser.parse(Unknown Source)
	at org.apache.xerces.jaxp.SAXParserImpl$JAXPSAXParser.parse(Unknown Source)
	at com.google.gwt.dev.util.xml.ReflectiveParser$Impl.parse(ReflectiveParser.java:327)
	at com.google.gwt.dev.util.xml.ReflectiveParser$Impl.access$100(ReflectiveParser.java:48)
	at com.google.gwt.dev.util.xml.ReflectiveParser.parse(ReflectiveParser.java:398)
	at com.google.gwt.dev.cfg.ModuleDefLoader.nestedLoad(ModuleDefLoader.java:257)
	at com.google.gwt.dev.cfg.ModuleDefSchema$BodySchema.__inherits_begin(ModuleDefSchema.java:354)
	at sun.reflect.NativeMethodAccessorImpl.invoke0(Native Method)
	at sun.reflect.NativeMethodAccessorImpl.invoke(NativeMethodAccessorImpl.java:57)
	at sun.reflect.DelegatingMethodAccessorImpl.invoke(DelegatingMethodAccessorImpl.java:43)
	at java.lang.reflect.Method.invoke(Method.java:601)
	at com.google.gwt.dev.util.xml.HandlerMethod.invokeBegin(HandlerMethod.java:223)
	at com.google.gwt.dev.util.xml.ReflectiveParser$Impl.startElement(ReflectiveParser.java:270)
	at org.apache.xerces.parsers.AbstractSAXParser.startElement(Unknown Source)
	at org.apache.xerces.parsers.AbstractXMLDocumentParser.emptyElement(Unknown Source)
	at org.apache.xerces.impl.XMLDocumentFragmentScannerImpl.scanStartElement(Unknown Source)
	at org.apache.xerces.impl.XMLDocumentFragmentScannerImpl$FragmentContentDispatcher.dispatch(Unknown Source)
	at org.apache.xerces.impl.XMLDocumentFragmentScannerImpl.scanDocument(Unknown Source)
	at org.apache.xerces.parsers.XML11Configuration.parse(Unknown Source)
	at org.apache.xerces.parsers.XML11Configuration.parse(Unknown Source)
	at org.apache.xerces.parsers.XMLParser.parse(Unknown Source)
	at org.apache.xerces.parsers.AbstractSAXParser.parse(Unknown Source)
	at org.apache.xerces.jaxp.SAXParserImpl$JAXPSAXParser.parse(Unknown Source)
	at com.google.gwt.dev.util.xml.ReflectiveParser$Impl.parse(ReflectiveParser.java:327)
	at com.google.gwt.dev.util.xml.ReflectiveParser$Impl.access$100(ReflectiveParser.java:48)
	at com.google.gwt.dev.util.xml.ReflectiveParser.parse(ReflectiveParser.java:398)
	at com.google.gwt.dev.cfg.ModuleDefLoader.nestedLoad(ModuleDefLoader.java:257)
	at com.google.gwt.dev.cfg.ModuleDefLoader$1.load(ModuleDefLoader.java:169)
	at com.google.gwt.dev.cfg.ModuleDefLoader.doLoadModule(ModuleDefLoader.java:283)
	at com.google.gwt.dev.cfg.ModuleDefLoader.loadFromClassPath(ModuleDefLoader.java:141)
	at com.google.gwt.dev.shell.designtime.HostedModeSupportImpl.loadModule(HostedModeSupportImpl.java:85)
	at com.google.gwt.dev.shell.designtime.HostedModeSupportImpl.createModuleSpaceHost(HostedModeSupportImpl.java:64)
	at sun.reflect.NativeMethodAccessorImpl.invoke0(Native Method)
	at sun.reflect.NativeMethodAccessorImpl.invoke(NativeMethodAccessorImpl.java:57)
	at sun.reflect.DelegatingMethodAccessorImpl.invoke(DelegatingMethodAccessorImpl.java:43)
	at java.lang.reflect.Method.invoke(Method.java:601)
	at org.eclipse.wb.internal.core.utils.reflect.ReflectionUtils.invokeMethod(ReflectionUtils.java:869)
	at com.google.gdt.eclipse.designer.hosted.tdt.HostedModeSupport.createModuleSpaceHost(HostedModeSupport.java:451)
	at sun.reflect.NativeMethodAccessorImpl.invoke0(Native Method)
	at sun.reflect.NativeMethodAccessorImpl.invoke(NativeMethodAccessorImpl.java:57)
	at sun.reflect.DelegatingMethodAccessorImpl.invoke(DelegatingMethodAccessorImpl.java:43)
	at java.lang.reflect.Method.invoke(Method.java:601)
	at org.eclipse.wb.internal.core.utils.reflect.ReflectionUtils.invokeMethod(ReflectionUtils.java:869)
	at com.google.gdt.eclipse.designer.WarmUpSupport.warmUpHostedMode(WarmUpSupport.java:125)
	at com.google.gdt.eclipse.designer.WarmUpSupport.warmUpHostedMode(WarmUpSupport.java:103)
	at com.google.gdt.eclipse.designer.WarmUpSupport.doWarmUp(WarmUpSupport.java:84)
	at com.google.gdt.eclipse.designer.Activator.earlyStartup(Activator.java:190)
	at org.eclipse.ui.internal.EarlyStartupRunnable.runEarlyStartup(EarlyStartupRunnable.java:87)
	at org.eclipse.ui.internal.EarlyStartupRunnable.run(EarlyStartupRunnable.java:73)
	at org.eclipse.core.runtime.SafeRunner.run(SafeRunner.java:42)
	at org.eclipse.ui.internal.Workbench$54.run(Workbench.java:2412)
	at org.eclipse.core.internal.jobs.Worker.run(Worker.java:53)
   [ERROR] Failure while parsing XML
com.google.gwt.core.ext.UnableToCompleteException: (see previous log entries)
	at com.google.gwt.dev.util.xml.DefaultSchema.onHandlerException(DefaultSchema.java:56)
	at com.google.gwt.dev.util.xml.Schema.onHandlerException(Schema.java:66)
	at com.google.gwt.dev.util.xml.Schema.onHandlerException(Schema.java:66)
	at com.google.gwt.dev.util.xml.HandlerMethod.invokeBegin(HandlerMethod.java:233)
	at com.google.gwt.dev.util.xml.ReflectiveParser$Impl.startElement(ReflectiveParser.java:270)
	at org.apache.xerces.parsers.AbstractSAXParser.startElement(Unknown Source)
	at org.apache.xerces.parsers.AbstractXMLDocumentParser.emptyElement(Unknown Source)
	at org.apache.xerces.impl.XMLDocumentFragmentScannerImpl.scanStartElement(Unknown Source)
	at org.apache.xerces.impl.XMLDocumentFragmentScannerImpl$FragmentContentDispatcher.dispatch(Unknown Source)
	at org.apache.xerces.impl.XMLDocumentFragmentScannerImpl.scanDocument(Unknown Source)
	at org.apache.xerces.parsers.XML11Configuration.parse(Unknown Source)
	at org.apache.xerces.parsers.XML11Configuration.parse(Unknown Source)
	at org.apache.xerces.parsers.XMLParser.parse(Unknown Source)
	at org.apache.xerces.parsers.AbstractSAXParser.parse(Unknown Source)
	at org.apache.xerces.jaxp.SAXParserImpl$JAXPSAXParser.parse(Unknown Source)
	at com.google.gwt.dev.util.xml.ReflectiveParser$Impl.parse(ReflectiveParser.java:327)
	at com.google.gwt.dev.util.xml.ReflectiveParser$Impl.access$100(ReflectiveParser.java:48)
	at com.google.gwt.dev.util.xml.ReflectiveParser.parse(ReflectiveParser.java:398)
	at com.google.gwt.dev.cfg.ModuleDefLoader.nestedLoad(ModuleDefLoader.java:257)
	at com.google.gwt.dev.cfg.ModuleDefSchema$BodySchema.__inherits_begin(ModuleDefSchema.java:354)
	at sun.reflect.NativeMethodAccessorImpl.invoke0(Native Method)
	at sun.reflect.NativeMethodAccessorImpl.invoke(NativeMethodAccessorImpl.java:57)
	at sun.reflect.DelegatingMethodAccessorImpl.invoke(DelegatingMethodAccessorImpl.java:43)
	at java.lang.reflect.Method.invoke(Method.java:601)
	at com.google.gwt.dev.util.xml.HandlerMethod.invokeBegin(HandlerMethod.java:223)
	at com.google.gwt.dev.util.xml.ReflectiveParser$Impl.startElement(ReflectiveParser.java:270)
	at org.apache.xerces.parsers.AbstractSAXParser.startElement(Unknown Source)
	at org.apache.xerces.parsers.AbstractXMLDocumentParser.emptyElement(Unknown Source)
	at org.apache.xerces.impl.XMLDocumentFragmentScannerImpl.scanStartElement(Unknown Source)
	at org.apache.xerces.impl.XMLDocumentFragmentScannerImpl$FragmentContentDispatcher.dispatch(Unknown Source)
	at org.apache.xerces.impl.XMLDocumentFragmentScannerImpl.scanDocument(Unknown Source)
	at org.apache.xerces.parsers.XML11Configuration.parse(Unknown Source)
	at org.apache.xerces.parsers.XML11Configuration.parse(Unknown Source)
	at org.apache.xerces.parsers.XMLParser.parse(Unknown Source)
	at org.apache.xerces.parsers.AbstractSAXParser.parse(Unknown Source)
	at org.apache.xerces.jaxp.SAXParserImpl$JAXPSAXParser.parse(Unknown Source)
	at com.google.gwt.dev.util.xml.ReflectiveParser$Impl.parse(ReflectiveParser.java:327)
	at com.google.gwt.dev.util.xml.ReflectiveParser$Impl.access$100(ReflectiveParser.java:48)
	at com.google.gwt.dev.util.xml.ReflectiveParser.parse(ReflectiveParser.java:398)
	at com.google.gwt.dev.cfg.ModuleDefLoader.nestedLoad(ModuleDefLoader.java:257)
	at com.google.gwt.dev.cfg.ModuleDefLoader$1.load(ModuleDefLoader.java:169)
	at com.google.gwt.dev.cfg.ModuleDefLoader.doLoadModule(ModuleDefLoader.java:283)
	at com.google.gwt.dev.cfg.ModuleDefLoader.loadFromClassPath(ModuleDefLoader.java:141)
	at com.google.gwt.dev.shell.designtime.HostedModeSupportImpl.loadModule(HostedModeSupportImpl.java:85)
	at com.google.gwt.dev.shell.designtime.HostedModeSupportImpl.createModuleSpaceHost(HostedModeSupportImpl.java:64)
	at sun.reflect.NativeMethodAccessorImpl.invoke0(Native Method)
	at sun.reflect.NativeMethodAccessorImpl.invoke(NativeMethodAccessorImpl.java:57)
	at sun.reflect.DelegatingMethodAccessorImpl.invoke(DelegatingMethodAccessorImpl.java:43)
	at java.lang.reflect.Method.invoke(Method.java:601)
	at org.eclipse.wb.internal.core.utils.reflect.ReflectionUtils.invokeMethod(ReflectionUtils.java:869)
	at com.google.gdt.eclipse.designer.hosted.tdt.HostedModeSupport.createModuleSpaceHost(HostedModeSupport.java:451)
	at sun.reflect.NativeMethodAccessorImpl.invoke0(Native Method)
	at sun.reflect.NativeMethodAccessorImpl.invoke(NativeMethodAccessorImpl.java:57)
	at sun.reflect.DelegatingMethodAccessorImpl.invoke(DelegatingMethodAccessorImpl.java:43)
	at java.lang.reflect.Method.invoke(Method.java:601)
	at org.eclipse.wb.internal.core.utils.reflect.ReflectionUtils.invokeMethod(ReflectionUtils.java:869)
	at com.google.gdt.eclipse.designer.WarmUpSupport.warmUpHostedMode(WarmUpSupport.java:125)
	at com.google.gdt.eclipse.designer.WarmUpSupport.warmUpHostedMode(WarmUpSupport.java:103)
	at com.google.gdt.eclipse.designer.WarmUpSupport.doWarmUp(WarmUpSupport.java:84)
	at com.google.gdt.eclipse.designer.Activator.earlyStartup(Activator.java:190)
	at org.eclipse.ui.internal.EarlyStartupRunnable.runEarlyStartup(EarlyStartupRunnable.java:87)
	at org.eclipse.ui.internal.EarlyStartupRunnable.run(EarlyStartupRunnable.java:73)
	at org.eclipse.core.runtime.SafeRunner.run(SafeRunner.java:42)
	at org.eclipse.ui.internal.Workbench$54.run(Workbench.java:2412)
	at org.eclipse.core.internal.jobs.Worker.run(Worker.java:53)
   [ERROR] Unexpected error while processing XML
com.google.gwt.core.ext.UnableToCompleteException: (see previous log entries)
	at com.google.gwt.dev.util.xml.ReflectiveParser$Impl.parse(ReflectiveParser.java:351)
	at com.google.gwt.dev.util.xml.ReflectiveParser$Impl.access$100(ReflectiveParser.java:48)
	at com.google.gwt.dev.util.xml.ReflectiveParser.parse(ReflectiveParser.java:398)
	at com.google.gwt.dev.cfg.ModuleDefLoader.nestedLoad(ModuleDefLoader.java:257)
	at com.google.gwt.dev.cfg.ModuleDefSchema$BodySchema.__inherits_begin(ModuleDefSchema.java:354)
	at sun.reflect.NativeMethodAccessorImpl.invoke0(Native Method)
	at sun.reflect.NativeMethodAccessorImpl.invoke(NativeMethodAccessorImpl.java:57)
	at sun.reflect.DelegatingMethodAccessorImpl.invoke(DelegatingMethodAccessorImpl.java:43)
	at java.lang.reflect.Method.invoke(Method.java:601)
	at com.google.gwt.dev.util.xml.HandlerMethod.invokeBegin(HandlerMethod.java:223)
	at com.google.gwt.dev.util.xml.ReflectiveParser$Impl.startElement(ReflectiveParser.java:270)
	at org.apache.xerces.parsers.AbstractSAXParser.startElement(Unknown Source)
	at org.apache.xerces.parsers.AbstractXMLDocumentParser.emptyElement(Unknown Source)
	at org.apache.xerces.impl.XMLDocumentFragmentScannerImpl.scanStartElement(Unknown Source)
	at org.apache.xerces.impl.XMLDocumentFragmentScannerImpl$FragmentContentDispatcher.dispatch(Unknown Source)
	at org.apache.xerces.impl.XMLDocumentFragmentScannerImpl.scanDocument(Unknown Source)
	at org.apache.xerces.parsers.XML11Configuration.parse(Unknown Source)
	at org.apache.xerces.parsers.XML11Configuration.parse(Unknown Source)
	at org.apache.xerces.parsers.XMLParser.parse(Unknown Source)
	at org.apache.xerces.parsers.AbstractSAXParser.parse(Unknown Source)
	at org.apache.xerces.jaxp.SAXParserImpl$JAXPSAXParser.parse(Unknown Source)
	at com.google.gwt.dev.util.xml.ReflectiveParser$Impl.parse(ReflectiveParser.java:327)
	at com.google.gwt.dev.util.xml.ReflectiveParser$Impl.access$100(ReflectiveParser.java:48)
	at com.google.gwt.dev.util.xml.ReflectiveParser.parse(ReflectiveParser.java:398)
	at com.google.gwt.dev.cfg.ModuleDefLoader.nestedLoad(ModuleDefLoader.java:257)
	at com.google.gwt.dev.cfg.ModuleDefLoader$1.load(ModuleDefLoader.java:169)
	at com.google.gwt.dev.cfg.ModuleDefLoader.doLoadModule(ModuleDefLoader.java:283)
	at com.google.gwt.dev.cfg.ModuleDefLoader.loadFromClassPath(ModuleDefLoader.java:141)
	at com.google.gwt.dev.shell.designtime.HostedModeSupportImpl.loadModule(HostedModeSupportImpl.java:85)
	at com.google.gwt.dev.shell.designtime.HostedModeSupportImpl.createModuleSpaceHost(HostedModeSupportImpl.java:64)
	at sun.reflect.NativeMethodAccessorImpl.invoke0(Native Method)
	at sun.reflect.NativeMethodAccessorImpl.invoke(NativeMethodAccessorImpl.java:57)
	at sun.reflect.DelegatingMethodAccessorImpl.invoke(DelegatingMethodAccessorImpl.java:43)
	at java.lang.reflect.Method.invoke(Method.java:601)
	at org.eclipse.wb.internal.core.utils.reflect.ReflectionUtils.invokeMethod(ReflectionUtils.java:869)
	at com.google.gdt.eclipse.designer.hosted.tdt.HostedModeSupport.createModuleSpaceHost(HostedModeSupport.java:451)
	at sun.reflect.NativeMethodAccessorImpl.invoke0(Native Method)
	at sun.reflect.NativeMethodAccessorImpl.invoke(NativeMethodAccessorImpl.java:57)
	at sun.reflect.DelegatingMethodAccessorImpl.invoke(DelegatingMethodAccessorImpl.java:43)
	at java.lang.reflect.Method.invoke(Method.java:601)
	at org.eclipse.wb.internal.core.utils.reflect.ReflectionUtils.invokeMethod(ReflectionUtils.java:869)
	at com.google.gdt.eclipse.designer.WarmUpSupport.warmUpHostedMode(WarmUpSupport.java:125)
	at com.google.gdt.eclipse.designer.WarmUpSupport.warmUpHostedMode(WarmUpSupport.java:103)
	at com.google.gdt.eclipse.designer.WarmUpSupport.doWarmUp(WarmUpSupport.java:84)
	at com.google.gdt.eclipse.designer.Activator.earlyStartup(Activator.java:190)
	at org.eclipse.ui.internal.EarlyStartupRunnable.runEarlyStartup(EarlyStartupRunnable.java:87)
	at org.eclipse.ui.internal.EarlyStartupRunnable.run(EarlyStartupRunnable.java:73)
	at org.eclipse.core.runtime.SafeRunner.run(SafeRunner.java:42)
	at org.eclipse.ui.internal.Workbench$54.run(Workbench.java:2412)
	at org.eclipse.core.internal.jobs.Worker.run(Worker.java:53)
[ERROR] Line 21: Unexpected exception while processing element 'inherits'
com.google.gwt.core.ext.UnableToCompleteException: (see previous log entries)
	at com.google.gwt.dev.cfg.ModuleDefLoader.nestedLoad(ModuleDefLoader.java:260)
	at com.google.gwt.dev.cfg.ModuleDefSchema$BodySchema.__inherits_begin(ModuleDefSchema.java:354)
	at sun.reflect.NativeMethodAccessorImpl.invoke0(Native Method)
	at sun.reflect.NativeMethodAccessorImpl.invoke(NativeMethodAccessorImpl.java:57)
	at sun.reflect.DelegatingMethodAccessorImpl.invoke(DelegatingMethodAccessorImpl.java:43)
	at java.lang.reflect.Method.invoke(Method.java:601)
	at com.google.gwt.dev.util.xml.HandlerMethod.invokeBegin(HandlerMethod.java:223)
	at com.google.gwt.dev.util.xml.ReflectiveParser$Impl.startElement(ReflectiveParser.java:270)
	at org.apache.xerces.parsers.AbstractSAXParser.startElement(Unknown Source)
	at org.apache.xerces.parsers.AbstractXMLDocumentParser.emptyElement(Unknown Source)
	at org.apache.xerces.impl.XMLDocumentFragmentScannerImpl.scanStartElement(Unknown Source)
	at org.apache.xerces.impl.XMLDocumentFragmentScannerImpl$FragmentContentDispatcher.dispatch(Unknown Source)
	at org.apache.xerces.impl.XMLDocumentFragmentScannerImpl.scanDocument(Unknown Source)
	at org.apache.xerces.parsers.XML11Configuration.parse(Unknown Source)
	at org.apache.xerces.parsers.XML11Configuration.parse(Unknown Source)
	at org.apache.xerces.parsers.XMLParser.parse(Unknown Source)
	at org.apache.xerces.parsers.AbstractSAXParser.parse(Unknown Source)
	at org.apache.xerces.jaxp.SAXParserImpl$JAXPSAXParser.parse(Unknown Source)
	at com.google.gwt.dev.util.xml.ReflectiveParser$Impl.parse(ReflectiveParser.java:327)
	at com.google.gwt.dev.util.xml.ReflectiveParser$Impl.access$100(ReflectiveParser.java:48)
	at com.google.gwt.dev.util.xml.ReflectiveParser.parse(ReflectiveParser.java:398)
	at com.google.gwt.dev.cfg.ModuleDefLoader.nestedLoad(ModuleDefLoader.java:257)
	at com.google.gwt.dev.cfg.ModuleDefLoader$1.load(ModuleDefLoader.java:169)
	at com.google.gwt.dev.cfg.ModuleDefLoader.doLoadModule(ModuleDefLoader.java:283)
	at com.google.gwt.dev.cfg.ModuleDefLoader.loadFromClassPath(ModuleDefLoader.java:141)
	at com.google.gwt.dev.shell.designtime.HostedModeSupportImpl.loadModule(HostedModeSupportImpl.java:85)
	at com.google.gwt.dev.shell.designtime.HostedModeSupportImpl.createModuleSpaceHost(HostedModeSupportImpl.java:64)
	at sun.reflect.NativeMethodAccessorImpl.invoke0(Native Method)
	at sun.reflect.NativeMethodAccessorImpl.invoke(NativeMethodAccessorImpl.java:57)
	at sun.reflect.DelegatingMethodAccessorImpl.invoke(DelegatingMethodAccessorImpl.java:43)
	at java.lang.reflect.Method.invoke(Method.java:601)
	at org.eclipse.wb.internal.core.utils.reflect.ReflectionUtils.invokeMethod(ReflectionUtils.java:869)
	at com.google.gdt.eclipse.designer.hosted.tdt.HostedModeSupport.createModuleSpaceHost(HostedModeSupport.java:451)
	at sun.reflect.NativeMethodAccessorImpl.invoke0(Native Method)
	at sun.reflect.NativeMethodAccessorImpl.invoke(NativeMethodAccessorImpl.java:57)
	at sun.reflect.DelegatingMethodAccessorImpl.invoke(DelegatingMethodAccessorImpl.java:43)
	at java.lang.reflect.Method.invoke(Method.java:601)
	at org.eclipse.wb.internal.core.utils.reflect.ReflectionUtils.invokeMethod(ReflectionUtils.java:869)
	at com.google.gdt.eclipse.designer.WarmUpSupport.warmUpHostedMode(WarmUpSupport.java:125)
	at com.google.gdt.eclipse.designer.WarmUpSupport.warmUpHostedMode(WarmUpSupport.java:103)
	at com.google.gdt.eclipse.designer.WarmUpSupport.doWarmUp(WarmUpSupport.java:84)
	at com.google.gdt.eclipse.designer.Activator.earlyStartup(Activator.java:190)
	at org.eclipse.ui.internal.EarlyStartupRunnable.runEarlyStartup(EarlyStartupRunnable.java:87)
	at org.eclipse.ui.internal.EarlyStartupRunnable.run(EarlyStartupRunnable.java:73)
	at org.eclipse.core.runtime.SafeRunner.run(SafeRunner.java:42)
	at org.eclipse.ui.internal.Workbench$54.run(Workbench.java:2412)
	at org.eclipse.core.internal.jobs.Worker.run(Worker.java:53)
[ERROR] Failure while parsing XML
com.google.gwt.core.ext.UnableToCompleteException: (see previous log entries)
	at com.google.gwt.dev.util.xml.DefaultSchema.onHandlerException(DefaultSchema.java:56)
	at com.google.gwt.dev.util.xml.Schema.onHandlerException(Schema.java:66)
	at com.google.gwt.dev.util.xml.Schema.onHandlerException(Schema.java:66)
	at com.google.gwt.dev.util.xml.HandlerMethod.invokeBegin(HandlerMethod.java:233)
	at com.google.gwt.dev.util.xml.ReflectiveParser$Impl.startElement(ReflectiveParser.java:270)
	at org.apache.xerces.parsers.AbstractSAXParser.startElement(Unknown Source)
	at org.apache.xerces.parsers.AbstractXMLDocumentParser.emptyElement(Unknown Source)
	at org.apache.xerces.impl.XMLDocumentFragmentScannerImpl.scanStartElement(Unknown Source)
	at org.apache.xerces.impl.XMLDocumentFragmentScannerImpl$FragmentContentDispatcher.dispatch(Unknown Source)
	at org.apache.xerces.impl.XMLDocumentFragmentScannerImpl.scanDocument(Unknown Source)
	at org.apache.xerces.parsers.XML11Configuration.parse(Unknown Source)
	at org.apache.xerces.parsers.XML11Configuration.parse(Unknown Source)
	at org.apache.xerces.parsers.XMLParser.parse(Unknown Source)
	at org.apache.xerces.parsers.AbstractSAXParser.parse(Unknown Source)
	at org.apache.xerces.jaxp.SAXParserImpl$JAXPSAXParser.parse(Unknown Source)
	at com.google.gwt.dev.util.xml.ReflectiveParser$Impl.parse(ReflectiveParser.java:327)
	at com.google.gwt.dev.util.xml.ReflectiveParser$Impl.access$100(ReflectiveParser.java:48)
	at com.google.gwt.dev.util.xml.ReflectiveParser.parse(ReflectiveParser.java:398)
	at com.google.gwt.dev.cfg.ModuleDefLoader.nestedLoad(ModuleDefLoader.java:257)
	at com.google.gwt.dev.cfg.ModuleDefLoader$1.load(ModuleDefLoader.java:169)
	at com.google.gwt.dev.cfg.ModuleDefLoader.doLoadModule(ModuleDefLoader.java:283)
	at com.google.gwt.dev.cfg.ModuleDefLoader.loadFromClassPath(ModuleDefLoader.java:141)
	at com.google.gwt.dev.shell.designtime.HostedModeSupportImpl.loadModule(HostedModeSupportImpl.java:85)
	at com.google.gwt.dev.shell.designtime.HostedModeSupportImpl.createModuleSpaceHost(HostedModeSupportImpl.java:64)
	at sun.reflect.NativeMethodAccessorImpl.invoke0(Native Method)
	at sun.reflect.NativeMethodAccessorImpl.invoke(NativeMethodAccessorImpl.java:57)
	at sun.reflect.DelegatingMethodAccessorImpl.invoke(DelegatingMethodAccessorImpl.java:43)
	at java.lang.reflect.Method.invoke(Method.java:601)
	at org.eclipse.wb.internal.core.utils.reflect.ReflectionUtils.invokeMethod(ReflectionUtils.java:869)
	at com.google.gdt.eclipse.designer.hosted.tdt.HostedModeSupport.createModuleSpaceHost(HostedModeSupport.java:451)
	at sun.reflect.NativeMethodAccessorImpl.invoke0(Native Method)
	at sun.reflect.NativeMethodAccessorImpl.invoke(NativeMethodAccessorImpl.java:57)
	at sun.reflect.DelegatingMethodAccessorImpl.invoke(DelegatingMethodAccessorImpl.java:43)
	at java.lang.reflect.Method.invoke(Method.java:601)
	at org.eclipse.wb.internal.core.utils.reflect.ReflectionUtils.invokeMethod(ReflectionUtils.java:869)
	at com.google.gdt.eclipse.designer.WarmUpSupport.warmUpHostedMode(WarmUpSupport.java:125)
	at com.google.gdt.eclipse.designer.WarmUpSupport.warmUpHostedMode(WarmUpSupport.java:103)
	at com.google.gdt.eclipse.designer.WarmUpSupport.doWarmUp(WarmUpSupport.java:84)
	at com.google.gdt.eclipse.designer.Activator.earlyStartup(Activator.java:190)
	at org.eclipse.ui.internal.EarlyStartupRunnable.runEarlyStartup(EarlyStartupRunnable.java:87)
	at org.eclipse.ui.internal.EarlyStartupRunnable.run(EarlyStartupRunnable.java:73)
	at org.eclipse.core.runtime.SafeRunner.run(SafeRunner.java:42)
	at org.eclipse.ui.internal.Workbench$54.run(Workbench.java:2412)
	at org.eclipse.core.internal.jobs.Worker.run(Worker.java:53)
[ERROR] Unexpected error while processing XML
com.google.gwt.core.ext.UnableToCompleteException: (see previous log entries)
	at com.google.gwt.dev.util.xml.ReflectiveParser$Impl.parse(ReflectiveParser.java:351)
	at com.google.gwt.dev.util.xml.ReflectiveParser$Impl.access$100(ReflectiveParser.java:48)
	at com.google.gwt.dev.util.xml.ReflectiveParser.parse(ReflectiveParser.java:398)
	at com.google.gwt.dev.cfg.ModuleDefLoader.nestedLoad(ModuleDefLoader.java:257)
	at com.google.gwt.dev.cfg.ModuleDefLoader$1.load(ModuleDefLoader.java:169)
	at com.google.gwt.dev.cfg.ModuleDefLoader.doLoadModule(ModuleDefLoader.java:283)
	at com.google.gwt.dev.cfg.ModuleDefLoader.loadFromClassPath(ModuleDefLoader.java:141)
	at com.google.gwt.dev.shell.designtime.HostedModeSupportImpl.loadModule(HostedModeSupportImpl.java:85)
	at com.google.gwt.dev.shell.designtime.HostedModeSupportImpl.createModuleSpaceHost(HostedModeSupportImpl.java:64)
	at sun.reflect.NativeMethodAccessorImpl.invoke0(Native Method)
	at sun.reflect.NativeMethodAccessorImpl.invoke(NativeMethodAccessorImpl.java:57)
	at sun.reflect.DelegatingMethodAccessorImpl.invoke(DelegatingMethodAccessorImpl.java:43)
	at java.lang.reflect.Method.invoke(Method.java:601)
	at org.eclipse.wb.internal.core.utils.reflect.ReflectionUtils.invokeMethod(ReflectionUtils.java:869)
	at com.google.gdt.eclipse.designer.hosted.tdt.HostedModeSupport.createModuleSpaceHost(HostedModeSupport.java:451)
	at sun.reflect.NativeMethodAccessorImpl.invoke0(Native Method)
	at sun.reflect.NativeMethodAccessorImpl.invoke(NativeMethodAccessorImpl.java:57)
	at sun.reflect.DelegatingMethodAccessorImpl.invoke(DelegatingMethodAccessorImpl.java:43)
	at java.lang.reflect.Method.invoke(Method.java:601)
	at org.eclipse.wb.internal.core.utils.reflect.ReflectionUtils.invokeMethod(ReflectionUtils.java:869)
	at com.google.gdt.eclipse.designer.WarmUpSupport.warmUpHostedMode(WarmUpSupport.java:125)
	at com.google.gdt.eclipse.designer.WarmUpSupport.warmUpHostedMode(WarmUpSupport.java:103)
	at com.google.gdt.eclipse.designer.WarmUpSupport.doWarmUp(WarmUpSupport.java:84)
	at com.google.gdt.eclipse.designer.Activator.earlyStartup(Activator.java:190)
	at org.eclipse.ui.internal.EarlyStartupRunnable.runEarlyStartup(EarlyStartupRunnable.java:87)
	at org.eclipse.ui.internal.EarlyStartupRunnable.run(EarlyStartupRunnable.java:73)
	at org.eclipse.core.runtime.SafeRunner.run(SafeRunner.java:42)
	at org.eclipse.ui.internal.Workbench$54.run(Workbench.java:2412)
	at org.eclipse.core.internal.jobs.Worker.run(Worker.java:53)
Public resources found in...
   Unexpected entry in classpath; D:\Users\yongchengchen\prometheus\web\target\test-classes is neither a directory nor an archive (.jar or .zip)
Translatable source found in...
Found 0 cached/archived units.  Used 0 / 2718 units from cache.
Compiling...
   40% complete (ETR: 6 seconds)
   40% complete (ETR: 6 seconds)
   40% complete (ETR: 6 seconds)
   40% complete (ETR: 6 seconds)
   40% complete (ETR: 6 seconds)
   50% complete (ETR: 5 seconds)
   60% complete (ETR: 4 seconds)
   70% complete (ETR: 3 seconds)
   80% complete (ETR: 2 seconds)
   90% complete (ETR: 1 seconds)
   100% complete (ETR: 0 seconds)
   Compilation completed in 11.10 seconds
Removing invalidated units
Finding entry point classes
Public resources found in...
   Unexpected entry in classpath; D:\Users\yongchengchen\prometheus\web\target\test-classes is neither a directory nor an archive (.jar or .zip)
Translatable source found in...
Found 2718 cached/archived units.  Used 2718 / 2718 units from cache.
Compiling...
   Compilation completed in 0.00 seconds
Removing invalidated units
Finding entry point classes
Public resources found in...
   Unexpected entry in classpath; D:\Users\yongchengchen\prometheus\web\target\test-classes is neither a directory nor an archive (.jar or .zip)
Translatable source found in...
Found 2718 cached/archived units.  Used 2718 / 2718 units from cache.
Compiling...
   Compilation completed in 0.00 seconds
Removing invalidated units
Finding entry point classes
Public resources found in...
Translatable source found in...
Found 0 cached/archived units.  Used 0 / 2718 units from cache.
Compiling...
   20% complete (ETR: 14 seconds)
   20% complete (ETR: 14 seconds)
   20% complete (ETR: 14 seconds)
   30% complete (ETR: 12 seconds)
   40% complete (ETR: 9 seconds)
   50% complete (ETR: 7 seconds)
   60% complete (ETR: 5 seconds)
   70% complete (ETR: 4 seconds)
   80% complete (ETR: 2 seconds)
   90% complete (ETR: 1 seconds)
   100% complete (ETR: 0 seconds)
   Compilation completed in 13.63 seconds
Removing invalidated units
Finding entry point classes
Public resources found in...
Translatable source found in...
Found 2718 cached/archived units.  Used 2718 / 2718 units from cache.
Compiling...
   Compilation completed in 0.00 seconds
Removing invalidated units
Finding entry point classes
Public resources found in...
Translatable source found in...
Found 2718 cached/archived units.  Used 2718 / 2718 units from cache.
Compiling...
   Compilation completed in 0.00 seconds
Removing invalidated units
Finding entry point classes
Public resources found in...
Translatable source found in...
Found 0 cached/archived units.  Used 0 / 2718 units from cache.
Compiling...
   20% complete (ETR: 16 seconds)
   20% complete (ETR: 16 seconds)
   20% complete (ETR: 16 seconds)
   30% complete (ETR: 13 seconds)
   40% complete (ETR: 10 seconds)
   50% complete (ETR: 7 seconds)
   60% complete (ETR: 5 seconds)
   70% complete (ETR: 4 seconds)
   80% complete (ETR: 2 seconds)
   90% complete (ETR: 1 seconds)
   100% complete (ETR: 0 seconds)
   Compilation completed in 13.78 seconds
Removing invalidated units
Finding entry point classes
Public resources found in...
Translatable source found in...
Found 2718 cached/archived units.  Used 2718 / 2718 units from cache.
Compiling...
   Compilation completed in 0.00 seconds
Removing invalidated units
Finding entry point classes
Public resources found in...
Translatable source found in...
Found 2718 cached/archived units.  Used 2718 / 2718 units from cache.
Compiling...
   Compilation completed in 0.00 seconds
Removing invalidated units
Finding entry point classes
Public resources found in...
<<<<<<< HEAD
Translatable source found in...
Found 0 cached/archived units.  Used 0 / 2718 units from cache.
Compiling...
   20% complete (ETR: 13 seconds)
   20% complete (ETR: 13 seconds)
   20% complete (ETR: 13 seconds)
   30% complete (ETR: 13 seconds)
   40% complete (ETR: 9 seconds)
   50% complete (ETR: 7 seconds)
   60% complete (ETR: 5 seconds)
   70% complete (ETR: 3 seconds)
   80% complete (ETR: 2 seconds)
   90% complete (ETR: 1 seconds)
   100% complete (ETR: 0 seconds)
   Compilation completed in 13.94 seconds
Removing invalidated units
Finding entry point classes
Public resources found in...
Translatable source found in...
Found 2718 cached/archived units.  Used 2718 / 2718 units from cache.
Compiling...
   Compilation completed in 0.00 seconds
Removing invalidated units
Finding entry point classes
Public resources found in...
=======
   Unexpected entry in classpath; D:\Users\jinjb\prometheus\web\src\test\java is neither a directory nor an archive (.jar or .zip)
   Unexpected entry in classpath; D:\zeus-web\target\test-classes is neither a directory nor an archive (.jar or .zip)
   Unexpected entry in classpath; D:\zeus-client\target\test-classes is neither a directory nor an archive (.jar or .zip)
   Unexpected entry in classpath; D:\zeus-schedule\target\test-classes is neither a directory nor an archive (.jar or .zip)
Translatable source found in...
Found 0 cached/archived units.  Used 0 / 2718 units from cache.
Compiling...
   30% complete (ETR: 10 seconds)
   30% complete (ETR: 10 seconds)
   30% complete (ETR: 10 seconds)
   30% complete (ETR: 10 seconds)
   40% complete (ETR: 8 seconds)
   50% complete (ETR: 6 seconds)
   60% complete (ETR: 4 seconds)
   70% complete (ETR: 3 seconds)
   80% complete (ETR: 2 seconds)
   90% complete (ETR: 1 seconds)
   100% complete (ETR: 0 seconds)
   Compilation completed in 11.90 seconds
Removing invalidated units
Finding entry point classes
Public resources found in...
   Unexpected entry in classpath; D:\Users\jinjb\prometheus\web\src\test\java is neither a directory nor an archive (.jar or .zip)
   Unexpected entry in classpath; D:\zeus-web\target\test-classes is neither a directory nor an archive (.jar or .zip)
   Unexpected entry in classpath; D:\zeus-client\target\test-classes is neither a directory nor an archive (.jar or .zip)
   Unexpected entry in classpath; D:\zeus-schedule\target\test-classes is neither a directory nor an archive (.jar or .zip)
Translatable source found in...
Found 2718 cached/archived units.  Used 2718 / 2718 units from cache.
Compiling...
   Compilation completed in 0.00 seconds
Removing invalidated units
Finding entry point classes
Public resources found in...
   Unexpected entry in classpath; D:\Users\jinjb\prometheus\web\src\test\java is neither a directory nor an archive (.jar or .zip)
   Unexpected entry in classpath; D:\zeus-web\target\test-classes is neither a directory nor an archive (.jar or .zip)
   Unexpected entry in classpath; D:\zeus-client\target\test-classes is neither a directory nor an archive (.jar or .zip)
   Unexpected entry in classpath; D:\zeus-schedule\target\test-classes is neither a directory nor an archive (.jar or .zip)
Translatable source found in...
Found 2718 cached/archived units.  Used 2718 / 2718 units from cache.
Compiling...
   Compilation completed in 0.00 seconds
Removing invalidated units
Finding entry point classes
Public resources found in...
   Unexpected entry in classpath; D:\Users\jinjb\prometheus\web\src\test\java is neither a directory nor an archive (.jar or .zip)
   Unexpected entry in classpath; D:\zeus-web\target\test-classes is neither a directory nor an archive (.jar or .zip)
   Unexpected entry in classpath; D:\zeus-client\target\test-classes is neither a directory nor an archive (.jar or .zip)
   Unexpected entry in classpath; D:\zeus-schedule\target\test-classes is neither a directory nor an archive (.jar or .zip)
Translatable source found in...
Found 0 cached/archived units.  Used 0 / 2718 units from cache.
Compiling...
   40% complete (ETR: 7 seconds)
   40% complete (ETR: 7 seconds)
   40% complete (ETR: 7 seconds)
   40% complete (ETR: 7 seconds)
   40% complete (ETR: 7 seconds)
   50% complete (ETR: 5 seconds)
   60% complete (ETR: 4 seconds)
   70% complete (ETR: 3 seconds)
   80% complete (ETR: 2 seconds)
   90% complete (ETR: 1 seconds)
   100% complete (ETR: 0 seconds)
   Compilation completed in 11.83 seconds
Removing invalidated units
Finding entry point classes
Public resources found in...
   Unexpected entry in classpath; D:\Users\jinjb\prometheus\web\src\test\java is neither a directory nor an archive (.jar or .zip)
   Unexpected entry in classpath; D:\zeus-web\target\test-classes is neither a directory nor an archive (.jar or .zip)
   Unexpected entry in classpath; D:\zeus-client\target\test-classes is neither a directory nor an archive (.jar or .zip)
   Unexpected entry in classpath; D:\zeus-schedule\target\test-classes is neither a directory nor an archive (.jar or .zip)
Translatable source found in...
Found 2718 cached/archived units.  Used 2718 / 2718 units from cache.
Compiling...
   Compilation completed in 0.00 seconds
Removing invalidated units
Finding entry point classes
Public resources found in...
   Unexpected entry in classpath; D:\Users\jinjb\prometheus\web\src\test\java is neither a directory nor an archive (.jar or .zip)
   Unexpected entry in classpath; D:\zeus-web\target\test-classes is neither a directory nor an archive (.jar or .zip)
   Unexpected entry in classpath; D:\zeus-client\target\test-classes is neither a directory nor an archive (.jar or .zip)
   Unexpected entry in classpath; D:\zeus-schedule\target\test-classes is neither a directory nor an archive (.jar or .zip)
Translatable source found in...
Found 2718 cached/archived units.  Used 2718 / 2718 units from cache.
Compiling...
   Compilation completed in 0.00 seconds
Removing invalidated units
Finding entry point classes
Public resources found in...
   Unexpected entry in classpath; D:\Users\jinjb\prometheus\web\src\test\java is neither a directory nor an archive (.jar or .zip)
   Unexpected entry in classpath; D:\zeus-web\target\test-classes is neither a directory nor an archive (.jar or .zip)
Translatable source found in...
Found 0 cached/archived units.  Used 0 / 2718 units from cache.
Compiling...
   30% complete (ETR: 8 seconds)
   30% complete (ETR: 8 seconds)
   30% complete (ETR: 8 seconds)
   30% complete (ETR: 8 seconds)
   40% complete (ETR: 8 seconds)
   50% complete (ETR: 6 seconds)
   60% complete (ETR: 4 seconds)
   70% complete (ETR: 3 seconds)
   80% complete (ETR: 2 seconds)
   90% complete (ETR: 1 seconds)
   100% complete (ETR: 0 seconds)
   Compilation completed in 12.39 seconds
Removing invalidated units
Finding entry point classes
Public resources found in...
   Unexpected entry in classpath; D:\Users\jinjb\prometheus\web\src\test\java is neither a directory nor an archive (.jar or .zip)
   Unexpected entry in classpath; D:\zeus-web\target\test-classes is neither a directory nor an archive (.jar or .zip)
Translatable source found in...
Found 2718 cached/archived units.  Used 2718 / 2718 units from cache.
Compiling...
   Compilation completed in 0.00 seconds
Removing invalidated units
Finding entry point classes
Public resources found in...
   Unexpected entry in classpath; D:\Users\jinjb\prometheus\web\src\test\java is neither a directory nor an archive (.jar or .zip)
   Unexpected entry in classpath; D:\zeus-web\target\test-classes is neither a directory nor an archive (.jar or .zip)
Translatable source found in...
Found 2718 cached/archived units.  Used 2718 / 2718 units from cache.
Compiling...
   Compilation completed in 0.00 seconds
Removing invalidated units
Finding entry point classes
Public resources found in...
   Unexpected entry in classpath; D:\Users\jinjb\prometheus\web\src\test\java is neither a directory nor an archive (.jar or .zip)
   Unexpected entry in classpath; D:\zeus-web\target\test-classes is neither a directory nor an archive (.jar or .zip)
Translatable source found in...
Found 0 cached/archived units.  Used 0 / 2718 units from cache.
Compiling...
   50% complete (ETR: 5 seconds)
   50% complete (ETR: 5 seconds)
   50% complete (ETR: 5 seconds)
   50% complete (ETR: 5 seconds)
   50% complete (ETR: 5 seconds)
   50% complete (ETR: 5 seconds)
   60% complete (ETR: 4 seconds)
   70% complete (ETR: 3 seconds)
   80% complete (ETR: 2 seconds)
   90% complete (ETR: 1 seconds)
   100% complete (ETR: 0 seconds)
   Compilation completed in 11.44 seconds
Removing invalidated units
Finding entry point classes
Public resources found in...
   Unexpected entry in classpath; D:\Users\jinjb\prometheus\web\src\test\java is neither a directory nor an archive (.jar or .zip)
   Unexpected entry in classpath; D:\zeus-web\target\test-classes is neither a directory nor an archive (.jar or .zip)
Translatable source found in...
Found 2718 cached/archived units.  Used 2718 / 2718 units from cache.
Compiling...
   Compilation completed in 0.00 seconds
Removing invalidated units
Finding entry point classes
Public resources found in...
   Unexpected entry in classpath; D:\Users\jinjb\prometheus\web\src\test\java is neither a directory nor an archive (.jar or .zip)
   Unexpected entry in classpath; D:\zeus-web\target\test-classes is neither a directory nor an archive (.jar or .zip)
Translatable source found in...
Found 2718 cached/archived units.  Used 2718 / 2718 units from cache.
Compiling...
   Compilation completed in 0.00 seconds
Removing invalidated units
Finding entry point classes
Public resources found in...
   Unexpected entry in classpath; D:\Users\jinjb\prometheus\web\src\test\java is neither a directory nor an archive (.jar or .zip)
   Unexpected entry in classpath; D:\zeus-web\target\test-classes is neither a directory nor an archive (.jar or .zip)
Translatable source found in...
Found 0 cached/archived units.  Used 0 / 2718 units from cache.
Compiling...
   50% complete (ETR: 4 seconds)
   50% complete (ETR: 4 seconds)
   50% complete (ETR: 4 seconds)
   50% complete (ETR: 4 seconds)
   50% complete (ETR: 4 seconds)
   50% complete (ETR: 4 seconds)
   60% complete (ETR: 4 seconds)
   70% complete (ETR: 3 seconds)
   80% complete (ETR: 2 seconds)
   90% complete (ETR: 1 seconds)
   100% complete (ETR: 0 seconds)
   Compilation completed in 11.04 seconds
Removing invalidated units
Finding entry point classes
Public resources found in...
   Unexpected entry in classpath; D:\Users\jinjb\prometheus\web\src\test\java is neither a directory nor an archive (.jar or .zip)
   Unexpected entry in classpath; D:\zeus-web\target\test-classes is neither a directory nor an archive (.jar or .zip)
Translatable source found in...
Found 2718 cached/archived units.  Used 2718 / 2718 units from cache.
Compiling...
   Compilation completed in 0.00 seconds
Removing invalidated units
Finding entry point classes
Public resources found in...
   Unexpected entry in classpath; D:\Users\jinjb\prometheus\web\src\test\java is neither a directory nor an archive (.jar or .zip)
   Unexpected entry in classpath; D:\zeus-web\target\test-classes is neither a directory nor an archive (.jar or .zip)
Translatable source found in...
Found 2718 cached/archived units.  Used 2718 / 2718 units from cache.
Compiling...
   Compilation completed in 0.00 seconds
Removing invalidated units
Finding entry point classes
Public resources found in...
   Unexpected entry in classpath; D:\Users\jinjb\prometheus\web\src\test\java is neither a directory nor an archive (.jar or .zip)
   Unexpected entry in classpath; D:\zeus-web\target\test-classes is neither a directory nor an archive (.jar or .zip)
Translatable source found in...
Found 0 cached/archived units.  Used 0 / 2718 units from cache.
Compiling...
   30% complete (ETR: 9 seconds)
   30% complete (ETR: 9 seconds)
   30% complete (ETR: 9 seconds)
   30% complete (ETR: 9 seconds)
   40% complete (ETR: 8 seconds)
   50% complete (ETR: 6 seconds)
   60% complete (ETR: 4 seconds)
   70% complete (ETR: 3 seconds)
   80% complete (ETR: 2 seconds)
   90% complete (ETR: 1 seconds)
   100% complete (ETR: 0 seconds)
   Compilation completed in 41.66 seconds
Removing invalidated units
Finding entry point classes
Public resources found in...
   Unexpected entry in classpath; D:\Users\jinjb\prometheus\web\src\test\java is neither a directory nor an archive (.jar or .zip)
   Unexpected entry in classpath; D:\zeus-web\target\test-classes is neither a directory nor an archive (.jar or .zip)
Translatable source found in...
Found 2718 cached/archived units.  Used 2718 / 2718 units from cache.
Compiling...
   Compilation completed in 0.00 seconds
Removing invalidated units
Finding entry point classes
Public resources found in...
   Unexpected entry in classpath; D:\Users\jinjb\prometheus\web\src\test\java is neither a directory nor an archive (.jar or .zip)
   Unexpected entry in classpath; D:\zeus-web\target\test-classes is neither a directory nor an archive (.jar or .zip)
Translatable source found in...
Found 2718 cached/archived units.  Used 2718 / 2718 units from cache.
Compiling...
   Compilation completed in 0.00 seconds
Removing invalidated units
Finding entry point classes
Public resources found in...
   Unexpected entry in classpath; D:\Users\jinjb\prometheus\web\src\test\java is neither a directory nor an archive (.jar or .zip)
   Unexpected entry in classpath; D:\zeus-web\target\test-classes is neither a directory nor an archive (.jar or .zip)
Translatable source found in...
Found 0 cached/archived units.  Used 0 / 2718 units from cache.
Compiling...
   40% complete (ETR: 5 seconds)
   40% complete (ETR: 5 seconds)
   40% complete (ETR: 5 seconds)
   40% complete (ETR: 5 seconds)
   40% complete (ETR: 5 seconds)
   50% complete (ETR: 5 seconds)
   60% complete (ETR: 4 seconds)
   70% complete (ETR: 3 seconds)
   80% complete (ETR: 2 seconds)
   90% complete (ETR: 1 seconds)
   100% complete (ETR: 0 seconds)
   Compilation completed in 11.42 seconds
Removing invalidated units
Finding entry point classes
Public resources found in...
   Unexpected entry in classpath; D:\Users\jinjb\prometheus\web\src\test\java is neither a directory nor an archive (.jar or .zip)
   Unexpected entry in classpath; D:\zeus-web\target\test-classes is neither a directory nor an archive (.jar or .zip)
Translatable source found in...
Found 2718 cached/archived units.  Used 2718 / 2718 units from cache.
Compiling...
   Compilation completed in 0.00 seconds
Removing invalidated units
Finding entry point classes
Public resources found in...
   Unexpected entry in classpath; D:\Users\jinjb\prometheus\web\src\test\java is neither a directory nor an archive (.jar or .zip)
   Unexpected entry in classpath; D:\zeus-web\target\test-classes is neither a directory nor an archive (.jar or .zip)
Translatable source found in...
Found 2718 cached/archived units.  Used 2718 / 2718 units from cache.
Compiling...
   Compilation completed in 0.00 seconds
Removing invalidated units
Finding entry point classes
Public resources found in...
   Unexpected entry in classpath; D:\Users\jinjb\prometheus\web\src\test\java is neither a directory nor an archive (.jar or .zip)
   Unexpected entry in classpath; D:\zeus-web\target\test-classes is neither a directory nor an archive (.jar or .zip)
Translatable source found in...
Found 0 cached/archived units.  Used 0 / 2718 units from cache.
Compiling...
   40% complete (ETR: 5 seconds)
   40% complete (ETR: 5 seconds)
   40% complete (ETR: 5 seconds)
   40% complete (ETR: 5 seconds)
   40% complete (ETR: 5 seconds)
   50% complete (ETR: 5 seconds)
   60% complete (ETR: 4 seconds)
   70% complete (ETR: 3 seconds)
   80% complete (ETR: 2 seconds)
   90% complete (ETR: 1 seconds)
   100% complete (ETR: 0 seconds)
   Compilation completed in 10.63 seconds
Removing invalidated units
Finding entry point classes
Public resources found in...
   Unexpected entry in classpath; D:\Users\jinjb\prometheus\web\src\test\java is neither a directory nor an archive (.jar or .zip)
   Unexpected entry in classpath; D:\zeus-web\target\test-classes is neither a directory nor an archive (.jar or .zip)
Translatable source found in...
Found 2718 cached/archived units.  Used 2718 / 2718 units from cache.
Compiling...
   Compilation completed in 0.00 seconds
Removing invalidated units
Finding entry point classes
Public resources found in...
   Unexpected entry in classpath; D:\Users\jinjb\prometheus\web\src\test\java is neither a directory nor an archive (.jar or .zip)
   Unexpected entry in classpath; D:\zeus-web\target\test-classes is neither a directory nor an archive (.jar or .zip)
Translatable source found in...
Found 2718 cached/archived units.  Used 2718 / 2718 units from cache.
Compiling...
   Compilation completed in 0.00 seconds
Removing invalidated units
Finding entry point classes
Public resources found in...
   Unexpected entry in classpath; D:\Users\jinjb\prometheus\web\src\test\java is neither a directory nor an archive (.jar or .zip)
   Unexpected entry in classpath; D:\zeus-web\target\test-classes is neither a directory nor an archive (.jar or .zip)
Translatable source found in...
Found 0 cached/archived units.  Used 0 / 2718 units from cache.
Compiling...
   50% complete (ETR: 3 seconds)
   50% complete (ETR: 3 seconds)
   50% complete (ETR: 3 seconds)
   50% complete (ETR: 3 seconds)
   50% complete (ETR: 3 seconds)
   50% complete (ETR: 3 seconds)
   60% complete (ETR: 3 seconds)
   70% complete (ETR: 2 seconds)
   80% complete (ETR: 2 seconds)
   90% complete (ETR: 1 seconds)
   100% complete (ETR: 0 seconds)
   Compilation completed in 11.23 seconds
Removing invalidated units
Finding entry point classes
Public resources found in...
   Unexpected entry in classpath; D:\Users\jinjb\prometheus\web\src\test\java is neither a directory nor an archive (.jar or .zip)
   Unexpected entry in classpath; D:\zeus-web\target\test-classes is neither a directory nor an archive (.jar or .zip)
Translatable source found in...
Found 2718 cached/archived units.  Used 2718 / 2718 units from cache.
Compiling...
   Compilation completed in 0.00 seconds
Removing invalidated units
Finding entry point classes
Public resources found in...
   Unexpected entry in classpath; D:\Users\jinjb\prometheus\web\src\test\java is neither a directory nor an archive (.jar or .zip)
   Unexpected entry in classpath; D:\zeus-web\target\test-classes is neither a directory nor an archive (.jar or .zip)
Translatable source found in...
Found 2718 cached/archived units.  Used 2718 / 2718 units from cache.
Compiling...
   Compilation completed in 0.00 seconds
Removing invalidated units
Finding entry point classes
Public resources found in...
   Unexpected entry in classpath; D:\Users\jinjb\prometheus\web\src\test\java is neither a directory nor an archive (.jar or .zip)
Translatable source found in...
Found 0 cached/archived units.  Used 0 / 2718 units from cache.
Compiling...
   50% complete (ETR: 4 seconds)
   50% complete (ETR: 4 seconds)
   50% complete (ETR: 4 seconds)
   50% complete (ETR: 4 seconds)
   50% complete (ETR: 4 seconds)
   50% complete (ETR: 4 seconds)
   60% complete (ETR: 3 seconds)
   70% complete (ETR: 3 seconds)
   80% complete (ETR: 2 seconds)
   90% complete (ETR: 1 seconds)
   100% complete (ETR: 0 seconds)
   Compilation completed in 11.07 seconds
Removing invalidated units
Finding entry point classes
Public resources found in...
   Unexpected entry in classpath; D:\Users\jinjb\prometheus\web\src\test\java is neither a directory nor an archive (.jar or .zip)
Translatable source found in...
Found 2718 cached/archived units.  Used 2718 / 2718 units from cache.
Compiling...
   Compilation completed in 0.00 seconds
Removing invalidated units
Finding entry point classes
Public resources found in...
   Unexpected entry in classpath; D:\Users\jinjb\prometheus\web\src\test\java is neither a directory nor an archive (.jar or .zip)
Translatable source found in...
Found 2718 cached/archived units.  Used 2718 / 2718 units from cache.
Compiling...
   Compilation completed in 0.00 seconds
Removing invalidated units
Finding entry point classes
Public resources found in...
   Unexpected entry in classpath; D:\Users\jinjb\prometheus\web\src\test\java is neither a directory nor an archive (.jar or .zip)
Translatable source found in...
Found 0 cached/archived units.  Used 0 / 2718 units from cache.
Compiling...
   50% complete (ETR: 3 seconds)
   50% complete (ETR: 3 seconds)
   50% complete (ETR: 3 seconds)
   50% complete (ETR: 3 seconds)
   50% complete (ETR: 3 seconds)
   50% complete (ETR: 3 seconds)
   60% complete (ETR: 3 seconds)
   70% complete (ETR: 3 seconds)
   80% complete (ETR: 2 seconds)
   90% complete (ETR: 1 seconds)
   100% complete (ETR: 0 seconds)
   Compilation completed in 11.35 seconds
Removing invalidated units
Finding entry point classes
Public resources found in...
   Unexpected entry in classpath; D:\Users\jinjb\prometheus\web\src\test\java is neither a directory nor an archive (.jar or .zip)
Translatable source found in...
Found 2718 cached/archived units.  Used 2718 / 2718 units from cache.
Compiling...
   Compilation completed in 0.00 seconds
Removing invalidated units
Finding entry point classes
Public resources found in...
   Unexpected entry in classpath; D:\Users\jinjb\prometheus\web\src\test\java is neither a directory nor an archive (.jar or .zip)
Translatable source found in...
Found 2718 cached/archived units.  Used 2718 / 2718 units from cache.
Compiling...
   Compilation completed in 0.00 seconds
Removing invalidated units
Finding entry point classes
Public resources found in...
   Unexpected entry in classpath; D:\Users\jinjb\prometheus\web\src\test\java is neither a directory nor an archive (.jar or .zip)
Translatable source found in...
Found 0 cached/archived units.  Used 0 / 2718 units from cache.
Compiling...
   50% complete (ETR: 4 seconds)
   50% complete (ETR: 4 seconds)
   50% complete (ETR: 4 seconds)
   50% complete (ETR: 4 seconds)
   50% complete (ETR: 4 seconds)
   50% complete (ETR: 4 seconds)
   60% complete (ETR: 4 seconds)
   70% complete (ETR: 2 seconds)
   80% complete (ETR: 2 seconds)
   90% complete (ETR: 1 seconds)
   100% complete (ETR: 0 seconds)
   Compilation completed in 14.66 seconds
Removing invalidated units
Finding entry point classes
Public resources found in...
   Unexpected entry in classpath; D:\Users\jinjb\prometheus\web\src\test\java is neither a directory nor an archive (.jar or .zip)
Translatable source found in...
Found 2718 cached/archived units.  Used 2718 / 2718 units from cache.
Compiling...
   Compilation completed in 0.00 seconds
Removing invalidated units
Finding entry point classes
Public resources found in...
   Unexpected entry in classpath; D:\Users\jinjb\prometheus\web\src\test\java is neither a directory nor an archive (.jar or .zip)
Translatable source found in...
Found 2718 cached/archived units.  Used 2718 / 2718 units from cache.
Compiling...
   Compilation completed in 0.00 seconds
Removing invalidated units
Finding entry point classes
Public resources found in...
   Unexpected entry in classpath; D:\Users\jinjb\prometheus\web\src\test\java is neither a directory nor an archive (.jar or .zip)
   Unexpected entry in classpath; D:\zeus-web\target\test-classes is neither a directory nor an archive (.jar or .zip)
   Unexpected entry in classpath; D:\zeus-client\target\test-classes is neither a directory nor an archive (.jar or .zip)
   Unexpected entry in classpath; D:\zeus-schedule\target\test-classes is neither a directory nor an archive (.jar or .zip)
Translatable source found in...
Found 0 cached/archived units.  Used 0 / 2718 units from cache.
Compiling...
   30% complete (ETR: 9 seconds)
   30% complete (ETR: 9 seconds)
   30% complete (ETR: 9 seconds)
   30% complete (ETR: 9 seconds)
   40% complete (ETR: 8 seconds)
   50% complete (ETR: 6 seconds)
   60% complete (ETR: 4 seconds)
   70% complete (ETR: 3 seconds)
   80% complete (ETR: 2 seconds)
   90% complete (ETR: 1 seconds)
   100% complete (ETR: 0 seconds)
   Compilation completed in 10.71 seconds
Removing invalidated units
Finding entry point classes
Public resources found in...
   Unexpected entry in classpath; D:\Users\jinjb\prometheus\web\src\test\java is neither a directory nor an archive (.jar or .zip)
   Unexpected entry in classpath; D:\zeus-web\target\test-classes is neither a directory nor an archive (.jar or .zip)
   Unexpected entry in classpath; D:\zeus-client\target\test-classes is neither a directory nor an archive (.jar or .zip)
   Unexpected entry in classpath; D:\zeus-schedule\target\test-classes is neither a directory nor an archive (.jar or .zip)
Translatable source found in...
Found 2718 cached/archived units.  Used 2718 / 2718 units from cache.
Compiling...
   Compilation completed in 0.00 seconds
Removing invalidated units
Finding entry point classes
Public resources found in...
   Unexpected entry in classpath; D:\Users\jinjb\prometheus\web\src\test\java is neither a directory nor an archive (.jar or .zip)
   Unexpected entry in classpath; D:\zeus-web\target\test-classes is neither a directory nor an archive (.jar or .zip)
   Unexpected entry in classpath; D:\zeus-client\target\test-classes is neither a directory nor an archive (.jar or .zip)
   Unexpected entry in classpath; D:\zeus-schedule\target\test-classes is neither a directory nor an archive (.jar or .zip)
Translatable source found in...
Found 2718 cached/archived units.  Used 2718 / 2718 units from cache.
Compiling...
   Compilation completed in 0.00 seconds
Removing invalidated units
Finding entry point classes
Public resources found in...
   Unexpected entry in classpath; D:\Users\jinjb\prometheus\web\src\test\java is neither a directory nor an archive (.jar or .zip)
   Unexpected entry in classpath; D:\zeus-web\target\test-classes is neither a directory nor an archive (.jar or .zip)
   Unexpected entry in classpath; D:\zeus-client\target\test-classes is neither a directory nor an archive (.jar or .zip)
   Unexpected entry in classpath; D:\zeus-schedule\target\test-classes is neither a directory nor an archive (.jar or .zip)
Translatable source found in...
Found 0 cached/archived units.  Used 0 / 2718 units from cache.
Compiling...
   40% complete (ETR: 6 seconds)
   40% complete (ETR: 6 seconds)
   40% complete (ETR: 6 seconds)
   40% complete (ETR: 6 seconds)
   40% complete (ETR: 6 seconds)
   50% complete (ETR: 5 seconds)
   60% complete (ETR: 4 seconds)
   70% complete (ETR: 3 seconds)
   80% complete (ETR: 2 seconds)
   90% complete (ETR: 1 seconds)
   100% complete (ETR: 0 seconds)
   Compilation completed in 12.86 seconds
Removing invalidated units
Finding entry point classes
Public resources found in...
   Unexpected entry in classpath; D:\Users\jinjb\prometheus\web\src\test\java is neither a directory nor an archive (.jar or .zip)
   Unexpected entry in classpath; D:\zeus-web\target\test-classes is neither a directory nor an archive (.jar or .zip)
   Unexpected entry in classpath; D:\zeus-client\target\test-classes is neither a directory nor an archive (.jar or .zip)
   Unexpected entry in classpath; D:\zeus-schedule\target\test-classes is neither a directory nor an archive (.jar or .zip)
Translatable source found in...
Found 2718 cached/archived units.  Used 2718 / 2718 units from cache.
Compiling...
   Compilation completed in 0.00 seconds
Removing invalidated units
Finding entry point classes
Public resources found in...
   Unexpected entry in classpath; D:\Users\jinjb\prometheus\web\src\test\java is neither a directory nor an archive (.jar or .zip)
   Unexpected entry in classpath; D:\zeus-web\target\test-classes is neither a directory nor an archive (.jar or .zip)
   Unexpected entry in classpath; D:\zeus-client\target\test-classes is neither a directory nor an archive (.jar or .zip)
   Unexpected entry in classpath; D:\zeus-schedule\target\test-classes is neither a directory nor an archive (.jar or .zip)
>>>>>>> branch 'master' of git@git.dev.sh.ctripcorp.com:cdata/prometheus.git
Translatable source found in...
Found 2718 cached/archived units.  Used 2718 / 2718 units from cache.
Compiling...
   Compilation completed in 0.00 seconds
Removing invalidated units
Finding entry point classes
Public resources found in...
   Unexpected entry in classpath; D:\Users\yongchengchen\prometheus\schedule\target\test-classes is neither a directory nor an archive (.jar or .zip)
Translatable source found in...
Found 0 cached/archived units.  Used 0 / 2718 units from cache.
Compiling...
   50% complete (ETR: 4 seconds)
   50% complete (ETR: 4 seconds)
   50% complete (ETR: 4 seconds)
   50% complete (ETR: 4 seconds)
   50% complete (ETR: 4 seconds)
   50% complete (ETR: 4 seconds)
   60% complete (ETR: 3 seconds)
   70% complete (ETR: 2 seconds)
   80% complete (ETR: 2 seconds)
   90% complete (ETR: 1 seconds)
   100% complete (ETR: 0 seconds)
   Compilation completed in 9.91 seconds
Removing invalidated units
Finding entry point classes
Public resources found in...
   Unexpected entry in classpath; D:\Users\yongchengchen\prometheus\schedule\target\test-classes is neither a directory nor an archive (.jar or .zip)
Translatable source found in...
Found 2718 cached/archived units.  Used 2718 / 2718 units from cache.
Compiling...
   Compilation completed in 0.00 seconds
Removing invalidated units
Finding entry point classes
Public resources found in...
   Unexpected entry in classpath; D:\Users\yongchengchen\prometheus\schedule\target\test-classes is neither a directory nor an archive (.jar or .zip)
Translatable source found in...
Found 2718 cached/archived units.  Used 2718 / 2718 units from cache.
Compiling...
   Compilation completed in 0.00 seconds
Removing invalidated units
Finding entry point classes
Public resources found in...
Translatable source found in...
Found 0 cached/archived units.  Used 0 / 2718 units from cache.
Compiling...
   30% complete (ETR: 10 seconds)
   30% complete (ETR: 10 seconds)
   30% complete (ETR: 10 seconds)
   30% complete (ETR: 10 seconds)
   40% complete (ETR: 8 seconds)
   50% complete (ETR: 6 seconds)
   60% complete (ETR: 5 seconds)
   70% complete (ETR: 3 seconds)
   80% complete (ETR: 2 seconds)
   90% complete (ETR: 1 seconds)
   100% complete (ETR: 0 seconds)
   Compilation completed in 13.97 seconds
Removing invalidated units
Finding entry point classes
Public resources found in...
Translatable source found in...
Found 2718 cached/archived units.  Used 2718 / 2718 units from cache.
Compiling...
   Compilation completed in 0.00 seconds
Removing invalidated units
Finding entry point classes
Public resources found in...
Translatable source found in...
Found 2718 cached/archived units.  Used 2718 / 2718 units from cache.
Compiling...
   Compilation completed in 0.00 seconds
Removing invalidated units
Finding entry point classes
Public resources found in...
Translatable source found in...
Found 0 cached/archived units.  Used 0 / 2718 units from cache.
Compiling...
   50% complete (ETR: 4 seconds)
   50% complete (ETR: 4 seconds)
   50% complete (ETR: 4 seconds)
   50% complete (ETR: 4 seconds)
   50% complete (ETR: 4 seconds)
   50% complete (ETR: 4 seconds)
   60% complete (ETR: 4 seconds)
   70% complete (ETR: 2 seconds)
   80% complete (ETR: 2 seconds)
   90% complete (ETR: 1 seconds)
   100% complete (ETR: 0 seconds)
   Compilation completed in 10.80 seconds
Removing invalidated units
Finding entry point classes
Public resources found in...
Translatable source found in...
Found 2718 cached/archived units.  Used 2718 / 2718 units from cache.
Compiling...
   Compilation completed in 0.00 seconds
Removing invalidated units
Finding entry point classes
Public resources found in...
Translatable source found in...
Found 2718 cached/archived units.  Used 2718 / 2718 units from cache.
Compiling...
   Compilation completed in 0.00 seconds
Removing invalidated units
Finding entry point classes
Public resources found in...
<<<<<<< HEAD
   Unexpected entry in classpath; D:\Users\jinjb\prometheus\web\src\test\java is neither a directory nor an archive (.jar or .zip)
   Unexpected entry in classpath; D:\Users\jinjb\prometheus\client\src\test\java is neither a directory nor an archive (.jar or .zip)
   Unexpected entry in classpath; D:\Users\jinjb\prometheus\schedule\src\test\java is neither a directory nor an archive (.jar or .zip)
Translatable source found in...
Found 0 cached/archived units.  Used 0 / 2718 units from cache.
Compiling...
   10% complete (ETR: 34 seconds)
   10% complete (ETR: 33 seconds)
   20% complete (ETR: 24 seconds)
   30% complete (ETR: 17 seconds)
   40% complete (ETR: 12 seconds)
   50% complete (ETR: 9 seconds)
   60% complete (ETR: 6 seconds)
   70% complete (ETR: 4 seconds)
   80% complete (ETR: 3 seconds)
   90% complete (ETR: 1 seconds)
   100% complete (ETR: 0 seconds)
   Compilation completed in 17.80 seconds
Removing invalidated units
Finding entry point classes
Public resources found in...
   Unexpected entry in classpath; D:\Users\jinjb\prometheus\web\src\test\java is neither a directory nor an archive (.jar or .zip)
   Unexpected entry in classpath; D:\Users\jinjb\prometheus\client\src\test\java is neither a directory nor an archive (.jar or .zip)
   Unexpected entry in classpath; D:\Users\jinjb\prometheus\schedule\src\test\java is neither a directory nor an archive (.jar or .zip)
Translatable source found in...
Found 2718 cached/archived units.  Used 2718 / 2718 units from cache.
Compiling...
   Compilation completed in 0.00 seconds
Removing invalidated units
Finding entry point classes
Public resources found in...
   Unexpected entry in classpath; D:\Users\jinjb\prometheus\web\src\test\java is neither a directory nor an archive (.jar or .zip)
   Unexpected entry in classpath; D:\Users\jinjb\prometheus\client\src\test\java is neither a directory nor an archive (.jar or .zip)
   Unexpected entry in classpath; D:\Users\jinjb\prometheus\schedule\src\test\java is neither a directory nor an archive (.jar or .zip)
Translatable source found in...
Found 2718 cached/archived units.  Used 2718 / 2718 units from cache.
Compiling...
   Compilation completed in 0.00 seconds
Removing invalidated units
Finding entry point classes
Public resources found in...
   Unexpected entry in classpath; D:\Users\jinjb\prometheus\web\src\test\java is neither a directory nor an archive (.jar or .zip)
   Unexpected entry in classpath; D:\Users\jinjb\prometheus\client\src\test\java is neither a directory nor an archive (.jar or .zip)
   Unexpected entry in classpath; D:\Users\jinjb\prometheus\schedule\src\test\java is neither a directory nor an archive (.jar or .zip)
Translatable source found in...
Found 0 cached/archived units.  Used 0 / 2718 units from cache.
Compiling...
   20% complete (ETR: 15 seconds)
   20% complete (ETR: 15 seconds)
   20% complete (ETR: 15 seconds)
   30% complete (ETR: 13 seconds)
   40% complete (ETR: 10 seconds)
   50% complete (ETR: 7 seconds)
   60% complete (ETR: 5 seconds)
   70% complete (ETR: 4 seconds)
   80% complete (ETR: 2 seconds)
   90% complete (ETR: 1 seconds)
   100% complete (ETR: 0 seconds)
   Compilation completed in 14.81 seconds
Removing invalidated units
Finding entry point classes
Public resources found in...
   Unexpected entry in classpath; D:\Users\jinjb\prometheus\web\src\test\java is neither a directory nor an archive (.jar or .zip)
   Unexpected entry in classpath; D:\Users\jinjb\prometheus\client\src\test\java is neither a directory nor an archive (.jar or .zip)
   Unexpected entry in classpath; D:\Users\jinjb\prometheus\schedule\src\test\java is neither a directory nor an archive (.jar or .zip)
Translatable source found in...
Found 2718 cached/archived units.  Used 2718 / 2718 units from cache.
Compiling...
   Compilation completed in 0.00 seconds
Removing invalidated units
Finding entry point classes
Public resources found in...
   Unexpected entry in classpath; D:\Users\jinjb\prometheus\web\src\test\java is neither a directory nor an archive (.jar or .zip)
   Unexpected entry in classpath; D:\Users\jinjb\prometheus\client\src\test\java is neither a directory nor an archive (.jar or .zip)
   Unexpected entry in classpath; D:\Users\jinjb\prometheus\schedule\src\test\java is neither a directory nor an archive (.jar or .zip)
Translatable source found in...
Found 2718 cached/archived units.  Used 2718 / 2718 units from cache.
Compiling...
   Compilation completed in 0.00 seconds
Removing invalidated units
Finding entry point classes
Public resources found in...
   Unexpected entry in classpath; D:\Users\jinjb\prometheus\web\src\test\java is neither a directory nor an archive (.jar or .zip)
   Unexpected entry in classpath; D:\Users\jinjb\prometheus\client\src\test\java is neither a directory nor an archive (.jar or .zip)
   Unexpected entry in classpath; D:\Users\jinjb\prometheus\schedule\src\test\java is neither a directory nor an archive (.jar or .zip)
Translatable source found in...
Found 0 cached/archived units.  Used 0 / 2718 units from cache.
Compiling...
   20% complete (ETR: 20 seconds)
   20% complete (ETR: 20 seconds)
   20% complete (ETR: 20 seconds)
   30% complete (ETR: 13 seconds)
   40% complete (ETR: 11 seconds)
   50% complete (ETR: 8 seconds)
   60% complete (ETR: 6 seconds)
   70% complete (ETR: 4 seconds)
   80% complete (ETR: 2 seconds)
   90% complete (ETR: 1 seconds)
   100% complete (ETR: 0 seconds)
   Compilation completed in 20.87 seconds
Removing invalidated units
Finding entry point classes
Public resources found in...
   Unexpected entry in classpath; D:\Users\jinjb\prometheus\web\src\test\java is neither a directory nor an archive (.jar or .zip)
   Unexpected entry in classpath; D:\Users\jinjb\prometheus\client\src\test\java is neither a directory nor an archive (.jar or .zip)
   Unexpected entry in classpath; D:\Users\jinjb\prometheus\schedule\src\test\java is neither a directory nor an archive (.jar or .zip)
Translatable source found in...
Found 2718 cached/archived units.  Used 2718 / 2718 units from cache.
Compiling...
   Compilation completed in 0.00 seconds
Removing invalidated units
Finding entry point classes
Public resources found in...
   Unexpected entry in classpath; D:\Users\jinjb\prometheus\web\src\test\java is neither a directory nor an archive (.jar or .zip)
   Unexpected entry in classpath; D:\Users\jinjb\prometheus\client\src\test\java is neither a directory nor an archive (.jar or .zip)
   Unexpected entry in classpath; D:\Users\jinjb\prometheus\schedule\src\test\java is neither a directory nor an archive (.jar or .zip)
Translatable source found in...
Found 2718 cached/archived units.  Used 2718 / 2718 units from cache.
Compiling...
   Compilation completed in 0.00 seconds
Removing invalidated units
Finding entry point classes
Public resources found in...
   Unexpected entry in classpath; D:\Users\jinjb\prometheus\web\src\test\java is neither a directory nor an archive (.jar or .zip)
   Unexpected entry in classpath; D:\Users\jinjb\prometheus\client\src\test\java is neither a directory nor an archive (.jar or .zip)
   Unexpected entry in classpath; D:\Users\jinjb\prometheus\schedule\src\test\java is neither a directory nor an archive (.jar or .zip)
Translatable source found in...
Found 0 cached/archived units.  Used 0 / 2718 units from cache.
Compiling...
   20% complete (ETR: 15 seconds)
   20% complete (ETR: 15 seconds)
   20% complete (ETR: 15 seconds)
   30% complete (ETR: 13 seconds)
   40% complete (ETR: 10 seconds)
   50% complete (ETR: 7 seconds)
   60% complete (ETR: 5 seconds)
   70% complete (ETR: 4 seconds)
   80% complete (ETR: 2 seconds)
   90% complete (ETR: 1 seconds)
   100% complete (ETR: 0 seconds)
   Compilation completed in 47.50 seconds
Removing invalidated units
Finding entry point classes
Public resources found in...
   Unexpected entry in classpath; D:\Users\jinjb\prometheus\web\src\test\java is neither a directory nor an archive (.jar or .zip)
   Unexpected entry in classpath; D:\Users\jinjb\prometheus\client\src\test\java is neither a directory nor an archive (.jar or .zip)
   Unexpected entry in classpath; D:\Users\jinjb\prometheus\schedule\src\test\java is neither a directory nor an archive (.jar or .zip)
Translatable source found in...
Found 2718 cached/archived units.  Used 2718 / 2718 units from cache.
Compiling...
   Compilation completed in 0.00 seconds
Removing invalidated units
Finding entry point classes
Public resources found in...
   Unexpected entry in classpath; D:\Users\jinjb\prometheus\web\src\test\java is neither a directory nor an archive (.jar or .zip)
   Unexpected entry in classpath; D:\Users\jinjb\prometheus\client\src\test\java is neither a directory nor an archive (.jar or .zip)
   Unexpected entry in classpath; D:\Users\jinjb\prometheus\schedule\src\test\java is neither a directory nor an archive (.jar or .zip)
Translatable source found in...
Found 2718 cached/archived units.  Used 2718 / 2718 units from cache.
Compiling...
   Compilation completed in 0.00 seconds
Removing invalidated units
Finding entry point classes
Public resources found in...
   Unexpected entry in classpath; D:\Users\jinjb\prometheus\web\src\test\java is neither a directory nor an archive (.jar or .zip)
   Unexpected entry in classpath; D:\Users\jinjb\prometheus\client\src\test\java is neither a directory nor an archive (.jar or .zip)
   Unexpected entry in classpath; D:\Users\jinjb\prometheus\schedule\src\test\java is neither a directory nor an archive (.jar or .zip)
Translatable source found in...
Found 0 cached/archived units.  Used 0 / 2718 units from cache.
Compiling...
   20% complete (ETR: 13 seconds)
   20% complete (ETR: 13 seconds)
   20% complete (ETR: 13 seconds)
   30% complete (ETR: 12 seconds)
   40% complete (ETR: 9 seconds)
   50% complete (ETR: 7 seconds)
   60% complete (ETR: 5 seconds)
   70% complete (ETR: 3 seconds)
   80% complete (ETR: 2 seconds)
   90% complete (ETR: 1 seconds)
   100% complete (ETR: 0 seconds)
   Compilation completed in 19.31 seconds
Removing invalidated units
Finding entry point classes
Public resources found in...
   Unexpected entry in classpath; D:\Users\jinjb\prometheus\web\src\test\java is neither a directory nor an archive (.jar or .zip)
   Unexpected entry in classpath; D:\Users\jinjb\prometheus\client\src\test\java is neither a directory nor an archive (.jar or .zip)
   Unexpected entry in classpath; D:\Users\jinjb\prometheus\schedule\src\test\java is neither a directory nor an archive (.jar or .zip)
Translatable source found in...
Found 2718 cached/archived units.  Used 2718 / 2718 units from cache.
Compiling...
   Compilation completed in 0.00 seconds
Removing invalidated units
Finding entry point classes
Public resources found in...
   Unexpected entry in classpath; D:\Users\jinjb\prometheus\web\src\test\java is neither a directory nor an archive (.jar or .zip)
   Unexpected entry in classpath; D:\Users\jinjb\prometheus\client\src\test\java is neither a directory nor an archive (.jar or .zip)
   Unexpected entry in classpath; D:\Users\jinjb\prometheus\schedule\src\test\java is neither a directory nor an archive (.jar or .zip)
Translatable source found in...
Found 2718 cached/archived units.  Used 2718 / 2718 units from cache.
Compiling...
   Compilation completed in 0.00 seconds
Removing invalidated units
Finding entry point classes
Public resources found in...
   Unexpected entry in classpath; D:\Users\jinjb\prometheus\web\src\test\java is neither a directory nor an archive (.jar or .zip)
   Unexpected entry in classpath; D:\Users\jinjb\prometheus\client\src\test\java is neither a directory nor an archive (.jar or .zip)
   Unexpected entry in classpath; D:\Users\jinjb\prometheus\schedule\src\test\java is neither a directory nor an archive (.jar or .zip)
Translatable source found in...
Found 0 cached/archived units.  Used 0 / 2718 units from cache.
Compiling...
   20% complete (ETR: 16 seconds)
   20% complete (ETR: 16 seconds)
   20% complete (ETR: 16 seconds)
   30% complete (ETR: 13 seconds)
   40% complete (ETR: 10 seconds)
   50% complete (ETR: 7 seconds)
   60% complete (ETR: 5 seconds)
   70% complete (ETR: 4 seconds)
   80% complete (ETR: 2 seconds)
   90% complete (ETR: 1 seconds)
   100% complete (ETR: 0 seconds)
   Compilation completed in 69.14 seconds
Removing invalidated units
Finding entry point classes
Public resources found in...
   Unexpected entry in classpath; D:\Users\jinjb\prometheus\web\src\test\java is neither a directory nor an archive (.jar or .zip)
   Unexpected entry in classpath; D:\Users\jinjb\prometheus\client\src\test\java is neither a directory nor an archive (.jar or .zip)
   Unexpected entry in classpath; D:\Users\jinjb\prometheus\schedule\src\test\java is neither a directory nor an archive (.jar or .zip)
=======
Translatable source found in...
Found 0 cached/archived units.  Used 0 / 2718 units from cache.
Compiling...
   10% complete (ETR: 22 seconds)
   10% complete (ETR: 22 seconds)
   20% complete (ETR: 20 seconds)
   30% complete (ETR: 14 seconds)
   40% complete (ETR: 11 seconds)
   50% complete (ETR: 9 seconds)
   60% complete (ETR: 6 seconds)
   70% complete (ETR: 4 seconds)
   80% complete (ETR: 3 seconds)
   90% complete (ETR: 1 seconds)
   100% complete (ETR: 0 seconds)
   Compilation completed in 18.94 seconds
Removing invalidated units
Finding entry point classes
Public resources found in...
>>>>>>> a8dda8bdf91e349732a74eb0305057cc3b19c57e
Translatable source found in...
Found 2718 cached/archived units.  Used 2718 / 2718 units from cache.
Compiling...
   Compilation completed in 0.00 seconds
Removing invalidated units
Finding entry point classes
Public resources found in...
<<<<<<< HEAD
   Unexpected entry in classpath; D:\Users\jinjb\prometheus\web\src\test\java is neither a directory nor an archive (.jar or .zip)
   Unexpected entry in classpath; D:\Users\jinjb\prometheus\client\src\test\java is neither a directory nor an archive (.jar or .zip)
   Unexpected entry in classpath; D:\Users\jinjb\prometheus\schedule\src\test\java is neither a directory nor an archive (.jar or .zip)
Translatable source found in...
Found 2718 cached/archived units.  Used 2718 / 2718 units from cache.
Compiling...
   Compilation completed in 0.00 seconds
Removing invalidated units
Finding entry point classes
Public resources found in...
   Unexpected entry in classpath; D:\Users\jinjb\prometheus\web\src\test\java is neither a directory nor an archive (.jar or .zip)
   Unexpected entry in classpath; D:\Users\jinjb\prometheus\client\src\test\java is neither a directory nor an archive (.jar or .zip)
   Unexpected entry in classpath; D:\Users\jinjb\prometheus\schedule\src\test\java is neither a directory nor an archive (.jar or .zip)
Translatable source found in...
Found 0 cached/archived units.  Used 0 / 2718 units from cache.
Compiling...
   20% complete (ETR: 15 seconds)
   20% complete (ETR: 15 seconds)
   20% complete (ETR: 15 seconds)
   30% complete (ETR: 14 seconds)
   40% complete (ETR: 10 seconds)
   50% complete (ETR: 8 seconds)
   60% complete (ETR: 7 seconds)
   70% complete (ETR: 5 seconds)
   80% complete (ETR: 3 seconds)
   90% complete (ETR: 2 seconds)
   100% complete (ETR: 0 seconds)
   Compilation completed in 20.07 seconds
Removing invalidated units
Finding entry point classes
Public resources found in...
   Unexpected entry in classpath; D:\Users\jinjb\prometheus\web\src\test\java is neither a directory nor an archive (.jar or .zip)
   Unexpected entry in classpath; D:\Users\jinjb\prometheus\client\src\test\java is neither a directory nor an archive (.jar or .zip)
   Unexpected entry in classpath; D:\Users\jinjb\prometheus\schedule\src\test\java is neither a directory nor an archive (.jar or .zip)
Translatable source found in...
Found 2718 cached/archived units.  Used 2718 / 2718 units from cache.
Compiling...
   Compilation completed in 0.04 seconds
Removing invalidated units
Finding entry point classes
Public resources found in...
   Unexpected entry in classpath; D:\Users\jinjb\prometheus\web\src\test\java is neither a directory nor an archive (.jar or .zip)
   Unexpected entry in classpath; D:\Users\jinjb\prometheus\client\src\test\java is neither a directory nor an archive (.jar or .zip)
   Unexpected entry in classpath; D:\Users\jinjb\prometheus\schedule\src\test\java is neither a directory nor an archive (.jar or .zip)
=======
>>>>>>> a8dda8bdf91e349732a74eb0305057cc3b19c57e
Translatable source found in...
Found 2718 cached/archived units.  Used 2718 / 2718 units from cache.
Compiling...
   Compilation completed in 0.00 seconds
Removing invalidated units
Finding entry point classes
Public resources found in...
<<<<<<< HEAD
   Unexpected entry in classpath; D:\Users\jinjb\prometheus\web\src\test\java is neither a directory nor an archive (.jar or .zip)
   Unexpected entry in classpath; D:\Users\jinjb\prometheus\client\src\test\java is neither a directory nor an archive (.jar or .zip)
   Unexpected entry in classpath; D:\Users\jinjb\prometheus\schedule\src\test\java is neither a directory nor an archive (.jar or .zip)
Translatable source found in...
Found 0 cached/archived units.  Used 0 / 2718 units from cache.
Compiling...
   40% complete (ETR: 6 seconds)
   40% complete (ETR: 6 seconds)
   40% complete (ETR: 6 seconds)
   40% complete (ETR: 6 seconds)
   40% complete (ETR: 6 seconds)
=======
Translatable source found in...
Found 0 cached/archived units.  Used 0 / 2718 units from cache.
Compiling...
   40% complete (ETR: 7 seconds)
   40% complete (ETR: 7 seconds)
   40% complete (ETR: 7 seconds)
   40% complete (ETR: 7 seconds)
   40% complete (ETR: 7 seconds)
>>>>>>> a8dda8bdf91e349732a74eb0305057cc3b19c57e
   50% complete (ETR: 5 seconds)
   60% complete (ETR: 4 seconds)
   70% complete (ETR: 3 seconds)
   80% complete (ETR: 2 seconds)
   90% complete (ETR: 1 seconds)
   100% complete (ETR: 0 seconds)
<<<<<<< HEAD
   Compilation completed in 34.11 seconds
Removing invalidated units
Finding entry point classes
Public resources found in...
   Unexpected entry in classpath; D:\Users\jinjb\prometheus\web\src\test\java is neither a directory nor an archive (.jar or .zip)
   Unexpected entry in classpath; D:\Users\jinjb\prometheus\client\src\test\java is neither a directory nor an archive (.jar or .zip)
   Unexpected entry in classpath; D:\Users\jinjb\prometheus\schedule\src\test\java is neither a directory nor an archive (.jar or .zip)
Translatable source found in...
Found 2718 cached/archived units.  Used 2718 / 2718 units from cache.
Compiling...
   Compilation completed in 0.00 seconds
Removing invalidated units
Finding entry point classes
Public resources found in...
   Unexpected entry in classpath; D:\Users\jinjb\prometheus\web\src\test\java is neither a directory nor an archive (.jar or .zip)
   Unexpected entry in classpath; D:\Users\jinjb\prometheus\client\src\test\java is neither a directory nor an archive (.jar or .zip)
   Unexpected entry in classpath; D:\Users\jinjb\prometheus\schedule\src\test\java is neither a directory nor an archive (.jar or .zip)
Translatable source found in...
Found 2718 cached/archived units.  Used 2718 / 2718 units from cache.
Compiling...
   Compilation completed in 0.01 seconds
Removing invalidated units
Finding entry point classes
Public resources found in...
   Unexpected entry in classpath; D:\Users\jinjb\prometheus\web\src\test\java is neither a directory nor an archive (.jar or .zip)
   Unexpected entry in classpath; D:\Users\jinjb\prometheus\client\src\test\java is neither a directory nor an archive (.jar or .zip)
   Unexpected entry in classpath; D:\Users\jinjb\prometheus\schedule\src\test\java is neither a directory nor an archive (.jar or .zip)
Translatable source found in...
Found 0 cached/archived units.  Used 0 / 2718 units from cache.
Compiling...
   20% complete (ETR: 15 seconds)
   20% complete (ETR: 15 seconds)
   20% complete (ETR: 15 seconds)
   30% complete (ETR: 13 seconds)
   40% complete (ETR: 9 seconds)
   50% complete (ETR: 7 seconds)
   60% complete (ETR: 5 seconds)
   70% complete (ETR: 3 seconds)
   80% complete (ETR: 2 seconds)
   90% complete (ETR: 1 seconds)
   100% complete (ETR: 0 seconds)
   Compilation completed in 17.46 seconds
Removing invalidated units
Finding entry point classes
Public resources found in...
   Unexpected entry in classpath; D:\Users\jinjb\prometheus\web\src\test\java is neither a directory nor an archive (.jar or .zip)
   Unexpected entry in classpath; D:\Users\jinjb\prometheus\client\src\test\java is neither a directory nor an archive (.jar or .zip)
   Unexpected entry in classpath; D:\Users\jinjb\prometheus\schedule\src\test\java is neither a directory nor an archive (.jar or .zip)
=======
   Compilation completed in 12.04 seconds
Removing invalidated units
Finding entry point classes
Public resources found in...
>>>>>>> a8dda8bdf91e349732a74eb0305057cc3b19c57e
Translatable source found in...
Found 2718 cached/archived units.  Used 2718 / 2718 units from cache.
Compiling...
   Compilation completed in 0.00 seconds
Removing invalidated units
Finding entry point classes
Public resources found in...
<<<<<<< HEAD
   Unexpected entry in classpath; D:\Users\jinjb\prometheus\web\src\test\java is neither a directory nor an archive (.jar or .zip)
   Unexpected entry in classpath; D:\Users\jinjb\prometheus\client\src\test\java is neither a directory nor an archive (.jar or .zip)
   Unexpected entry in classpath; D:\Users\jinjb\prometheus\schedule\src\test\java is neither a directory nor an archive (.jar or .zip)
=======
>>>>>>> a8dda8bdf91e349732a74eb0305057cc3b19c57e
Translatable source found in...
Found 2718 cached/archived units.  Used 2718 / 2718 units from cache.
Compiling...
   Compilation completed in 0.00 seconds
Removing invalidated units
Finding entry point classes
Public resources found in...
<<<<<<< HEAD
   Unexpected entry in classpath; D:\Users\jinjb\prometheus\web\src\test\java is neither a directory nor an archive (.jar or .zip)
   Unexpected entry in classpath; D:\Users\jinjb\prometheus\client\src\test\java is neither a directory nor an archive (.jar or .zip)
   Unexpected entry in classpath; D:\Users\jinjb\prometheus\schedule\src\test\java is neither a directory nor an archive (.jar or .zip)
Translatable source found in...
Found 0 cached/archived units.  Used 0 / 2718 units from cache.
Compiling...
   30% complete (ETR: 10 seconds)
   30% complete (ETR: 10 seconds)
   30% complete (ETR: 10 seconds)
   30% complete (ETR: 10 seconds)
   40% complete (ETR: 9 seconds)
   50% complete (ETR: 6 seconds)
   60% complete (ETR: 5 seconds)
   70% complete (ETR: 3 seconds)
   80% complete (ETR: 2 seconds)
   90% complete (ETR: 1 seconds)
   100% complete (ETR: 0 seconds)
   Compilation completed in 45.06 seconds
Removing invalidated units
Finding entry point classes
Public resources found in...
   Unexpected entry in classpath; D:\Users\jinjb\prometheus\web\src\test\java is neither a directory nor an archive (.jar or .zip)
   Unexpected entry in classpath; D:\Users\jinjb\prometheus\client\src\test\java is neither a directory nor an archive (.jar or .zip)
   Unexpected entry in classpath; D:\Users\jinjb\prometheus\schedule\src\test\java is neither a directory nor an archive (.jar or .zip)
Translatable source found in...
Found 2718 cached/archived units.  Used 2718 / 2718 units from cache.
Compiling...
   Compilation completed in 0.00 seconds
Removing invalidated units
Finding entry point classes
Public resources found in...
   Unexpected entry in classpath; D:\Users\jinjb\prometheus\web\src\test\java is neither a directory nor an archive (.jar or .zip)
   Unexpected entry in classpath; D:\Users\jinjb\prometheus\client\src\test\java is neither a directory nor an archive (.jar or .zip)
   Unexpected entry in classpath; D:\Users\jinjb\prometheus\schedule\src\test\java is neither a directory nor an archive (.jar or .zip)
Translatable source found in...
Found 2718 cached/archived units.  Used 2718 / 2718 units from cache.
Compiling...
   Compilation completed in 0.00 seconds
Removing invalidated units
Finding entry point classes
Public resources found in...
   Unexpected entry in classpath; D:\Users\jinjb\prometheus\web\src\test\java is neither a directory nor an archive (.jar or .zip)
   Unexpected entry in classpath; D:\Users\jinjb\prometheus\client\src\test\java is neither a directory nor an archive (.jar or .zip)
   Unexpected entry in classpath; D:\Users\jinjb\prometheus\schedule\src\test\java is neither a directory nor an archive (.jar or .zip)
Translatable source found in...
Found 0 cached/archived units.  Used 0 / 2718 units from cache.
Compiling...
   10% complete (ETR: 34 seconds)
   10% complete (ETR: 34 seconds)
   20% complete (ETR: 24 seconds)
   30% complete (ETR: 18 seconds)
   40% complete (ETR: 12 seconds)
   50% complete (ETR: 9 seconds)
   60% complete (ETR: 6 seconds)
   70% complete (ETR: 5 seconds)
   80% complete (ETR: 3 seconds)
   90% complete (ETR: 1 seconds)
   100% complete (ETR: 0 seconds)
   Compilation completed in 22.03 seconds
Removing invalidated units
Finding entry point classes
Public resources found in...
   Unexpected entry in classpath; D:\Users\jinjb\prometheus\web\src\test\java is neither a directory nor an archive (.jar or .zip)
   Unexpected entry in classpath; D:\Users\jinjb\prometheus\client\src\test\java is neither a directory nor an archive (.jar or .zip)
   Unexpected entry in classpath; D:\Users\jinjb\prometheus\schedule\src\test\java is neither a directory nor an archive (.jar or .zip)
Translatable source found in...
Found 2718 cached/archived units.  Used 2718 / 2718 units from cache.
Compiling...
   Compilation completed in 0.00 seconds
Removing invalidated units
Finding entry point classes
Public resources found in...
   Unexpected entry in classpath; D:\Users\jinjb\prometheus\web\src\test\java is neither a directory nor an archive (.jar or .zip)
   Unexpected entry in classpath; D:\Users\jinjb\prometheus\client\src\test\java is neither a directory nor an archive (.jar or .zip)
   Unexpected entry in classpath; D:\Users\jinjb\prometheus\schedule\src\test\java is neither a directory nor an archive (.jar or .zip)
Translatable source found in...
Found 2718 cached/archived units.  Used 2718 / 2718 units from cache.
Compiling...
   Compilation completed in 0.11 seconds
Removing invalidated units
Finding entry point classes
Public resources found in...
   Unexpected entry in classpath; D:\Users\jinjb\prometheus\web\src\test\java is neither a directory nor an archive (.jar or .zip)
   Unexpected entry in classpath; D:\Users\jinjb\prometheus\client\src\test\java is neither a directory nor an archive (.jar or .zip)
   Unexpected entry in classpath; D:\Users\jinjb\prometheus\schedule\src\test\java is neither a directory nor an archive (.jar or .zip)
Translatable source found in...
Found 0 cached/archived units.  Used 0 / 2718 units from cache.
Compiling...
   30% complete (ETR: 11 seconds)
   30% complete (ETR: 11 seconds)
   30% complete (ETR: 11 seconds)
   30% complete (ETR: 11 seconds)
   40% complete (ETR: 8 seconds)
   50% complete (ETR: 6 seconds)
   60% complete (ETR: 5 seconds)
=======
Translatable source found in...
Found 0 cached/archived units.  Used 0 / 2718 units from cache.
Compiling...
   30% complete (ETR: 8 seconds)
   30% complete (ETR: 8 seconds)
   30% complete (ETR: 8 seconds)
   30% complete (ETR: 8 seconds)
   40% complete (ETR: 8 seconds)
   50% complete (ETR: 6 seconds)
   60% complete (ETR: 4 seconds)
>>>>>>> a8dda8bdf91e349732a74eb0305057cc3b19c57e
   70% complete (ETR: 3 seconds)
   80% complete (ETR: 2 seconds)
   90% complete (ETR: 1 seconds)
   100% complete (ETR: 0 seconds)
<<<<<<< HEAD
   Compilation completed in 46.28 seconds
Removing invalidated units
Finding entry point classes
Public resources found in...
   Unexpected entry in classpath; D:\Users\jinjb\prometheus\web\src\test\java is neither a directory nor an archive (.jar or .zip)
   Unexpected entry in classpath; D:\Users\jinjb\prometheus\client\src\test\java is neither a directory nor an archive (.jar or .zip)
   Unexpected entry in classpath; D:\Users\jinjb\prometheus\schedule\src\test\java is neither a directory nor an archive (.jar or .zip)
=======
   Compilation completed in 15.04 seconds
Removing invalidated units
Finding entry point classes
Public resources found in...
>>>>>>> a8dda8bdf91e349732a74eb0305057cc3b19c57e
Translatable source found in...
Found 2718 cached/archived units.  Used 2718 / 2718 units from cache.
Compiling...
   Compilation completed in 0.00 seconds
Removing invalidated units
Finding entry point classes
Public resources found in...
<<<<<<< HEAD
   Unexpected entry in classpath; D:\Users\jinjb\prometheus\web\src\test\java is neither a directory nor an archive (.jar or .zip)
   Unexpected entry in classpath; D:\Users\jinjb\prometheus\client\src\test\java is neither a directory nor an archive (.jar or .zip)
   Unexpected entry in classpath; D:\Users\jinjb\prometheus\schedule\src\test\java is neither a directory nor an archive (.jar or .zip)
Translatable source found in...
Found 2718 cached/archived units.  Used 2718 / 2718 units from cache.
Compiling...
   Compilation completed in 0.00 seconds
Removing invalidated units
Finding entry point classes
Public resources found in...
   Unexpected entry in classpath; D:\Users\jinjb\prometheus\web\src\test\java is neither a directory nor an archive (.jar or .zip)
   Unexpected entry in classpath; D:\Users\jinjb\prometheus\client\src\test\java is neither a directory nor an archive (.jar or .zip)
   Unexpected entry in classpath; D:\Users\jinjb\prometheus\schedule\src\test\java is neither a directory nor an archive (.jar or .zip)
Translatable source found in...
Found 0 cached/archived units.  Used 0 / 2718 units from cache.
Compiling...
   30% complete (ETR: 10 seconds)
   30% complete (ETR: 10 seconds)
   30% complete (ETR: 10 seconds)
   30% complete (ETR: 10 seconds)
   40% complete (ETR: 8 seconds)
   50% complete (ETR: 6 seconds)
   60% complete (ETR: 5 seconds)
   70% complete (ETR: 4 seconds)
   80% complete (ETR: 3 seconds)
   90% complete (ETR: 1 seconds)
   100% complete (ETR: 0 seconds)
   Compilation completed in 84.77 seconds
Removing invalidated units
Finding entry point classes
Public resources found in...
   Unexpected entry in classpath; D:\Users\jinjb\prometheus\web\src\test\java is neither a directory nor an archive (.jar or .zip)
   Unexpected entry in classpath; D:\Users\jinjb\prometheus\client\src\test\java is neither a directory nor an archive (.jar or .zip)
   Unexpected entry in classpath; D:\Users\jinjb\prometheus\schedule\src\test\java is neither a directory nor an archive (.jar or .zip)
Translatable source found in...
Found 2718 cached/archived units.  Used 2718 / 2718 units from cache.
Compiling...
   Compilation completed in 0.00 seconds
Removing invalidated units
Finding entry point classes
Public resources found in...
   Unexpected entry in classpath; D:\Users\jinjb\prometheus\web\src\test\java is neither a directory nor an archive (.jar or .zip)
   Unexpected entry in classpath; D:\Users\jinjb\prometheus\client\src\test\java is neither a directory nor an archive (.jar or .zip)
   Unexpected entry in classpath; D:\Users\jinjb\prometheus\schedule\src\test\java is neither a directory nor an archive (.jar or .zip)
Translatable source found in...
Found 2718 cached/archived units.  Used 2718 / 2718 units from cache.
Compiling...
   Compilation completed in 0.00 seconds
Removing invalidated units
Finding entry point classes
Public resources found in...
   Unexpected entry in classpath; D:\Users\jinjb\prometheus\web\src\test\java is neither a directory nor an archive (.jar or .zip)
   Unexpected entry in classpath; D:\Users\jinjb\prometheus\client\src\test\java is neither a directory nor an archive (.jar or .zip)
   Unexpected entry in classpath; D:\Users\jinjb\prometheus\schedule\src\test\java is neither a directory nor an archive (.jar or .zip)
Translatable source found in...
Found 0 cached/archived units.  Used 0 / 2718 units from cache.
Compiling...
   10% complete (ETR: 26 seconds)
   10% complete (ETR: 26 seconds)
   20% complete (ETR: 21 seconds)
   30% complete (ETR: 16 seconds)
   40% complete (ETR: 12 seconds)
   50% complete (ETR: 8 seconds)
   60% complete (ETR: 6 seconds)
   70% complete (ETR: 4 seconds)
   80% complete (ETR: 3 seconds)
   90% complete (ETR: 1 seconds)
   100% complete (ETR: 0 seconds)
   Compilation completed in 59.29 seconds
Removing invalidated units
Finding entry point classes
Public resources found in...
   Unexpected entry in classpath; D:\Users\jinjb\prometheus\web\src\test\java is neither a directory nor an archive (.jar or .zip)
   Unexpected entry in classpath; D:\Users\jinjb\prometheus\client\src\test\java is neither a directory nor an archive (.jar or .zip)
   Unexpected entry in classpath; D:\Users\jinjb\prometheus\schedule\src\test\java is neither a directory nor an archive (.jar or .zip)
Translatable source found in...
Found 2718 cached/archived units.  Used 2718 / 2718 units from cache.
Compiling...
   Compilation completed in 0.00 seconds
Removing invalidated units
Finding entry point classes
Public resources found in...
   Unexpected entry in classpath; D:\Users\jinjb\prometheus\web\src\test\java is neither a directory nor an archive (.jar or .zip)
   Unexpected entry in classpath; D:\Users\jinjb\prometheus\client\src\test\java is neither a directory nor an archive (.jar or .zip)
   Unexpected entry in classpath; D:\Users\jinjb\prometheus\schedule\src\test\java is neither a directory nor an archive (.jar or .zip)
Translatable source found in...
Found 2718 cached/archived units.  Used 2718 / 2718 units from cache.
Compiling...
   Compilation completed in 0.00 seconds
Removing invalidated units
Finding entry point classes
Public resources found in...
   Unexpected entry in classpath; D:\Users\jinjb\prometheus\web\src\test\java is neither a directory nor an archive (.jar or .zip)
   Unexpected entry in classpath; D:\Users\jinjb\prometheus\client\src\test\java is neither a directory nor an archive (.jar or .zip)
   Unexpected entry in classpath; D:\Users\jinjb\prometheus\schedule\src\test\java is neither a directory nor an archive (.jar or .zip)
Translatable source found in...
Found 0 cached/archived units.  Used 0 / 2718 units from cache.
Compiling...
   20% complete (ETR: 15 seconds)
   20% complete (ETR: 15 seconds)
   20% complete (ETR: 15 seconds)
   30% complete (ETR: 13 seconds)
   40% complete (ETR: 9 seconds)
   50% complete (ETR: 7 seconds)
   60% complete (ETR: 5 seconds)
   70% complete (ETR: 4 seconds)
   80% complete (ETR: 2 seconds)
   90% complete (ETR: 1 seconds)
   100% complete (ETR: 0 seconds)
   Compilation completed in 22.44 seconds
Removing invalidated units
Finding entry point classes
Public resources found in...
   Unexpected entry in classpath; D:\Users\jinjb\prometheus\web\src\test\java is neither a directory nor an archive (.jar or .zip)
   Unexpected entry in classpath; D:\Users\jinjb\prometheus\client\src\test\java is neither a directory nor an archive (.jar or .zip)
   Unexpected entry in classpath; D:\Users\jinjb\prometheus\schedule\src\test\java is neither a directory nor an archive (.jar or .zip)
Translatable source found in...
Found 2718 cached/archived units.  Used 2718 / 2718 units from cache.
Compiling...
   Compilation completed in 0.00 seconds
Removing invalidated units
Finding entry point classes
Public resources found in...
   Unexpected entry in classpath; D:\Users\jinjb\prometheus\web\src\test\java is neither a directory nor an archive (.jar or .zip)
   Unexpected entry in classpath; D:\Users\jinjb\prometheus\client\src\test\java is neither a directory nor an archive (.jar or .zip)
   Unexpected entry in classpath; D:\Users\jinjb\prometheus\schedule\src\test\java is neither a directory nor an archive (.jar or .zip)
Translatable source found in...
Found 2718 cached/archived units.  Used 2718 / 2718 units from cache.
Compiling...
   Compilation completed in 0.00 seconds
Removing invalidated units
Finding entry point classes
Public resources found in...
   Unexpected entry in classpath; D:\Users\jinjb\prometheus\web\src\test\java is neither a directory nor an archive (.jar or .zip)
   Unexpected entry in classpath; D:\Users\jinjb\prometheus\client\src\test\java is neither a directory nor an archive (.jar or .zip)
   Unexpected entry in classpath; D:\Users\jinjb\prometheus\schedule\src\test\java is neither a directory nor an archive (.jar or .zip)
Translatable source found in...
Found 0 cached/archived units.  Used 0 / 2718 units from cache.
Compiling...
   40% complete (ETR: 6 seconds)
   40% complete (ETR: 6 seconds)
   40% complete (ETR: 6 seconds)
   40% complete (ETR: 6 seconds)
   40% complete (ETR: 6 seconds)
   50% complete (ETR: 5 seconds)
=======
Translatable source found in...
Found 2718 cached/archived units.  Used 2718 / 2718 units from cache.
Compiling...
   Compilation completed in 0.03 seconds
Removing invalidated units
Finding entry point classes
Public resources found in...
Translatable source found in...
Found 0 cached/archived units.  Used 0 / 2718 units from cache.
Compiling...
   30% complete (ETR: 8 seconds)
   30% complete (ETR: 8 seconds)
   30% complete (ETR: 8 seconds)
   30% complete (ETR: 8 seconds)
   40% complete (ETR: 8 seconds)
   50% complete (ETR: 6 seconds)
>>>>>>> a8dda8bdf91e349732a74eb0305057cc3b19c57e
   60% complete (ETR: 4 seconds)
   70% complete (ETR: 3 seconds)
   80% complete (ETR: 2 seconds)
   90% complete (ETR: 1 seconds)
   100% complete (ETR: 0 seconds)
<<<<<<< HEAD
   Compilation completed in 52.26 seconds
Removing invalidated units
Finding entry point classes
Public resources found in...
   Unexpected entry in classpath; D:\Users\jinjb\prometheus\web\src\test\java is neither a directory nor an archive (.jar or .zip)
   Unexpected entry in classpath; D:\Users\jinjb\prometheus\client\src\test\java is neither a directory nor an archive (.jar or .zip)
   Unexpected entry in classpath; D:\Users\jinjb\prometheus\schedule\src\test\java is neither a directory nor an archive (.jar or .zip)
=======
   Compilation completed in 14.86 seconds
Removing invalidated units
Finding entry point classes
Public resources found in...
>>>>>>> a8dda8bdf91e349732a74eb0305057cc3b19c57e
Translatable source found in...
Found 2718 cached/archived units.  Used 2718 / 2718 units from cache.
Compiling...
   Compilation completed in 0.00 seconds
Removing invalidated units
Finding entry point classes
Public resources found in...
<<<<<<< HEAD
   Unexpected entry in classpath; D:\Users\jinjb\prometheus\web\src\test\java is neither a directory nor an archive (.jar or .zip)
   Unexpected entry in classpath; D:\Users\jinjb\prometheus\client\src\test\java is neither a directory nor an archive (.jar or .zip)
   Unexpected entry in classpath; D:\Users\jinjb\prometheus\schedule\src\test\java is neither a directory nor an archive (.jar or .zip)
=======
>>>>>>> a8dda8bdf91e349732a74eb0305057cc3b19c57e
Translatable source found in...
Found 2718 cached/archived units.  Used 2718 / 2718 units from cache.
Compiling...
   Compilation completed in 0.00 seconds
Removing invalidated units
Finding entry point classes
Public resources found in...
<<<<<<< HEAD
   Unexpected entry in classpath; D:\Users\jinjb\prometheus\web\src\test\java is neither a directory nor an archive (.jar or .zip)
   Unexpected entry in classpath; D:\Users\jinjb\prometheus\client\src\test\java is neither a directory nor an archive (.jar or .zip)
   Unexpected entry in classpath; D:\Users\jinjb\prometheus\schedule\src\test\java is neither a directory nor an archive (.jar or .zip)
Translatable source found in...
Found 0 cached/archived units.  Used 0 / 2718 units from cache.
Compiling...
   20% complete (ETR: 16 seconds)
   20% complete (ETR: 16 seconds)
   20% complete (ETR: 16 seconds)
   30% complete (ETR: 14 seconds)
   40% complete (ETR: 11 seconds)
   50% complete (ETR: 8 seconds)
   60% complete (ETR: 6 seconds)
   70% complete (ETR: 4 seconds)
   80% complete (ETR: 3 seconds)
   90% complete (ETR: 1 seconds)
   100% complete (ETR: 0 seconds)
   Compilation completed in 18.46 seconds
Removing invalidated units
Finding entry point classes
Public resources found in...
   Unexpected entry in classpath; D:\Users\jinjb\prometheus\web\src\test\java is neither a directory nor an archive (.jar or .zip)
   Unexpected entry in classpath; D:\Users\jinjb\prometheus\client\src\test\java is neither a directory nor an archive (.jar or .zip)
   Unexpected entry in classpath; D:\Users\jinjb\prometheus\schedule\src\test\java is neither a directory nor an archive (.jar or .zip)
Translatable source found in...
Found 2718 cached/archived units.  Used 2718 / 2718 units from cache.
Compiling...
   Compilation completed in 0.01 seconds
Removing invalidated units
Finding entry point classes
Public resources found in...
   Unexpected entry in classpath; D:\Users\jinjb\prometheus\web\src\test\java is neither a directory nor an archive (.jar or .zip)
   Unexpected entry in classpath; D:\Users\jinjb\prometheus\client\src\test\java is neither a directory nor an archive (.jar or .zip)
   Unexpected entry in classpath; D:\Users\jinjb\prometheus\schedule\src\test\java is neither a directory nor an archive (.jar or .zip)
Translatable source found in...
Found 2718 cached/archived units.  Used 2718 / 2718 units from cache.
Compiling...
   Compilation completed in 0.02 seconds
Removing invalidated units
Finding entry point classes
Public resources found in...
   Unexpected entry in classpath; D:\Users\jinjb\prometheus\web\src\test\java is neither a directory nor an archive (.jar or .zip)
   Unexpected entry in classpath; D:\Users\jinjb\prometheus\client\src\test\java is neither a directory nor an archive (.jar or .zip)
   Unexpected entry in classpath; D:\Users\jinjb\prometheus\schedule\src\test\java is neither a directory nor an archive (.jar or .zip)
Translatable source found in...
Found 0 cached/archived units.  Used 0 / 2718 units from cache.
Compiling...
   30% complete (ETR: 10 seconds)
   30% complete (ETR: 10 seconds)
   30% complete (ETR: 10 seconds)
   30% complete (ETR: 10 seconds)
=======
Translatable source found in...
Found 0 cached/archived units.  Used 0 / 2718 units from cache.
Compiling...
   30% complete (ETR: 11 seconds)
   30% complete (ETR: 11 seconds)
   30% complete (ETR: 11 seconds)
   30% complete (ETR: 11 seconds)
>>>>>>> a8dda8bdf91e349732a74eb0305057cc3b19c57e
   40% complete (ETR: 9 seconds)
   50% complete (ETR: 7 seconds)
   60% complete (ETR: 5 seconds)
   70% complete (ETR: 3 seconds)
   80% complete (ETR: 2 seconds)
   90% complete (ETR: 1 seconds)
   100% complete (ETR: 0 seconds)
<<<<<<< HEAD
   Compilation completed in 23.49 seconds
Removing invalidated units
Finding entry point classes
Public resources found in...
   Unexpected entry in classpath; D:\Users\jinjb\prometheus\web\src\test\java is neither a directory nor an archive (.jar or .zip)
   Unexpected entry in classpath; D:\Users\jinjb\prometheus\client\src\test\java is neither a directory nor an archive (.jar or .zip)
   Unexpected entry in classpath; D:\Users\jinjb\prometheus\schedule\src\test\java is neither a directory nor an archive (.jar or .zip)
Translatable source found in...
Found 2718 cached/archived units.  Used 2718 / 2718 units from cache.
Compiling...
   Compilation completed in 0.00 seconds
Removing invalidated units
Finding entry point classes
Public resources found in...
   Unexpected entry in classpath; D:\Users\jinjb\prometheus\web\src\test\java is neither a directory nor an archive (.jar or .zip)
   Unexpected entry in classpath; D:\Users\jinjb\prometheus\client\src\test\java is neither a directory nor an archive (.jar or .zip)
   Unexpected entry in classpath; D:\Users\jinjb\prometheus\schedule\src\test\java is neither a directory nor an archive (.jar or .zip)
Translatable source found in...
Found 2718 cached/archived units.  Used 2718 / 2718 units from cache.
Compiling...
   Compilation completed in 0.00 seconds
Removing invalidated units
Finding entry point classes
Public resources found in...
   Unexpected entry in classpath; D:\Users\jinjb\prometheus\web\src\test\java is neither a directory nor an archive (.jar or .zip)
   Unexpected entry in classpath; D:\Users\jinjb\prometheus\client\src\test\java is neither a directory nor an archive (.jar or .zip)
   Unexpected entry in classpath; D:\Users\jinjb\prometheus\schedule\src\test\java is neither a directory nor an archive (.jar or .zip)
Translatable source found in...
Found 0 cached/archived units.  Used 0 / 2718 units from cache.
Compiling...
   20% complete (ETR: 13 seconds)
   20% complete (ETR: 13 seconds)
   20% complete (ETR: 13 seconds)
   30% complete (ETR: 12 seconds)
   40% complete (ETR: 10 seconds)
   50% complete (ETR: 7 seconds)
   60% complete (ETR: 5 seconds)
   70% complete (ETR: 4 seconds)
   80% complete (ETR: 2 seconds)
   90% complete (ETR: 1 seconds)
   100% complete (ETR: 0 seconds)
   Compilation completed in 14.80 seconds
Removing invalidated units
Finding entry point classes
Public resources found in...
   Unexpected entry in classpath; D:\Users\jinjb\prometheus\web\src\test\java is neither a directory nor an archive (.jar or .zip)
   Unexpected entry in classpath; D:\Users\jinjb\prometheus\client\src\test\java is neither a directory nor an archive (.jar or .zip)
   Unexpected entry in classpath; D:\Users\jinjb\prometheus\schedule\src\test\java is neither a directory nor an archive (.jar or .zip)
Translatable source found in...
Found 2718 cached/archived units.  Used 2718 / 2718 units from cache.
Compiling...
   Compilation completed in 0.00 seconds
Removing invalidated units
Finding entry point classes
Public resources found in...
   Unexpected entry in classpath; D:\Users\jinjb\prometheus\web\src\test\java is neither a directory nor an archive (.jar or .zip)
   Unexpected entry in classpath; D:\Users\jinjb\prometheus\client\src\test\java is neither a directory nor an archive (.jar or .zip)
   Unexpected entry in classpath; D:\Users\jinjb\prometheus\schedule\src\test\java is neither a directory nor an archive (.jar or .zip)
Translatable source found in...
Found 2718 cached/archived units.  Used 2718 / 2718 units from cache.
Compiling...
   Compilation completed in 0.00 seconds
Removing invalidated units
Finding entry point classes
Public resources found in...
   Unexpected entry in classpath; D:\Users\jinjb\prometheus\web\src\test\java is neither a directory nor an archive (.jar or .zip)
   Unexpected entry in classpath; D:\Users\jinjb\prometheus\client\src\test\java is neither a directory nor an archive (.jar or .zip)
   Unexpected entry in classpath; D:\Users\jinjb\prometheus\schedule\src\test\java is neither a directory nor an archive (.jar or .zip)
Translatable source found in...
Found 0 cached/archived units.  Used 0 / 2718 units from cache.
Compiling...
   20% complete (ETR: 14 seconds)
   20% complete (ETR: 14 seconds)
   20% complete (ETR: 14 seconds)
   30% complete (ETR: 13 seconds)
   40% complete (ETR: 10 seconds)
   50% complete (ETR: 8 seconds)
   60% complete (ETR: 6 seconds)
   70% complete (ETR: 4 seconds)
   80% complete (ETR: 3 seconds)
   90% complete (ETR: 1 seconds)
   100% complete (ETR: 0 seconds)
   Compilation completed in 16.98 seconds
Removing invalidated units
Finding entry point classes
Public resources found in...
   Unexpected entry in classpath; D:\Users\jinjb\prometheus\web\src\test\java is neither a directory nor an archive (.jar or .zip)
   Unexpected entry in classpath; D:\Users\jinjb\prometheus\client\src\test\java is neither a directory nor an archive (.jar or .zip)
   Unexpected entry in classpath; D:\Users\jinjb\prometheus\schedule\src\test\java is neither a directory nor an archive (.jar or .zip)
Translatable source found in...
Found 2718 cached/archived units.  Used 2718 / 2718 units from cache.
Compiling...
   Compilation completed in 0.00 seconds
Removing invalidated units
Finding entry point classes
Public resources found in...
   Unexpected entry in classpath; D:\Users\jinjb\prometheus\web\src\test\java is neither a directory nor an archive (.jar or .zip)
   Unexpected entry in classpath; D:\Users\jinjb\prometheus\client\src\test\java is neither a directory nor an archive (.jar or .zip)
   Unexpected entry in classpath; D:\Users\jinjb\prometheus\schedule\src\test\java is neither a directory nor an archive (.jar or .zip)
Translatable source found in...
Found 2718 cached/archived units.  Used 2718 / 2718 units from cache.
Compiling...
   Compilation completed in 0.01 seconds
Removing invalidated units
Finding entry point classes
Public resources found in...
   Unexpected entry in classpath; D:\Users\jinjb\prometheus\web\src\test\java is neither a directory nor an archive (.jar or .zip)
   Unexpected entry in classpath; D:\Users\jinjb\prometheus\client\src\test\java is neither a directory nor an archive (.jar or .zip)
   Unexpected entry in classpath; D:\Users\jinjb\prometheus\schedule\src\test\java is neither a directory nor an archive (.jar or .zip)
Translatable source found in...
Found 0 cached/archived units.  Used 0 / 2718 units from cache.
Compiling...
   10% complete (ETR: 29 seconds)
   10% complete (ETR: 28 seconds)
   20% complete (ETR: 23 seconds)
   30% complete (ETR: 21 seconds)
   40% complete (ETR: 17 seconds)
   50% complete (ETR: 12 seconds)
   60% complete (ETR: 9 seconds)
   70% complete (ETR: 6 seconds)
   80% complete (ETR: 4 seconds)
   90% complete (ETR: 2 seconds)
   100% complete (ETR: 0 seconds)
   Compilation completed in 25.47 seconds
Removing invalidated units
Finding entry point classes
Public resources found in...
   Unexpected entry in classpath; D:\Users\jinjb\prometheus\web\src\test\java is neither a directory nor an archive (.jar or .zip)
   Unexpected entry in classpath; D:\Users\jinjb\prometheus\client\src\test\java is neither a directory nor an archive (.jar or .zip)
   Unexpected entry in classpath; D:\Users\jinjb\prometheus\schedule\src\test\java is neither a directory nor an archive (.jar or .zip)
Translatable source found in...
Found 2718 cached/archived units.  Used 2718 / 2718 units from cache.
Compiling...
   Compilation completed in 0.09 seconds
Removing invalidated units
Finding entry point classes
Public resources found in...
   Unexpected entry in classpath; D:\Users\jinjb\prometheus\web\src\test\java is neither a directory nor an archive (.jar or .zip)
   Unexpected entry in classpath; D:\Users\jinjb\prometheus\client\src\test\java is neither a directory nor an archive (.jar or .zip)
   Unexpected entry in classpath; D:\Users\jinjb\prometheus\schedule\src\test\java is neither a directory nor an archive (.jar or .zip)
Translatable source found in...
Found 2718 cached/archived units.  Used 2718 / 2718 units from cache.
Compiling...
   Compilation completed in 0.04 seconds
Removing invalidated units
Finding entry point classes
Public resources found in...
   Unexpected entry in classpath; D:\Users\jinjb\prometheus\web\src\test\java is neither a directory nor an archive (.jar or .zip)
   Unexpected entry in classpath; D:\Users\jinjb\prometheus\client\src\test\java is neither a directory nor an archive (.jar or .zip)
   Unexpected entry in classpath; D:\Users\jinjb\prometheus\schedule\src\test\java is neither a directory nor an archive (.jar or .zip)
Translatable source found in...
Found 0 cached/archived units.  Used 0 / 2718 units from cache.
Compiling...
   20% complete (ETR: 15 seconds)
   20% complete (ETR: 15 seconds)
   20% complete (ETR: 15 seconds)
   30% complete (ETR: 13 seconds)
   40% complete (ETR: 10 seconds)
   50% complete (ETR: 7 seconds)
   60% complete (ETR: 6 seconds)
   70% complete (ETR: 4 seconds)
   80% complete (ETR: 2 seconds)
   90% complete (ETR: 1 seconds)
   100% complete (ETR: 0 seconds)
   Compilation completed in 17.50 seconds
Removing invalidated units
Finding entry point classes
Public resources found in...
   Unexpected entry in classpath; D:\Users\jinjb\prometheus\web\src\test\java is neither a directory nor an archive (.jar or .zip)
   Unexpected entry in classpath; D:\Users\jinjb\prometheus\client\src\test\java is neither a directory nor an archive (.jar or .zip)
   Unexpected entry in classpath; D:\Users\jinjb\prometheus\schedule\src\test\java is neither a directory nor an archive (.jar or .zip)
Translatable source found in...
Found 2718 cached/archived units.  Used 2718 / 2718 units from cache.
Compiling...
   Compilation completed in 0.02 seconds
Removing invalidated units
Finding entry point classes
Public resources found in...
   Unexpected entry in classpath; D:\Users\jinjb\prometheus\web\src\test\java is neither a directory nor an archive (.jar or .zip)
   Unexpected entry in classpath; D:\Users\jinjb\prometheus\client\src\test\java is neither a directory nor an archive (.jar or .zip)
   Unexpected entry in classpath; D:\Users\jinjb\prometheus\schedule\src\test\java is neither a directory nor an archive (.jar or .zip)
Translatable source found in...
Found 2718 cached/archived units.  Used 2718 / 2718 units from cache.
Compiling...
   Compilation completed in 0.01 seconds
Removing invalidated units
Finding entry point classes
Public resources found in...
   Unexpected entry in classpath; D:\Users\jinjb\prometheus\web\src\test\java is neither a directory nor an archive (.jar or .zip)
   Unexpected entry in classpath; D:\Users\jinjb\prometheus\client\src\test\java is neither a directory nor an archive (.jar or .zip)
   Unexpected entry in classpath; D:\Users\jinjb\prometheus\schedule\src\test\java is neither a directory nor an archive (.jar or .zip)
Translatable source found in...
Found 0 cached/archived units.  Used 0 / 2718 units from cache.
Compiling...
   20% complete (ETR: 12 seconds)
   20% complete (ETR: 12 seconds)
   20% complete (ETR: 12 seconds)
   30% complete (ETR: 12 seconds)
   40% complete (ETR: 10 seconds)
   50% complete (ETR: 8 seconds)
   60% complete (ETR: 6 seconds)
   70% complete (ETR: 4 seconds)
   80% complete (ETR: 3 seconds)
   90% complete (ETR: 1 seconds)
   100% complete (ETR: 0 seconds)
   Compilation completed in 89.92 seconds
Removing invalidated units
Finding entry point classes
Public resources found in...
   Unexpected entry in classpath; D:\Users\jinjb\prometheus\web\src\test\java is neither a directory nor an archive (.jar or .zip)
   Unexpected entry in classpath; D:\Users\jinjb\prometheus\client\src\test\java is neither a directory nor an archive (.jar or .zip)
   Unexpected entry in classpath; D:\Users\jinjb\prometheus\schedule\src\test\java is neither a directory nor an archive (.jar or .zip)
Translatable source found in...
Found 2718 cached/archived units.  Used 2718 / 2718 units from cache.
Compiling...
   Compilation completed in 0.00 seconds
Removing invalidated units
Finding entry point classes
Public resources found in...
   Unexpected entry in classpath; D:\Users\jinjb\prometheus\web\src\test\java is neither a directory nor an archive (.jar or .zip)
   Unexpected entry in classpath; D:\Users\jinjb\prometheus\client\src\test\java is neither a directory nor an archive (.jar or .zip)
   Unexpected entry in classpath; D:\Users\jinjb\prometheus\schedule\src\test\java is neither a directory nor an archive (.jar or .zip)
Translatable source found in...
Found 2718 cached/archived units.  Used 2718 / 2718 units from cache.
Compiling...
   Compilation completed in 0.00 seconds
Removing invalidated units
Finding entry point classes
Public resources found in...
   Unexpected entry in classpath; D:\Users\jinjb\prometheus\web\src\test\java is neither a directory nor an archive (.jar or .zip)
   Unexpected entry in classpath; D:\Users\jinjb\prometheus\client\src\test\java is neither a directory nor an archive (.jar or .zip)
   Unexpected entry in classpath; D:\Users\jinjb\prometheus\schedule\src\test\java is neither a directory nor an archive (.jar or .zip)
Translatable source found in...
Found 0 cached/archived units.  Used 0 / 2718 units from cache.
Compiling...
   10% complete (ETR: 37 seconds)
   10% complete (ETR: 37 seconds)
   20% complete (ETR: 25 seconds)
   30% complete (ETR: 17 seconds)
   40% complete (ETR: 12 seconds)
   50% complete (ETR: 9 seconds)
   60% complete (ETR: 7 seconds)
   70% complete (ETR: 5 seconds)
   80% complete (ETR: 3 seconds)
   90% complete (ETR: 1 seconds)
   100% complete (ETR: 0 seconds)
   Compilation completed in 20.75 seconds
Removing invalidated units
Finding entry point classes
Public resources found in...
   Unexpected entry in classpath; D:\Users\jinjb\prometheus\web\src\test\java is neither a directory nor an archive (.jar or .zip)
   Unexpected entry in classpath; D:\Users\jinjb\prometheus\client\src\test\java is neither a directory nor an archive (.jar or .zip)
   Unexpected entry in classpath; D:\Users\jinjb\prometheus\schedule\src\test\java is neither a directory nor an archive (.jar or .zip)
=======
   Compilation completed in 25.98 seconds
Removing invalidated units
Finding entry point classes
Public resources found in...
>>>>>>> a8dda8bdf91e349732a74eb0305057cc3b19c57e
Translatable source found in...
Found 2718 cached/archived units.  Used 2718 / 2718 units from cache.
Compiling...
   Compilation completed in 0.00 seconds
Removing invalidated units
Finding entry point classes
Public resources found in...
<<<<<<< HEAD
   Unexpected entry in classpath; D:\Users\jinjb\prometheus\web\src\test\java is neither a directory nor an archive (.jar or .zip)
   Unexpected entry in classpath; D:\Users\jinjb\prometheus\client\src\test\java is neither a directory nor an archive (.jar or .zip)
   Unexpected entry in classpath; D:\Users\jinjb\prometheus\schedule\src\test\java is neither a directory nor an archive (.jar or .zip)
=======
>>>>>>> a8dda8bdf91e349732a74eb0305057cc3b19c57e
Translatable source found in...
Found 2718 cached/archived units.  Used 2718 / 2718 units from cache.
Compiling...
   Compilation completed in 0.00 seconds
Removing invalidated units
Finding entry point classes
